#
# There is insufficient memory for the Java Runtime Environment to continue.
# Native memory allocation (malloc) failed to allocate 1066752 bytes for Chunk::new
# Possible reasons:
#   The system is out of physical RAM or swap space
#   The process is running with CompressedOops enabled, and the Java Heap may be blocking the growth of the native heap
# Possible solutions:
#   Reduce memory load on the system
#   Increase physical memory or swap space
#   Check if swap backing store is full
#   Decrease Java heap size (-Xmx/-Xms)
#   Decrease number of Java threads
#   Decrease Java thread stack sizes (-Xss)
#   Set larger code cache with -XX:ReservedCodeCacheSize=
#   JVM is running with Unscaled Compressed Oops mode in which the Java heap is
#     placed in the first 4GB address space. The Java Heap base address is the
#     maximum limit for the native heap growth. Please use -XX:HeapBaseMinAddress
#     to set the Java Heap base and to place the Java Heap above 4GB virtual address.
# This output file may be truncated or incomplete.
#
#  Out of Memory Error (arena.cpp:189), pid=16676, tid=17928
#
# JRE version: OpenJDK Runtime Environment (17.0.6) (build 17.0.6+0-b2043.56-10027231)
# Java VM: OpenJDK 64-Bit Server VM (17.0.6+0-b2043.56-10027231, mixed mode, tiered, compressed oops, compressed class ptrs, g1 gc, windows-amd64)
# No core dump will be written. Minidumps are not enabled by default on client versions of Windows
#

---------------  S U M M A R Y ------------

Command Line: --add-opens=java.base/java.util=ALL-UNNAMED --add-opens=java.base/java.lang=ALL-UNNAMED --add-opens=java.base/java.lang.invoke=ALL-UNNAMED --add-opens=java.prefs/java.util.prefs=ALL-UNNAMED --add-opens=java.base/java.nio.charset=ALL-UNNAMED --add-opens=java.base/java.net=ALL-UNNAMED --add-opens=java.base/java.util.concurrent.atomic=ALL-UNNAMED -Xmx2048m -Dfile.encoding=UTF-8 -Duser.country=FR -Duser.language=fr -Duser.variant org.gradle.launcher.daemon.bootstrap.GradleDaemon 8.0

Host: Intel(R) Core(TM) i5-8265U CPU @ 1.60GHz, 8 cores, 7G,  Windows 10 , 64 bit Build 19041 (10.0.19041.3393)
Time: Sat Oct 14 11:47:49 2023 Paris, Madrid (heure duild 19041 (10.0.19041.3393) elapsed time: 46.388261 seconds (0d 0h 0m 46s)

---------------  T H R E A D  ---------------

Current thread (0x0000020e962d82b0):  JavaThread "C2 CompilerThread1" daemon [_thread_in_native, id=17928, stack(0x000000560eb00000,0x000000560ec00000)]


Current CompileTask:
C2:  46388 13697       4       java.lang.reflect.Method::invoke (65 bytes)

Stack: [0x000000560eb00000,0x000000560ec00000]
Native frames: (J=compiled Java code, j=interpreted, Vv=VM code, C=native code)
V  [jvm.dll+0x683c9a]
V  [jvm.dll+0x8427a4]
V  [jvm.dll+0x843f9e]
V  [jvm.dll+0x844603]
V  [jvm.dll+0x249b75]
V  [jvm.dll+0xabcac]
V  [jvm.dll+0xac27c]
V  [jvm.dll+0x368857]
V  [jvm.dll+0x332f31]
V  [jvm.dll+0x3323da]
V  [jvm.dll+0x21c201]
V  [jvm.dll+0x21b621]
V  [jvm.dll+0x1a4fdd]
V  [jvm.dll+0x22b098]
V  [jvm.dll+0x229159]
V  [jvm.dll+0x7f81ec]
V  [jvm.dll+0x7f274a]
V  [jvm.dll+0x682ad5]
C  [ucrtbase.dll+0x21bb2]
C  [KERNEL32.DLL+0x17344]
C  [ntdll.dll+0x526b1]


---------------  P R O C E S S  ---------------

Threads class SMR info:
_java_thread_list=0x0000020efed3e1b0, length=153, elements={
0x0000020ef2edb650, 0x0000020efe813260, 0x0000020efdd27f00, 0x0000020efdd5e5a0,
0x0000020efdd60f70, 0x0000020efdd61830, 0x0000020efdd620f0, 0x0000020efdd62ce0,
0x0000020efdd635e0, 0x0000020efe8317d0, 0x0000020efe9c5340, 0x0000020efe9c6020,
0x0000020e8fc845e0, 0x0000020eff258610, 0x0000020e8f92ecb0, 0x0000020e8fc83830,
0x0000020e8fe5f120, 0x0000020e8fd49250, 0x0000020e8fd48d80, 0x0000020e8fd49720,
0x0000020e8fd470a0, 0x0000020e8fd488b0, 0x0000020e8fd4a590, 0x0000020e8fd483e0,
0x0000020e8fd47f10, 0x0000020e8fd46bd0, 0x0000020e8fd49bf0, 0x0000020e8fd4a0c0,
0x0000020e8fd47570, 0x0000020e8fd47a40, 0x0000020e9248c2f0, 0x0000020e92486780,
0x0000020e9248b480, 0x0000020e92488e00, 0x0000020e92486c50, 0x0000020e92484f70,
0x0000020e92488930, 0x0000020e924892d0, 0x0000020e924897a0, 0x0000020e9248aae0,
0x0000020e9248be20, 0x0000020e9248a140, 0x0000020e9248afb0, 0x0000020e9248c7c0,
0x0000020e92485440, 0x0000020e92487ac0, 0x0000020e92485910, 0x0000020e92485de0,
0x0000020e924862b0, 0x0000020e92488460, 0x0000020e939a1f50, 0x0000020e9399e0c0,
0x0000020e9399abd0, 0x0000020e9399ea60, 0x0000020e9399e590, 0x0000020e9399ba40,
0x0000020e939a0270, 0x0000020e939a2420, 0x0000020e9399ef30, 0x0000020e9399c3e0,
0x0000020e9399cd80, 0x0000020e939a0c10, 0x0000020e9399f400, 0x0000020e9399c8b0,
0x0000020e9399f8d0, 0x0000020e9399fda0, 0x0000020e9399b0a0, 0x0000020e9399bf10,
0x0000020e9399d250, 0x0000020e939a0740, 0x0000020e9399d720, 0x0000020e939a10e0,
0x0000020e939a15b0, 0x0000020e9399dbf0, 0x0000020e939a1a80, 0x0000020e9399b570,
0x0000020e9284fa40, 0x0000020e9284e700, 0x0000020e9284ff10, 0x0000020e928503e0,
0x0000020e928508b0, 0x0000020e92850d80, 0x0000020e9284d3c0, 0x0000020e9284f0a0,
0x0000020e92851720, 0x0000020e92851250, 0x0000020e9284c550, 0x0000020e9284d890,
0x0000020e9284dd60, 0x0000020e92851bf0, 0x0000020e928520c0, 0x0000020e92852590,
0x0000020e928538d0, 0x0000020e9284c080, 0x0000020e9284e230, 0x0000020e9284ebd0,
0x0000020e92852a60, 0x0000020e92853400, 0x0000020e9284f570, 0x0000020e92852f30,
0x0000020e9284ca20, 0x0000020e9284cef0, 0x0000020e9652df50, 0x0000020e9652e8f0,
0x0000020e9652e420, 0x0000020e9652d5b0, 0x0000020e9652a0c0, 0x0000020e96530100,
0x0000020e9652fc30, 0x0000020e9652edc0, 0x0000020e96529bf0, 0x0000020e96529720,
0x0000020e96530aa0, 0x0000020e965305d0, 0x0000020e9652b8d0, 0x0000020e9652c740,
0x0000020e9652f290, 0x0000020e9652bda0, 0x0000020e9652d0e0, 0x0000020e96529250,
0x0000020e9652af30, 0x0000020e9652c270, 0x0000020e9652da80, 0x0000020e9652a590,
0x0000020e9652cc10, 0x0000020e9652aa60, 0x0000020e90cf68f0, 0x0000020e90cf9de0,
0x0000020e90cfac50, 0x0000020e90cfb120, 0x0000020e90cf9910, 0x0000020e90cf7290,
0x0000020e90cf7760, 0x0000020e90cf55b0, 0x0000020e90cfb5f0, 0x0000020efebe2e70,
0x0000020efebe3810, 0x0000020efebe41b0, 0x0000020efebe4680, 0x0000020efebe3340,
0x0000020efebe3ce0, 0x0000020e90cfbf90, 0x0000020e90cf8f70, 0x0000020e90cf8100,
0x0000020e962d82b0, 0x0000020e93ce73a0, 0x0000020e93ce6530, 0x0000020e91c3db00,
0x0000020e91c3e970, 0x0000020efebe5820, 0x0000020efebe61c0, 0x0000020e90720210,
0x0000020e94500610
}

Java Threads: ( => current thread )
  0x0000020ef2edb650 JavaThread "main" [_thread_blocked, id=17932, stack(0x0000005604900000,0x0000005604a00000)]
  0x0000020efe813260 JavaThread "Reference Handler" daemon [_thread_blocked, id=1588, stack(0x0000005605000000,0x0000005605100000)]
  0x0000020efdd27f00 JavaThread "Finalizer" daemon [_thread_blocked, id=7584, stack(0x0000005605100000,0x0000005605200000)]
  0x0000020efdd5e5a0 JavaThread "Signal Dispatcher" daemon [_thread_blocked, id=11844, stack(0x0000005605200000,0x0000005605300000)]
  0x0000020efdd60f70 JavaThread "Attach Listener" daemon [_thread_blocked, id=8672, stack(0x0000005605300000,0x0000005605400000)]
  0x0000020efdd61830 JavaThread "Service Thread" daemon [_thread_blocked, id=17764, stack(0x0000005605400000,0x0000005605500000)]
  0x0000020efdd620f0 JavaThread "Monitor Deflation Thread" daemon [_thread_blocked, id=4724, stack(0x0000005605500000,0x0000005605600000)]
  0x0000020efdd62ce0 JavaThread "C2 CompilerThread0" daemon [_thread_in_native, id=11176, stack(0x0000005605600000,0x0000005605700000)]
  0x0000020efdd635e0 JavaThread "C1 CompilerThread0" daemon [_thread_in_vm, id=12620, stack(0x0000005605700000,0x0000005605800000)]
  0x0000020efe8317d0 JavaThread "Sweeper thread" daemon [_thread_blocked, id=17176, stack(0x0000005605800000,0x0000005605900000)]
  0x0000020efe9c5340 JavaThread "Common-Cleaner" daemon [_thread_blocked, id=4480, stack(0x0000005605900000,0x0000005605a00000)]
  0x0000020efe9c6020 JavaThread "Notification Thread" daemon [_thread_blocked, id=14188, stack(0x0000005605a00000,0x0000005605b00000)]
  0x0000020e8fc845e0 JavaThread "Daemon health stats" [_thread_blocked, id=2352, stack(0x0000005606000000,0x0000005606100000)]
  0x0000020eff258610 JavaThread "Incoming local TCP Connector on port 55521" [_thread_in_native, id=2472, stack(0x0000005606100000,0x0000005606200000)]
  0x0000020e8f92ecb0 JavaThread "Daemon periodic checks" [_thread_blocked, id=18212, stack(0x0000005606200000,0x0000005606300000)]
  0x0000020e8fc83830 JavaThread "Daemon" [_thread_blocked, id=16368, stack(0x0000005606300000,0x0000005606400000)]
  0x0000020e8fe5f120 JavaThread "Handler for socket connection from /127.0.0.1:55521 to /127.0.0.1:55524" [_thread_in_native, id=9760, stack(0x0000005606400000,0x0000005606500000)]
  0x0000020e8fd49250 JavaThread "Cancel handler" [_thread_blocked, id=1008, stack(0x0000005606500000,0x0000005606600000)]
  0x0000020e8fd48d80 JavaThread "Daemon worker" [_thread_blocked, id=12656, stack(0x0000005606600000,0x0000005606700000)]
  0x0000020e8fd49720 JavaThread "Asynchronous log dispatcher for DefaultDaemonConnection: socket connection from /127.0.0.1:55521 to /127.0.0.1:55524" [_thread_blocked, id=8788, stack(0x0000005606700000,0x0000005606800000)]
  0x0000020e8fd470a0 JavaThread "Stdin handler" [_thread_blocked, id=3432, stack(0x0000005606800000,0x0000005606900000)]
  0x0000020e8fd488b0 JavaThread "Daemon client event forwarder" [_thread_blocked, id=12396, stack(0x0000005606900000,0x0000005606a00000)]
  0x0000020e8fd4a590 JavaThread "Cache worker for journal cache (C:\Users\DELL\.gradle\caches\journal-1)" [_thread_blocked, id=5208, stack(0x0000005606e00000,0x0000005606f00000)]
  0x0000020e8fd483e0 JavaThread "File lock request listener" [_thread_in_native, id=17272, stack(0x0000005606f00000,0x0000005607000000)]
  0x0000020e8fd47f10 JavaThread "Cache worker for file hash cache (C:\Users\DELL\.gradle\caches\8.0\fileHashes)" [_thread_blocked, id=15748, stack(0x0000005607000000,0x0000005607100000)]
  0x0000020e8fd46bd0 JavaThread "File watcher server" daemon [_thread_in_native, id=1292, stack(0x0000005607100000,0x0000005607200000)]
  0x0000020e8fd49bf0 JavaThread "File watcher consumer" daemon [_thread_blocked, id=15892, stack(0x0000005607200000,0x0000005607300000)]
  0x0000020e8fd4a0c0 JavaThread "Cache worker for checksums cache (D:\MyApplication\.gradle\8.0\checksums)" [_thread_blocked, id=8876, stack(0x0000005607400000,0x0000005607500000)]
  0x0000020e8fd47570 JavaThread "Cache worker for cache directory md-rule (C:\Users\DELL\.gradle\caches\8.0\md-rule)" [_thread_blocked, id=15308, stack(0x0000005607500000,0x0000005607600000)]
  0x0000020e8fd47a40 JavaThread "Cache worker for file content cache (C:\Users\DELL\.gradle\caches\8.0\fileContent)" [_thread_blocked, id=13528, stack(0x0000005607600000,0x0000005607700000)]
  0x0000020e9248c2f0 JavaThread "Cache worker for file hash cache (D:\MyApplication\.gradle\8.0\fileHashes)" [_thread_blocked, id=14088, stack(0x0000005607700000,0x0000005607800000)]
  0x0000020e92486780 JavaThread "Cache worker for cache directory md-supplier (C:\Users\DELL\.gradle\caches\8.0\md-supplier)" [_thread_blocked, id=1056, stack(0x0000005607800000,0x0000005607900000)]
  0x0000020e9248b480 JavaThread "Cache worker for execution history cache (C:\Users\DELL\.gradle\caches\8.0\executionHistory)" [_thread_blocked, id=5948, stack(0x0000005607900000,0x0000005607a00000)]
  0x0000020e92488e00 JavaThread "jar transforms" [_thread_blocked, id=16236, stack(0x0000005607a00000,0x0000005607b00000)]
  0x0000020e92486c50 JavaThread "jar transforms Thread 2" [_thread_blocked, id=15720, stack(0x0000005607b00000,0x0000005607c00000)]
  0x0000020e92484f70 JavaThread "Cache worker for kotlin-dsl (C:\Users\DELL\.gradle\caches\8.0\kotlin-dsl)" [_thread_blocked, id=17736, stack(0x0000005607c00000,0x0000005607d00000)]
  0x0000020e92488930 JavaThread "jar transforms Thread 3" [_thread_blocked, id=8440, stack(0x0000005607d00000,0x0000005607e00000)]
  0x0000020e924892d0 JavaThread "jar transforms Thread 4" [_thread_blocked, id=17896, stack(0x0000005607e00000,0x0000005607f00000)]
  0x0000020e924897a0 JavaThread "Cache worker for dependencies-accessors (D:\MyApplication\.gradle\8.0\dependencies-accessors)" [_thread_blocked, id=15460, stack(0x0000005607f00000,0x0000005608000000)]
  0x0000020e9248aae0 JavaThread "Cache worker for Build Output Cleanup Cache (D:\MyApplication\.gradle\buildOutputCleanup)" [_thread_blocked, id=18192, stack(0x0000005608000000,0x0000005608100000)]
  0x0000020e9248be20 JavaThread "jar transforms Thread 5" [_thread_blocked, id=6372, stack(0x0000005608100000,0x0000005608200000)]
  0x0000020e9248a140 JavaThread "Unconstrained build operations" [_thread_blocked, id=18428, stack(0x0000005608200000,0x0000005608300000)]
  0x0000020e9248afb0 JavaThread "Unconstrained build operations Thread 2" [_thread_blocked, id=3136, stack(0x0000005608300000,0x0000005608400000)]
  0x0000020e9248c7c0 JavaThread "Unconstrained build operations Thread 3" [_thread_blocked, id=1204, stack(0x0000005608400000,0x0000005608500000)]
  0x0000020e92485440 JavaThread "Unconstrained build operations Thread 4" [_thread_blocked, id=18164, stack(0x0000005608500000,0x0000005608600000)]
  0x0000020e92487ac0 JavaThread "Unconstrained build operations Thread 5" [_thread_blocked, id=13412, stack(0x0000005608600000,0x0000005608700000)]
  0x0000020e92485910 JavaThread "Unconstrained build operations Thread 6" [_thread_blocked, id=1660, stack(0x0000005608700000,0x0000005608800000)]
  0x0000020e92485de0 JavaThread "Unconstrained build operations Thread 7" [_thread_blocked, id=10392, stack(0x0000005608800000,0x0000005608900000)]
  0x0000020e924862b0 JavaThread "Unconstrained build operations Thread 8" [_thread_blocked, id=12492, stack(0x0000005608900000,0x0000005608a00000)]
  0x0000020e92488460 JavaThread "Unconstrained build operations Thread 9" [_thread_blocked, id=8900, stack(0x0000005608a00000,0x0000005608b00000)]
  0x0000020e939a1f50 JavaThread "Unconstrained build operations Thread 10" [_thread_blocked, id=7860, stack(0x0000005608b00000,0x0000005608c00000)]
  0x0000020e9399e0c0 JavaThread "Unconstrained build operations Thread 11" [_thread_blocked, id=9136, stack(0x0000005608c00000,0x0000005608d00000)]
  0x0000020e9399abd0 JavaThread "Unconstrained build operations Thread 12" [_thread_blocked, id=14300, stack(0x0000005608d00000,0x0000005608e00000)]
  0x0000020e9399ea60 JavaThread "Unconstrained build operations Thread 13" [_thread_blocked, id=4204, stack(0x0000005608e00000,0x0000005608f00000)]
  0x0000020e9399e590 JavaThread "Unconstrained build operations Thread 14" [_thread_blocked, id=8924, stack(0x0000005608f00000,0x0000005609000000)]
  0x0000020e9399ba40 JavaThread "Unconstrained build operations Thread 15" [_thread_blocked, id=9568, stack(0x0000005609000000,0x0000005609100000)]
  0x0000020e939a0270 JavaThread "Unconstrained build operations Thread 16" [_thread_blocked, id=12188, stack(0x0000005609100000,0x0000005609200000)]
  0x0000020e939a2420 JavaThread "Unconstrained build operations Thread 17" [_thread_blocked, id=11468, stack(0x0000005609200000,0x0000005609300000)]
  0x0000020e9399ef30 JavaThread "Unconstrained build operations Thread 18" [_thread_blocked, id=3360, stack(0x0000005609300000,0x0000005609400000)]
  0x0000020e9399c3e0 JavaThread "Unconstrained build operations Thread 19" [_thread_blocked, id=14776, stack(0x0000005609400000,0x0000005609500000)]
  0x0000020e9399cd80 JavaThread "Unconstrained build operations Thread 20" [_thread_blocked, id=14236, stack(0x0000005609500000,0x0000005609600000)]
  0x0000020e939a0c10 JavaThread "Unconstrained build operations Thread 21" [_thread_blocked, id=3784, stack(0x0000005609600000,0x0000005609700000)]
  0x0000020e9399f400 JavaThread "Unconstrained build operations Thread 22" [_thread_blocked, id=8520, stack(0x0000005609700000,0x0000005609800000)]
  0x0000020e9399c8b0 JavaThread "Unconstrained build operations Thread 23" [_thread_blocked, id=2808, stack(0x0000005609800000,0x0000005609900000)]
  0x0000020e9399f8d0 JavaThread "Unconstrained build operations Thread 24" [_thread_blocked, id=8728, stack(0x0000005609900000,0x0000005609a00000)]
  0x0000020e9399fda0 JavaThread "Unconstrained build operations Thread 25" [_thread_blocked, id=15716, stack(0x0000005609a00000,0x0000005609b00000)]
  0x0000020e9399b0a0 JavaThread "Unconstrained build operations Thread 26" [_thread_blocked, id=11188, stack(0x0000005609b00000,0x0000005609c00000)]
  0x0000020e9399bf10 JavaThread "Unconstrained build operations Thread 27" [_thread_blocked, id=17636, stack(0x0000005609c00000,0x0000005609d00000)]
  0x0000020e9399d250 JavaThread "Unconstrained build operations Thread 28" [_thread_blocked, id=18416, stack(0x0000005609d00000,0x0000005609e00000)]
  0x0000020e939a0740 JavaThread "Unconstrained build operations Thread 29" [_thread_blocked, id=7652, stack(0x0000005609e00000,0x0000005609f00000)]
  0x0000020e9399d720 JavaThread "Unconstrained build operations Thread 30" [_thread_blocked, id=8452, stack(0x0000005609f00000,0x000000560a000000)]
  0x0000020e939a10e0 JavaThread "Unconstrained build operations Thread 31" [_thread_blocked, id=11948, stack(0x000000560a000000,0x000000560a100000)]
  0x0000020e939a15b0 JavaThread "Unconstrained build operations Thread 32" [_thread_blocked, id=13712, stack(0x000000560a100000,0x000000560a200000)]
  0x0000020e9399dbf0 JavaThread "Unconstrained build operations Thread 33" [_thread_blocked, id=17564, stack(0x000000560a200000,0x000000560a300000)]
  0x0000020e939a1a80 JavaThread "Unconstrained build operations Thread 34" [_thread_blocked, id=9960, stack(0x000000560a300000,0x000000560a400000)]
  0x0000020e9399b570 JavaThread "Unconstrained build operations Thread 35" [_thread_blocked, id=6576, stack(0x000000560a400000,0x000000560a500000)]
  0x0000020e9284fa40 JavaThread "Unconstrained build operations Thread 36" [_thread_blocked, id=2320, stack(0x000000560a500000,0x000000560a600000)]
  0x0000020e9284e700 JavaThread "Unconstrained build operations Thread 37" [_thread_blocked, id=17712, stack(0x000000560a600000,0x000000560a700000)]
  0x0000020e9284ff10 JavaThread "Unconstrained build operations Thread 38" [_thread_blocked, id=3900, stack(0x000000560a700000,0x000000560a800000)]
  0x0000020e928503e0 JavaThread "Unconstrained build operations Thread 39" [_thread_blocked, id=3336, stack(0x000000560a800000,0x000000560a900000)]
  0x0000020e928508b0 JavaThread "Unconstrained build operations Thread 40" [_thread_blocked, id=12932, stack(0x000000560a900000,0x000000560aa00000)]
  0x0000020e92850d80 JavaThread "Unconstrained build operations Thread 41" [_thread_blocked, id=6592, stack(0x000000560aa00000,0x000000560ab00000)]
  0x0000020e9284d3c0 JavaThread "Unconstrained build operations Thread 42" [_thread_blocked, id=12392, stack(0x000000560ab00000,0x000000560ac00000)]
  0x0000020e9284f0a0 JavaThread "Unconstrained build operations Thread 43" [_thread_blocked, id=17792, stack(0x000000560ac00000,0x000000560ad00000)]
  0x0000020e92851720 JavaThread "Unconstrained build operations Thread 44" [_thread_blocked, id=13232, stack(0x000000560ad00000,0x000000560ae00000)]
  0x0000020e92851250 JavaThread "Unconstrained build operations Thread 45" [_thread_blocked, id=12320, stack(0x000000560ae00000,0x000000560af00000)]
  0x0000020e9284c550 JavaThread "Unconstrained build operations Thread 46" [_thread_blocked, id=1764, stack(0x000000560af00000,0x000000560b000000)]
  0x0000020e9284d890 JavaThread "Unconstrained build operations Thread 47" [_thread_blocked, id=11900, stack(0x000000560b000000,0x000000560b100000)]
  0x0000020e9284dd60 JavaThread "Unconstrained build operations Thread 48" [_thread_blocked, id=8372, stack(0x000000560b100000,0x000000560b200000)]
  0x0000020e92851bf0 JavaThread "Unconstrained build operations Thread 49" [_thread_blocked, id=16064, stack(0x000000560b200000,0x000000560b300000)]
  0x0000020e928520c0 JavaThread "Unconstrained build operations Thread 50" [_thread_blocked, id=10284, stack(0x000000560b300000,0x000000560b400000)]
  0x0000020e92852590 JavaThread "Unconstrained build operations Thread 51" [_thread_blocked, id=14856, stack(0x000000560b400000,0x000000560b500000)]
  0x0000020e928538d0 JavaThread "Unconstrained build operations Thread 52" [_thread_blocked, id=8664, stack(0x000000560b500000,0x000000560b600000)]
  0x0000020e9284c080 JavaThread "Unconstrained build operations Thread 53" [_thread_blocked, id=17652, stack(0x000000560b600000,0x000000560b700000)]
  0x0000020e9284e230 JavaThread "Unconstrained build operations Thread 54" [_thread_blocked, id=13400, stack(0x000000560b700000,0x000000560b800000)]
  0x0000020e9284ebd0 JavaThread "Unconstrained build operations Thread 55" [_thread_blocked, id=12736, stack(0x000000560b800000,0x000000560b900000)]
  0x0000020e92852a60 JavaThread "Unconstrained build operations Thread 56" [_thread_blocked, id=11952, stack(0x000000560b900000,0x000000560ba00000)]
  0x0000020e92853400 JavaThread "Unconstrained build operations Thread 57" [_thread_blocked, id=1468, stack(0x000000560ba00000,0x000000560bb00000)]
  0x0000020e9284f570 JavaThread "Unconstrained build operations Thread 58" [_thread_blocked, id=13476, stack(0x000000560bb00000,0x000000560bc00000)]
  0x0000020e92852f30 JavaThread "Unconstrained build operations Thread 59" [_thread_blocked, id=5448, stack(0x000000560bc00000,0x000000560bd00000)]
  0x0000020e9284ca20 JavaThread "Unconstrained build operations Thread 60" [_thread_blocked, id=6852, stack(0x000000560bd00000,0x000000560be00000)]
  0x0000020e9284cef0 JavaThread "Unconstrained build operations Thread 61" [_thread_blocked, id=11980, stack(0x000000560be00000,0x000000560bf00000)]
  0x0000020e9652df50 JavaThread "Unconstrained build operations Thread 62" [_thread_blocked, id=10056, stack(0x000000560bf00000,0x000000560c000000)]
  0x0000020e9652e8f0 JavaThread "Unconstrained build operations Thread 63" [_thread_blocked, id=17644, stack(0x000000560c000000,0x000000560c100000)]
  0x0000020e9652e420 JavaThread "Unconstrained build operations Thread 64" [_thread_blocked, id=14724, stack(0x000000560c100000,0x000000560c200000)]
  0x0000020e9652d5b0 JavaThread "Unconstrained build operations Thread 65" [_thread_blocked, id=2172, stack(0x000000560c200000,0x000000560c300000)]
  0x0000020e9652a0c0 JavaThread "Unconstrained build operations Thread 66" [_thread_blocked, id=3812, stack(0x000000560c300000,0x000000560c400000)]
  0x0000020e96530100 JavaThread "Unconstrained build operations Thread 67" [_thread_blocked, id=4736, stack(0x000000560c400000,0x000000560c500000)]
  0x0000020e9652fc30 JavaThread "Unconstrained build operations Thread 68" [_thread_blocked, id=13316, stack(0x000000560c500000,0x000000560c600000)]
  0x0000020e9652edc0 JavaThread "Unconstrained build operations Thread 69" [_thread_blocked, id=14580, stack(0x000000560c600000,0x000000560c700000)]
  0x0000020e96529bf0 JavaThread "Unconstrained build operations Thread 70" [_thread_blocked, id=9500, stack(0x000000560c700000,0x000000560c800000)]
  0x0000020e96529720 JavaThread "Unconstrained build operations Thread 71" [_thread_blocked, id=16216, stack(0x000000560c800000,0x000000560c900000)]
  0x0000020e96530aa0 JavaThread "Unconstrained build operations Thread 72" [_thread_blocked, id=12328, stack(0x000000560c900000,0x000000560ca00000)]
  0x0000020e965305d0 JavaThread "Unconstrained build operations Thread 73" [_thread_blocked, id=18424, stack(0x000000560ca00000,0x000000560cb00000)]
  0x0000020e9652b8d0 JavaThread "Unconstrained build operations Thread 74" [_thread_blocked, id=1532, stack(0x000000560cb00000,0x000000560cc00000)]
  0x0000020e9652c740 JavaThread "Unconstrained build operations Thread 75" [_thread_blocked, id=17040, stack(0x000000560cc00000,0x000000560cd00000)]
  0x0000020e9652f290 JavaThread "Unconstrained build operations Thread 76" [_thread_blocked, id=6352, stack(0x000000560cd00000,0x000000560ce00000)]
  0x0000020e9652bda0 JavaThread "Unconstrained build operations Thread 77" [_thread_blocked, id=2000, stack(0x000000560ce00000,0x000000560cf00000)]
  0x0000020e9652d0e0 JavaThread "Unconstrained build operations Thread 78" [_thread_blocked, id=9728, stack(0x000000560cf00000,0x000000560d000000)]
  0x0000020e96529250 JavaThread "Unconstrained build operations Thread 79" [_thread_blocked, id=17200, stack(0x000000560d000000,0x000000560d100000)]
  0x0000020e9652af30 JavaThread "Unconstrained build operations Thread 80" [_thread_blocked, id=13628, stack(0x000000560d100000,0x000000560d200000)]
  0x0000020e9652c270 JavaThread "jar transforms Thread 6" [_thread_blocked, id=17860, stack(0x000000560d200000,0x000000560d300000)]
  0x0000020e9652da80 JavaThread "jar transforms Thread 7" [_thread_blocked, id=16128, stack(0x000000560d300000,0x000000560d400000)]
  0x0000020e9652a590 JavaThread "jar transforms Thread 8" [_thread_blocked, id=16788, stack(0x000000560d400000,0x000000560d500000)]
  0x0000020e9652cc10 JavaThread "build event listener" [_thread_blocked, id=11412, stack(0x000000560d500000,0x000000560d600000)]
  0x0000020e9652aa60 JavaThread "Memory manager" [_thread_blocked, id=17632, stack(0x000000560d600000,0x000000560d700000)]
  0x0000020e90cf68f0 JavaThread "included builds" [_thread_blocked, id=9756, stack(0x000000560d700000,0x000000560d800000)]
  0x0000020e90cf9de0 JavaThread "Execution worker" [_thread_blocked, id=17628, stack(0x000000560d800000,0x000000560d900000)]
  0x0000020e90cfac50 JavaThread "Execution worker Thread 2" [_thread_blocked, id=8984, stack(0x000000560d900000,0x000000560da00000)]
  0x0000020e90cfb120 JavaThread "Execution worker Thread 3" [_thread_in_Java, id=6900, stack(0x000000560da00000,0x000000560db00000)]
  0x0000020e90cf9910 JavaThread "Execution worker Thread 4" [_thread_blocked, id=10820, stack(0x000000560db00000,0x000000560dc00000)]
  0x0000020e90cf7290 JavaThread "Execution worker Thread 5" [_thread_blocked, id=9280, stack(0x000000560dc00000,0x000000560dd00000)]
  0x0000020e90cf7760 JavaThread "Execution worker Thread 6" [_thread_blocked, id=1120, stack(0x000000560dd00000,0x000000560de00000)]
  0x0000020e90cf55b0 JavaThread "Execution worker Thread 7" [_thread_blocked, id=11616, stack(0x000000560de00000,0x000000560df00000)]
  0x0000020e90cfb5f0 JavaThread "Cache worker for execution history cache (D:\MyApplication\.gradle\8.0\executionHistory)" [_thread_blocked, id=11204, stack(0x000000560df00000,0x000000560e000000)]
  0x0000020efebe2e70 JavaThread "Cache worker for Java compile cache (C:\Users\DELL\.gradle\caches\8.0\javaCompile)" [_thread_blocked, id=3080, stack(0x000000560e000000,0x000000560e100000)]
  0x0000020efebe3810 JavaThread "Build operations" [_thread_blocked, id=15508, stack(0x000000560e100000,0x000000560e200000)]
  0x0000020efebe41b0 JavaThread "Build operations Thread 2" [_thread_blocked, id=1628, stack(0x000000560e200000,0x000000560e300000)]
  0x0000020efebe4680 JavaThread "Build operations Thread 3" [_thread_blocked, id=14464, stack(0x000000560e300000,0x000000560e400000)]
  0x0000020efebe3340 JavaThread "Build operations Thread 4" [_thread_blocked, id=9636, stack(0x000000560e400000,0x000000560e500000)]
  0x0000020efebe3ce0 JavaThread "Build operations Thread 5" [_thread_blocked, id=17676, stack(0x000000560e500000,0x000000560e600000)]
  0x0000020e90cfbf90 JavaThread "Build operations Thread 6" [_thread_blocked, id=10064, stack(0x000000560e600000,0x000000560e700000)]
  0x0000020e90cf8f70 JavaThread "Build operations Thread 7" [_thread_blocked, id=12844, stack(0x000000560e700000,0x000000560e800000)]
  0x0000020e90cf8100 JavaThread "Build operations Thread 8" [_thread_blocked, id=3724, stack(0x000000560e800000,0x000000560e900000)]
=>0x0000020e962d82b0 JavaThread "C2 CompilerThread1" daemon [_thread_in_native, id=17928, stack(0x000000560eb00000,0x000000560ec00000)]
  0x0000020e93ce73a0 JavaThread "WorkerExecutor Queue" [_thread_blocked, id=1076, stack(0x000000560ec00000,0x000000560ed00000)]
  0x0000020e93ce6530 JavaThread "WorkerExecutor Queue Thread 2" [_thread_blocked, id=15972, stack(0x000000560ed00000,0x000000560ee00000)]
  0x0000020e91c3db00 JavaThread "WorkerExecutor Queue Thread 3" [_thread_blocked, id=13048, stack(0x000000560ee00000,0x000000560ef00000)]
  0x0000020e91c3e970 JavaThread "WorkerExecutor Queue Thread 4" [_thread_blocked, id=2840, stack(0x000000560ef00000,0x000000560f000000)]
  0x0000020efebe5820 JavaThread "WorkerExecutor Queue Thread 5" [_thread_blocked, id=2208, stack(0x000000560f000000,0x000000560f100000)]
  0x0000020efebe61c0 JavaThread "WorkerExecutor Queue Thread 6" [_thread_blocked, id=6800, stack(0x000000560f100000,0x000000560f200000)]
  0x0000020e90720210 JavaThread "WorkerExecutor Queue Thread 7" [_thread_blocked, id=17684, stack(0x000000560f200000,0x000000560f300000)]
  0x0000020e94500610 JavaThread "WorkerExecutor Queue Thread 8" [_thread_blocked, id=18236, stack(0x000000560f300000,0x000000560f400000)]

Other Threads:
  0x0000020efdd52170 VMThread "VM Thread" [stack: 0x0000005604f00000,0x0000005605000000] [id=17300]
  0x0000020ef2f58f70 WatcherThread [stack: 0x0000005605b00000,0x0000005605c00000] [id=17908]
  0x0000020ef2f3b7a0 GCTaskThread "GC Thread#0" [stack: 0x0000005604a00000,0x0000005604b00000] [id=3404]
  0x0000020e8f26e530 GCTaskThread "GC Thread#1" [stack: 0x0000005605c00000,0x0000005605d00000] [id=13384]
  0x0000020efec4e180 GCTaskThread "GC Thread#2" [stack: 0x0000005605d00000,0x0000005605e00000] [id=17620]
  0x0000020eff2ddb30 GCTaskThread "GC Thread#3" [stack: 0x0000005605e00000,0x0000005605f00000] [id=8396]
  0x0000020e8f86c610 GCTaskThread "GC Thread#4" [stack: 0x0000005605f00000,0x0000005606000000] [id=13996]
  0x0000020e90206930 GCTaskThread "GC Thread#5" [stack: 0x0000005606a00000,0x0000005606b00000] [id=13088]
  0x0000020e90206be0 GCTaskThread "GC Thread#6" [stack: 0x0000005606b00000,0x0000005606c00000] [id=12644]
  0x0000020e90206e90 GCTaskThread "GC Thread#7" [stack: 0x0000005606c00000,0x0000005606d00000] [id=1692]
  0x0000020ef2f4cd90 ConcurrentGCThread "G1 Main Marker" [stack: 0x0000005604b00000,0x0000005604c00000] [id=4104]
  0x0000020ef2f4e6c0 ConcurrentGCThread "G1 Conc#0" [stack: 0x0000005604c00000,0x0000005604d00000] [id=2608]
  0x0000020e90220850 ConcurrentGCThread "G1 Conc#1" [stack: 0x0000005606d00000,0x0000005606e00000] [id=14852]
  0x0000020efdba20c0 ConcurrentGCThread "G1 Refine#0" [stack: 0x0000005604d00000,0x0000005604e00000] [id=17852]
  0x0000020ef2fa8f90 ConcurrentGCThread "G1 Service" [stack: 0x0000005604e00000,0x0000005604f00000] [id=5604]

Threads with active compile tasks:
C2 CompilerThread0    46464 13427 %     4       org.gradle.internal.instantiation.generator.AbstractClassGenerator::inspectType @ 107 (560 bytes)
C1 CompilerThread0    46464 13904       3       kotlin.reflect.jvm.internal.impl.name.FqNameUnsafe$1::invoke (9 bytes)
C2 CompilerThread1    46464 13697       4       java.lang.reflect.Method::invoke (65 bytes)

VM state: not at safepoint (normal execution)

VM Mutex/Monitor currently owned by a thread:  ([mutex/lock_event])
[0x0000020ef2ed43c0] CodeCache_lock - owner thread: 0x0000000000000000

Heap address: 0x0000000080000000, size: 2048 MB, Compressed Oops mode: 32-bit

CDS archive(s) not mapped
Compressed class space mapped at: 0x0000000100000000-0x0000000140000000, reserved size: 1073741824
Narrow klass base: 0x0000000000000000, Narrow klass shift: 3, Narrow klass range: 0x140000000

GC Precious Log:
 CPUs: 8 total, 8 available
 Memory: 7934M
 Large Page Support: Disabled
 NUMA Support: Disabled
 Compressed Oops: Enabled (32-bit)
 Heap Region Size: 1M
 Heap Min Capacity: 8M
 Heap Initial Capacity: 124M
 Heap Max Capacity: 2G
 Pre-touch: Disabled
 Parallel Workers: 8
 Concurrent Workers: 2
 Concurrent Refinement Workers: 8
 Periodic GC: Disabled

Heap:
 garbage-first heap   total 189440K, used 142499K [0x0000000080000000, 0x0000000100000000)
  region size 1024K, 40 young (40960K), 1 survivors (1024K)
 Metaspace       used 122086K, committed 122816K, reserved 1155072K
  class space    used 16815K, committed 17152K, reserved 1048576K

Heap Regions: E=young(eden), S=young(survivor), O=old, HS=humongous(starts), HC=humongous(continues), CS=collection set, F=free, OA=open archive, CA=closed archive, TAMS=top-at-mark-start (previous, next)
|   0|0x0000000080000000, 0x0000000080100000, 0x0000000080100000|100%|HS|  |TAMS 0x0000000080100000, 0x0000000080000000| Complete 
|   1|0x0000000080100000, 0x0000000080200000, 0x0000000080200000|100%|HC|  |TAMS 0x0000000080200000, 0x0000000080100000| Complete 
|   2|0x0000000080200000, 0x0000000080300000, 0x0000000080300000|100%|HC|  |TAMS 0x0000000080300000, 0x0000000080200000| Complete 
|   3|0x0000000080300000, 0x0000000080400000, 0x0000000080400000|100%|HC|  |TAMS 0x0000000080400000, 0x0000000080300000| Complete 
|   4|0x0000000080400000, 0x0000000080500000, 0x0000000080500000|100%| O|  |TAMS 0x0000000080500000, 0x0000000080400000| Untracked 
|   5|0x0000000080500000, 0x0000000080600000, 0x0000000080600000|100%| O|  |TAMS 0x0000000080600000, 0x0000000080500000| Untracked 
|   6|0x0000000080600000, 0x0000000080700000, 0x0000000080700000|100%| O|  |TAMS 0x0000000080700000, 0x0000000080600000| Untracked 
|   7|0x0000000080700000, 0x0000000080800000, 0x0000000080800000|100%| O|  |TAMS 0x0000000080800000, 0x0000000080700000| Untracked 
|   8|0x0000000080800000, 0x0000000080900000, 0x0000000080900000|100%| O|  |TAMS 0x0000000080900000, 0x0000000080800000| Untracked 
|   9|0x0000000080900000, 0x0000000080a00000, 0x0000000080a00000|100%| O|  |TAMS 0x0000000080a00000, 0x0000000080900000| Untracked 
|  10|0x0000000080a00000, 0x0000000080b00000, 0x0000000080b00000|100%| O|  |TAMS 0x0000000080b00000, 0x0000000080a00000| Untracked 
|  11|0x0000000080b00000, 0x0000000080c00000, 0x0000000080c00000|100%| O|  |TAMS 0x0000000080c00000, 0x0000000080b00000| Untracked 
|  12|0x0000000080c00000, 0x0000000080d00000, 0x0000000080d00000|100%| O|  |TAMS 0x0000000080d00000, 0x0000000080c00000| Untracked 
|  13|0x0000000080d00000, 0x0000000080e00000, 0x0000000080e00000|100%| O|  |TAMS 0x0000000080e00000, 0x0000000080d00000| Untracked 
|  14|0x0000000080e00000, 0x0000000080f00000, 0x0000000080f00000|100%| O|  |TAMS 0x0000000080f00000, 0x0000000080e00000| Untracked 
|  15|0x0000000080f00000, 0x0000000081000000, 0x0000000081000000|100%| O|  |TAMS 0x0000000081000000, 0x0000000080f00000| Untracked 
|  16|0x0000000081000000, 0x0000000081100000, 0x0000000081100000|100%| O|  |TAMS 0x0000000081100000, 0x0000000081000000| Untracked 
|  17|0x0000000081100000, 0x0000000081200000, 0x0000000081200000|100%| O|  |TAMS 0x0000000081200000, 0x0000000081100000| Untracked 
|  18|0x0000000081200000, 0x0000000081300000, 0x0000000081300000|100%| O|  |TAMS 0x0000000081300000, 0x0000000081200000| Untracked 
|  19|0x0000000081300000, 0x0000000081400000, 0x0000000081400000|100%| O|  |TAMS 0x0000000081400000, 0x0000000081300000| Untracked 
|  20|0x0000000081400000, 0x0000000081500000, 0x0000000081500000|100%| O|  |TAMS 0x0000000081500000, 0x0000000081400000| Untracked 
|  21|0x0000000081500000, 0x0000000081600000, 0x0000000081600000|100%| O|  |TAMS 0x0000000081600000, 0x0000000081500000| Untracked 
|  22|0x0000000081600000, 0x0000000081700000, 0x0000000081700000|100%| O|  |TAMS 0x0000000081700000, 0x0000000081600000| Untracked 
|  23|0x0000000081700000, 0x0000000081800000, 0x0000000081800000|100%| O|  |TAMS 0x0000000081800000, 0x0000000081700000| Untracked 
|  24|0x0000000081800000, 0x0000000081900000, 0x0000000081900000|100%| O|  |TAMS 0x0000000081900000, 0x0000000081800000| Untracked 
|  25|0x0000000081900000, 0x0000000081a00000, 0x0000000081a00000|100%| O|  |TAMS 0x0000000081a00000, 0x0000000081900000| Untracked 
|  26|0x0000000081a00000, 0x0000000081b00000, 0x0000000081b00000|100%| O|  |TAMS 0x0000000081b00000, 0x0000000081a00000| Untracked 
|  27|0x0000000081b00000, 0x0000000081c00000, 0x0000000081c00000|100%| O|  |TAMS 0x0000000081c00000, 0x0000000081b00000| Untracked 
|  28|0x0000000081c00000, 0x0000000081d00000, 0x0000000081d00000|100%| O|  |TAMS 0x0000000081d00000, 0x0000000081c00000| Untracked 
|  29|0x0000000081d00000, 0x0000000081e00000, 0x0000000081e00000|100%| O|  |TAMS 0x0000000081e00000, 0x0000000081d00000| Untracked 
|  30|0x0000000081e00000, 0x0000000081f00000, 0x0000000081f00000|100%| O|  |TAMS 0x0000000081f00000, 0x0000000081e00000| Untracked 
|  31|0x0000000081f00000, 0x0000000082000000, 0x0000000082000000|100%| O|  |TAMS 0x0000000082000000, 0x0000000081f00000| Untracked 
|  32|0x0000000082000000, 0x0000000082100000, 0x0000000082100000|100%| O|  |TAMS 0x0000000082100000, 0x0000000082000000| Untracked 
|  33|0x0000000082100000, 0x0000000082200000, 0x0000000082200000|100%| O|  |TAMS 0x0000000082200000, 0x0000000082100000| Untracked 
|  34|0x0000000082200000, 0x0000000082300000, 0x0000000082300000|100%| O|  |TAMS 0x0000000082300000, 0x0000000082200000| Untracked 
|  35|0x0000000082300000, 0x0000000082400000, 0x0000000082400000|100%| O|  |TAMS 0x0000000082400000, 0x0000000082300000| Untracked 
|  36|0x0000000082400000, 0x0000000082500000, 0x0000000082500000|100%| O|  |TAMS 0x0000000082500000, 0x0000000082400000| Untracked 
|  37|0x0000000082500000, 0x0000000082600000, 0x0000000082600000|100%| O|  |TAMS 0x0000000082600000, 0x0000000082500000| Untracked 
|  38|0x0000000082600000, 0x0000000082700000, 0x0000000082700000|100%|HS|  |TAMS 0x0000000082700000, 0x0000000082600000| Complete 
|  39|0x0000000082700000, 0x0000000082800000, 0x0000000082800000|100%|HS|  |TAMS 0x0000000082800000, 0x0000000082700000| Complete 
|  40|0x0000000082800000, 0x0000000082900000, 0x0000000082900000|100%|HS|  |TAMS 0x0000000082900000, 0x0000000082800000| Complete 
|  41|0x0000000082900000, 0x0000000082a00000, 0x0000000082a00000|100%| O|  |TAMS 0x0000000082a00000, 0x0000000082900000| Untracked 
|  42|0x0000000082a00000, 0x0000000082b00000, 0x0000000082b00000|100%| O|  |TAMS 0x0000000082b00000, 0x0000000082a00000| Untracked 
|  43|0x0000000082b00000, 0x0000000082c00000, 0x0000000082c00000|100%| O|  |TAMS 0x0000000082c00000, 0x0000000082b00000| Untracked 
|  44|0x0000000082c00000, 0x0000000082d00000, 0x0000000082d00000|100%| O|  |TAMS 0x0000000082d00000, 0x0000000082c00000| Untracked 
|  45|0x0000000082d00000, 0x0000000082e00000, 0x0000000082e00000|100%| O|  |TAMS 0x0000000082e00000, 0x0000000082d00000| Untracked 
|  46|0x0000000082e00000, 0x0000000082f00000, 0x0000000082f00000|100%| O|  |TAMS 0x0000000082f00000, 0x0000000082e00000| Untracked 
|  47|0x0000000082f00000, 0x0000000083000000, 0x0000000083000000|100%| O|  |TAMS 0x0000000083000000, 0x0000000082f00000| Untracked 
|  48|0x0000000083000000, 0x0000000083100000, 0x0000000083100000|100%| O|  |TAMS 0x0000000083100000, 0x0000000083000000| Untracked 
|  49|0x0000000083100000, 0x0000000083200000, 0x0000000083200000|100%| O|  |TAMS 0x0000000083200000, 0x0000000083100000| Untracked 
|  50|0x0000000083200000, 0x0000000083300000, 0x0000000083300000|100%| O|  |TAMS 0x0000000083300000, 0x0000000083200000| Untracked 
|  51|0x0000000083300000, 0x0000000083400000, 0x0000000083400000|100%| O|  |TAMS 0x0000000083400000, 0x0000000083300000| Untracked 
|  52|0x0000000083400000, 0x0000000083500000, 0x0000000083500000|100%| O|  |TAMS 0x0000000083500000, 0x0000000083400000| Untracked 
|  53|0x0000000083500000, 0x0000000083600000, 0x0000000083600000|100%| O|  |TAMS 0x0000000083600000, 0x0000000083500000| Untracked 
|  54|0x0000000083600000, 0x0000000083700000, 0x0000000083700000|100%| O|  |TAMS 0x0000000083700000, 0x0000000083600000| Untracked 
|  55|0x0000000083700000, 0x0000000083800000, 0x0000000083800000|100%| O|  |TAMS 0x0000000083800000, 0x0000000083700000| Untracked 
|  56|0x0000000083800000, 0x0000000083900000, 0x0000000083900000|100%| O|  |TAMS 0x0000000083900000, 0x0000000083800000| Untracked 
|  57|0x0000000083900000, 0x0000000083a00000, 0x0000000083a00000|100%| O|  |TAMS 0x0000000083a00000, 0x0000000083900000| Untracked 
|  58|0x0000000083a00000, 0x0000000083b00000, 0x0000000083b00000|100%| O|  |TAMS 0x0000000083b00000, 0x0000000083a00000| Untracked 
|  59|0x0000000083b00000, 0x0000000083c00000, 0x0000000083c00000|100%| O|  |TAMS 0x0000000083c00000, 0x0000000083b00000| Untracked 
|  60|0x0000000083c00000, 0x0000000083d00000, 0x0000000083d00000|100%| O|  |TAMS 0x0000000083d00000, 0x0000000083c00000| Untracked 
|  61|0x0000000083d00000, 0x0000000083e00000, 0x0000000083e00000|100%| O|  |TAMS 0x0000000083e00000, 0x0000000083d00000| Untracked 
|  62|0x0000000083e00000, 0x0000000083f00000, 0x0000000083f00000|100%| O|  |TAMS 0x0000000083f00000, 0x0000000083e00000| Untracked 
|  63|0x0000000083f00000, 0x0000000084000000, 0x0000000084000000|100%| O|  |TAMS 0x0000000084000000, 0x0000000083f00000| Untracked 
|  64|0x0000000084000000, 0x0000000084100000, 0x0000000084100000|100%| O|  |TAMS 0x0000000084100000, 0x0000000084000000| Untracked 
|  65|0x0000000084100000, 0x0000000084200000, 0x0000000084200000|100%| O|  |TAMS 0x0000000084200000, 0x0000000084100000| Untracked 
|  66|0x0000000084200000, 0x0000000084300000, 0x0000000084300000|100%| O|  |TAMS 0x0000000084300000, 0x0000000084200000| Untracked 
|  67|0x0000000084300000, 0x0000000084400000, 0x0000000084400000|100%| O|  |TAMS 0x0000000084400000, 0x0000000084300000| Untracked 
|  68|0x0000000084400000, 0x0000000084500000, 0x0000000084500000|100%| O|  |TAMS 0x0000000084500000, 0x0000000084400000| Untracked 
|  69|0x0000000084500000, 0x0000000084600000, 0x0000000084600000|100%| O|  |TAMS 0x0000000084600000, 0x0000000084500000| Untracked 
|  70|0x0000000084600000, 0x0000000084700000, 0x0000000084700000|100%| O|  |TAMS 0x0000000084700000, 0x0000000084600000| Untracked 
|  71|0x0000000084700000, 0x0000000084800000, 0x0000000084800000|100%| O|  |TAMS 0x0000000084800000, 0x0000000084700000| Untracked 
|  72|0x0000000084800000, 0x0000000084900000, 0x0000000084900000|100%| O|  |TAMS 0x0000000084900000, 0x0000000084800000| Untracked 
|  73|0x0000000084900000, 0x0000000084a00000, 0x0000000084a00000|100%| O|  |TAMS 0x0000000084a00000, 0x0000000084900000| Untracked 
|  74|0x0000000084a00000, 0x0000000084b00000, 0x0000000084b00000|100%| O|  |TAMS 0x0000000084b00000, 0x0000000084a00000| Untracked 
|  75|0x0000000084b00000, 0x0000000084c00000, 0x0000000084c00000|100%| O|  |TAMS 0x0000000084c00000, 0x0000000084b00000| Untracked 
|  76|0x0000000084c00000, 0x0000000084d00000, 0x0000000084d00000|100%| O|  |TAMS 0x0000000084d00000, 0x0000000084c00000| Untracked 
|  77|0x0000000084d00000, 0x0000000084e00000, 0x0000000084e00000|100%| O|  |TAMS 0x0000000084e00000, 0x0000000084d00000| Untracked 
|  78|0x0000000084e00000, 0x0000000084f00000, 0x0000000084f00000|100%| O|  |TAMS 0x0000000084f00000, 0x0000000084e00000| Untracked 
|  79|0x0000000084f00000, 0x0000000085000000, 0x0000000085000000|100%| O|  |TAMS 0x0000000085000000, 0x0000000084f00000| Untracked 
|  80|0x0000000085000000, 0x0000000085100000, 0x0000000085100000|100%| O|  |TAMS 0x0000000085100000, 0x0000000085000000| Untracked 
|  81|0x0000000085100000, 0x0000000085200000, 0x0000000085200000|100%| O|  |TAMS 0x0000000085200000, 0x0000000085100000| Untracked 
|  82|0x0000000085200000, 0x0000000085300000, 0x0000000085300000|100%| O|  |TAMS 0x0000000085300000, 0x0000000085200000| Untracked 
|  83|0x0000000085300000, 0x0000000085400000, 0x0000000085400000|100%| O|  |TAMS 0x0000000085400000, 0x0000000085300000| Untracked 
|  84|0x0000000085400000, 0x0000000085500000, 0x0000000085500000|100%| O|  |TAMS 0x0000000085500000, 0x0000000085400000| Untracked 
|  85|0x0000000085500000, 0x0000000085600000, 0x0000000085600000|100%| O|  |TAMS 0x0000000085600000, 0x0000000085500000| Untracked 
|  86|0x0000000085600000, 0x0000000085700000, 0x0000000085700000|100%| O|  |TAMS 0x0000000085700000, 0x0000000085600000| Untracked 
|  87|0x0000000085700000, 0x0000000085800000, 0x0000000085800000|100%| O|  |TAMS 0x0000000085800000, 0x0000000085700000| Untracked 
|  88|0x0000000085800000, 0x0000000085900000, 0x0000000085900000|100%|HS|  |TAMS 0x0000000085900000, 0x0000000085800000| Complete 
|  89|0x0000000085900000, 0x0000000085a00000, 0x0000000085a00000|100%|HC|  |TAMS 0x0000000085a00000, 0x0000000085900000| Complete 
|  90|0x0000000085a00000, 0x0000000085b00000, 0x0000000085b00000|100%| O|  |TAMS 0x0000000085b00000, 0x0000000085a00000| Untracked 
|  91|0x0000000085b00000, 0x0000000085c00000, 0x0000000085c00000|100%| O|  |TAMS 0x0000000085c00000, 0x0000000085b00000| Untracked 
|  92|0x0000000085c00000, 0x0000000085c00000, 0x0000000085d00000|  0%| F|  |TAMS 0x0000000085c00000, 0x0000000085c00000| Untracked 
|  93|0x0000000085d00000, 0x0000000085d00000, 0x0000000085e00000|  0%| F|  |TAMS 0x0000000085d00000, 0x0000000085d00000| Untracked 
|  94|0x0000000085e00000, 0x0000000085e00000, 0x0000000085f00000|  0%| F|  |TAMS 0x0000000085e00000, 0x0000000085e00000| Untracked 
|  95|0x0000000085f00000, 0x0000000086000000, 0x0000000086000000|100%| O|  |TAMS 0x0000000086000000, 0x0000000085f00000| Untracked 
|  96|0x0000000086000000, 0x0000000086100000, 0x0000000086100000|100%| O|  |TAMS 0x0000000086100000, 0x0000000086000000| Untracked 
|  97|0x0000000086100000, 0x0000000086200000, 0x0000000086200000|100%| O|  |TAMS 0x0000000086200000, 0x0000000086100000| Untracked 
|  98|0x0000000086200000, 0x0000000086300000, 0x0000000086300000|100%| O|  |TAMS 0x0000000086300000, 0x0000000086200000| Untracked 
|  99|0x0000000086300000, 0x0000000086300000, 0x0000000086400000|  0%| F|  |TAMS 0x0000000086300000, 0x0000000086300000| Untracked 
| 100|0x0000000086400000, 0x0000000086400000, 0x0000000086500000|  0%| F|  |TAMS 0x0000000086400000, 0x0000000086400000| Untracked 
| 101|0x0000000086500000, 0x0000000086500000, 0x0000000086600000|  0%| F|  |TAMS 0x0000000086500000, 0x0000000086500000| Untracked 
| 102|0x0000000086600000, 0x0000000086600000, 0x0000000086700000|  0%| F|  |TAMS 0x0000000086600000, 0x0000000086600000| Untracked 
| 103|0x0000000086700000, 0x0000000086700000, 0x0000000086800000|  0%| F|  |TAMS 0x0000000086700000, 0x0000000086700000| Untracked 
| 104|0x0000000086800000, 0x0000000086900000, 0x0000000086900000|100%| O|  |TAMS 0x00000000868d7a00, 0x0000000086800000| Untracked 
| 105|0x0000000086900000, 0x0000000086a00000, 0x0000000086a00000|100%| O|  |TAMS 0x0000000086900000, 0x0000000086900000| Untracked 
| 106|0x0000000086a00000, 0x0000000086b00000, 0x0000000086b00000|100%| O|  |TAMS 0x0000000086a00000, 0x0000000086a00000| Untracked 
| 107|0x0000000086b00000, 0x0000000086c00000, 0x0000000086c00000|100%| O|  |TAMS 0x0000000086b00000, 0x0000000086b00000| Untracked 
| 108|0x0000000086c00000, 0x0000000086d00000, 0x0000000086d00000|100%| O|  |TAMS 0x0000000086c00000, 0x0000000086c00000| Untracked 
| 109|0x0000000086d00000, 0x0000000086d9ce00, 0x0000000086e00000| 61%| O|  |TAMS 0x0000000086d00000, 0x0000000086d00000| Untracked 
| 110|0x0000000086e00000, 0x0000000086e00000, 0x0000000086f00000|  0%| F|  |TAMS 0x0000000086e00000, 0x0000000086e00000| Untracked 
| 111|0x0000000086f00000, 0x0000000086f00000, 0x0000000087000000|  0%| F|  |TAMS 0x0000000086f00000, 0x0000000086f00000| Untracked 
| 112|0x0000000087000000, 0x0000000087000000, 0x0000000087100000|  0%| F|  |TAMS 0x0000000087000000, 0x0000000087000000| Untracked 
| 113|0x0000000087100000, 0x0000000087100000, 0x0000000087200000|  0%| F|  |TAMS 0x0000000087100000, 0x0000000087100000| Untracked 
| 114|0x0000000087200000, 0x0000000087200000, 0x0000000087300000|  0%| F|  |TAMS 0x0000000087200000, 0x0000000087200000| Untracked 
| 115|0x0000000087300000, 0x0000000087300000, 0x0000000087400000|  0%| F|  |TAMS 0x0000000087300000, 0x0000000087300000| Untracked 
| 116|0x0000000087400000, 0x0000000087400000, 0x0000000087500000|  0%| F|  |TAMS 0x0000000087400000, 0x0000000087400000| Untracked 
| 117|0x0000000087500000, 0x0000000087500000, 0x0000000087600000|  0%| F|  |TAMS 0x0000000087500000, 0x0000000087500000| Untracked 
| 118|0x0000000087600000, 0x0000000087600000, 0x0000000087700000|  0%| F|  |TAMS 0x0000000087600000, 0x0000000087600000| Untracked 
| 119|0x0000000087700000, 0x0000000087700000, 0x0000000087800000|  0%| F|  |TAMS 0x0000000087700000, 0x0000000087700000| Untracked 
| 120|0x0000000087800000, 0x0000000087800000, 0x0000000087900000|  0%| F|  |TAMS 0x0000000087800000, 0x0000000087800000| Untracked 
| 121|0x0000000087900000, 0x0000000087900000, 0x0000000087a00000|  0%| F|  |TAMS 0x0000000087900000, 0x0000000087900000| Untracked 
| 122|0x0000000087a00000, 0x0000000087a00000, 0x0000000087b00000|  0%| F|  |TAMS 0x0000000087a00000, 0x0000000087a00000| Untracked 
| 123|0x0000000087b00000, 0x0000000087b00000, 0x0000000087c00000|  0%| F|  |TAMS 0x0000000087b00000, 0x0000000087b00000| Untracked 
| 124|0x0000000087c00000, 0x0000000087c00000, 0x0000000087d00000|  0%| F|  |TAMS 0x0000000087c00000, 0x0000000087c00000| Untracked 
| 125|0x0000000087d00000, 0x0000000087d00000, 0x0000000087e00000|  0%| F|  |TAMS 0x0000000087d00000, 0x0000000087d00000| Untracked 
| 126|0x0000000087e00000, 0x0000000087e00000, 0x0000000087f00000|  0%| F|  |TAMS 0x0000000087e00000, 0x0000000087e00000| Untracked 
| 127|0x0000000087f00000, 0x0000000087f00000, 0x0000000088000000|  0%| F|  |TAMS 0x0000000087f00000, 0x0000000087f00000| Untracked 
| 128|0x0000000088000000, 0x0000000088000000, 0x0000000088100000|  0%| F|  |TAMS 0x0000000088000000, 0x0000000088000000| Untracked 
| 129|0x0000000088100000, 0x0000000088100000, 0x0000000088200000|  0%| F|  |TAMS 0x0000000088100000, 0x0000000088100000| Untracked 
| 130|0x0000000088200000, 0x0000000088200000, 0x0000000088300000|  0%| F|  |TAMS 0x0000000088200000, 0x0000000088200000| Untracked 
| 131|0x0000000088300000, 0x0000000088300000, 0x0000000088400000|  0%| F|  |TAMS 0x0000000088300000, 0x0000000088300000| Untracked 
| 132|0x0000000088400000, 0x0000000088400000, 0x0000000088500000|  0%| F|  |TAMS 0x0000000088400000, 0x0000000088400000| Untracked 
| 133|0x0000000088500000, 0x0000000088500000, 0x0000000088600000|  0%| F|  |TAMS 0x0000000088500000, 0x0000000088500000| Untracked 
| 134|0x0000000088600000, 0x0000000088600000, 0x0000000088700000|  0%| F|  |TAMS 0x0000000088600000, 0x0000000088600000| Untracked 
| 135|0x0000000088700000, 0x0000000088700000, 0x0000000088800000|  0%| F|  |TAMS 0x0000000088700000, 0x0000000088700000| Untracked 
| 136|0x0000000088800000, 0x0000000088800000, 0x0000000088900000|  0%| F|  |TAMS 0x0000000088800000, 0x0000000088800000| Untracked 
| 137|0x0000000088900000, 0x0000000088900000, 0x0000000088a00000|  0%| F|  |TAMS 0x0000000088900000, 0x0000000088900000| Untracked 
| 138|0x0000000088a00000, 0x0000000088a00000, 0x0000000088b00000|  0%| F|  |TAMS 0x0000000088a00000, 0x0000000088a00000| Untracked 
| 139|0x0000000088b00000, 0x0000000088b00000, 0x0000000088c00000|  0%| F|  |TAMS 0x0000000088b00000, 0x0000000088b00000| Untracked 
| 140|0x0000000088c00000, 0x0000000088c00000, 0x0000000088d00000|  0%| F|  |TAMS 0x0000000088c00000, 0x0000000088c00000| Untracked 
| 141|0x0000000088d00000, 0x0000000088d00000, 0x0000000088e00000|  0%| F|  |TAMS 0x0000000088d00000, 0x0000000088d00000| Untracked 
| 142|0x0000000088e00000, 0x0000000088e00000, 0x0000000088f00000|  0%| F|  |TAMS 0x0000000088e00000, 0x0000000088e00000| Untracked 
| 143|0x0000000088f00000, 0x0000000088f00000, 0x0000000089000000|  0%| F|  |TAMS 0x0000000088f00000, 0x0000000088f00000| Untracked 
| 144|0x0000000089000000, 0x0000000089000000, 0x0000000089100000|  0%| F|  |TAMS 0x0000000089000000, 0x0000000089000000| Untracked 
| 145|0x0000000089100000, 0x00000000891c4628, 0x0000000089200000| 76%| E|  |TAMS 0x0000000089100000, 0x0000000089100000| Complete 
| 146|0x0000000089200000, 0x0000000089300000, 0x0000000089300000|100%| E|CS|TAMS 0x0000000089200000, 0x0000000089200000| Complete 
| 147|0x0000000089300000, 0x0000000089400000, 0x0000000089400000|100%| E|CS|TAMS 0x0000000089300000, 0x0000000089300000| Complete 
| 148|0x0000000089400000, 0x0000000089500000, 0x0000000089500000|100%| E|CS|TAMS 0x0000000089400000, 0x0000000089400000| Complete 
| 149|0x0000000089500000, 0x0000000089600000, 0x0000000089600000|100%| E|CS|TAMS 0x0000000089500000, 0x0000000089500000| Complete 
| 150|0x0000000089600000, 0x0000000089700000, 0x0000000089700000|100%| E|CS|TAMS 0x0000000089600000, 0x0000000089600000| Complete 
| 151|0x0000000089700000, 0x0000000089800000, 0x0000000089800000|100%| E|CS|TAMS 0x0000000089700000, 0x0000000089700000| Complete 
| 152|0x0000000089800000, 0x0000000089900000, 0x0000000089900000|100%| E|CS|TAMS 0x0000000089800000, 0x0000000089800000| Complete 
| 153|0x0000000089900000, 0x0000000089a00000, 0x0000000089a00000|100%| E|CS|TAMS 0x0000000089900000, 0x0000000089900000| Complete 
| 154|0x0000000089a00000, 0x0000000089b00000, 0x0000000089b00000|100%| E|CS|TAMS 0x0000000089a00000, 0x0000000089a00000| Complete 
| 155|0x0000000089b00000, 0x0000000089bfffc0, 0x0000000089c00000| 99%| E|  |TAMS 0x0000000089b00000, 0x0000000089b00000| Complete 
| 156|0x0000000089c00000, 0x0000000089d00000, 0x0000000089d00000|100%| E|CS|TAMS 0x0000000089c00000, 0x0000000089c00000| Complete 
| 157|0x0000000089d00000, 0x0000000089e00000, 0x0000000089e00000|100%| E|CS|TAMS 0x0000000089d00000, 0x0000000089d00000| Complete 
| 158|0x0000000089e00000, 0x0000000089f00000, 0x0000000089f00000|100%| E|CS|TAMS 0x0000000089e00000, 0x0000000089e00000| Complete 
| 159|0x0000000089f00000, 0x000000008a000000, 0x000000008a000000|100%| E|CS|TAMS 0x0000000089f00000, 0x0000000089f00000| Complete 
| 160|0x000000008a000000, 0x000000008a100000, 0x000000008a100000|100%| E|CS|TAMS 0x000000008a000000, 0x000000008a000000| Complete 
| 161|0x000000008a100000, 0x000000008a200000, 0x000000008a200000|100%| E|CS|TAMS 0x000000008a100000, 0x000000008a100000| Complete 
| 162|0x000000008a200000, 0x000000008a300000, 0x000000008a300000|100%| E|CS|TAMS 0x000000008a200000, 0x000000008a200000| Complete 
| 163|0x000000008a300000, 0x000000008a400000, 0x000000008a400000|100%| E|CS|TAMS 0x000000008a300000, 0x000000008a300000| Complete 
| 164|0x000000008a400000, 0x000000008a500000, 0x000000008a500000|100%| E|CS|TAMS 0x000000008a400000, 0x000000008a400000| Complete 
| 165|0x000000008a500000, 0x000000008a600000, 0x000000008a600000|100%| E|CS|TAMS 0x000000008a500000, 0x000000008a500000| Complete 
| 166|0x000000008a600000, 0x000000008a700000, 0x000000008a700000|100%| E|CS|TAMS 0x000000008a600000, 0x000000008a600000| Complete 
| 167|0x000000008a700000, 0x000000008a800000, 0x000000008a800000|100%| E|CS|TAMS 0x000000008a700000, 0x000000008a700000| Complete 
| 168|0x000000008a800000, 0x000000008a900000, 0x000000008a900000|100%| E|CS|TAMS 0x000000008a800000, 0x000000008a800000| Complete 
| 169|0x000000008a900000, 0x000000008aa00000, 0x000000008aa00000|100%| E|CS|TAMS 0x000000008a900000, 0x000000008a900000| Complete 
| 170|0x000000008aa00000, 0x000000008ab00000, 0x000000008ab00000|100%| E|CS|TAMS 0x000000008aa00000, 0x000000008aa00000| Complete 
| 171|0x000000008ab00000, 0x000000008ac00000, 0x000000008ac00000|100%| E|CS|TAMS 0x000000008ab00000, 0x000000008ab00000| Complete 
| 172|0x000000008ac00000, 0x000000008ad00000, 0x000000008ad00000|100%| E|CS|TAMS 0x000000008ac00000, 0x000000008ac00000| Complete 
| 173|0x000000008ad00000, 0x000000008ae00000, 0x000000008ae00000|100%| E|CS|TAMS 0x000000008ad00000, 0x000000008ad00000| Complete 
| 174|0x000000008ae00000, 0x000000008af00000, 0x000000008af00000|100%| E|CS|TAMS 0x000000008ae00000, 0x000000008ae00000| Complete 
| 175|0x000000008af00000, 0x000000008b000000, 0x000000008b000000|100%| E|CS|TAMS 0x000000008af00000, 0x000000008af00000| Complete 
| 176|0x000000008b000000, 0x000000008b100000, 0x000000008b100000|100%| E|CS|TAMS 0x000000008b000000, 0x000000008b000000| Complete 
| 177|0x000000008b100000, 0x000000008b200000, 0x000000008b200000|100%| E|CS|TAMS 0x000000008b100000, 0x000000008b100000| Complete 
| 178|0x000000008b200000, 0x000000008b28be30, 0x000000008b300000| 54%| S|CS|TAMS 0x000000008b200000, 0x000000008b200000| Complete 
| 179|0x000000008b300000, 0x000000008b400000, 0x000000008b400000|100%| E|CS|TAMS 0x000000008b300000, 0x000000008b300000| Complete 
| 180|0x000000008b400000, 0x000000008b500000, 0x000000008b500000|100%| E|CS|TAMS 0x000000008b400000, 0x000000008b400000| Complete 
| 181|0x000000008b500000, 0x000000008b600000, 0x000000008b600000|100%| E|CS|TAMS 0x000000008b500000, 0x000000008b500000| Complete 
| 182|0x000000008b600000, 0x000000008b700000, 0x000000008b700000|100%| E|CS|TAMS 0x000000008b600000, 0x000000008b600000| Complete 
| 183|0x000000008b700000, 0x000000008b800000, 0x000000008b800000|100%| E|CS|TAMS 0x000000008b700000, 0x000000008b700000| Complete 
| 184|0x000000008b800000, 0x000000008b900000, 0x000000008b900000|100%| E|CS|TAMS 0x000000008b800000, 0x000000008b800000| Complete 

Card table byte_map: [0x0000020ef6af0000,0x0000020ef6ef0000] _byte_map_base: 0x0000020ef66f0000

Marking Bits (Prev, Next): (CMBitMap*) 0x0000020ef2f3bcc0, (CMBitMap*) 0x0000020ef2f3bd00
 Prev Bits: [0x0000020ef72f0000, 0x0000020ef92f0000)
 Next Bits: [0x0000020ef92f0000, 0x0000020efb2f0000)

Polling page: 0x0000020ef26b0000

Metaspace:

Usage:
  Non-class:    102.81 MB used.
      Class:     16.42 MB used.
       Both:    119.23 MB used.

Virtual space:
  Non-class space:      104.00 MB reserved,     103.19 MB (>99%) committed,  13 nodes.
      Class space:        1.00 GB reserved,      16.75 MB (  2%) committed,  1 nodes.
             Both:        1.10 GB reserved,     119.94 MB ( 11%) committed. 

Chunk freelists:
   Non-Class:  160.00 KB
       Class:  3.06 MB
        Both:  3.22 MB

MaxMetaspaceSize: unlimited
CompressedClassSpaceSize: 1.00 GB
Initial GC threshold: 21.00 MB
Current GC threshold: 179.69 MB
CDS: off
MetaspaceReclaimPolicy: balanced
 - commit_granule_bytes: 65536.
 - commit_granule_words: 8192.
 - virtual_space_node_default_size: 1048576.
 - enlarge_chunks_in_place: 1.
 - new_chunks_are_fully_committed: 0.
 - uncommit_free_chunks: 1.
 - use_allocation_guard: 0.
 - handle_deallocations: 1.


Internal statistics:

num_allocs_failed_limit: 9.
num_arena_births: 1152.
num_arena_deaths: 14.
num_vsnodes_births: 14.
num_vsnodes_deaths: 0.
num_space_committed: 1946.
num_space_uncommitted: 28.
num_chunks_returned_to_freelist: 96.
num_chunks_taken_from_freelist: 5654.
num_chunk_merges: 46.
num_chunk_splits: 3852.
num_chunks_enlarged: 2720.
num_purges: 4.
num_inconsistent_stats: 0.

CodeHeap 'non-profiled nmethods': size=120000Kb used=6121Kb max_used=6121Kb free=113878Kb
 bounds [0x0000020e87ad0000, 0x0000020e880d0000, 0x0000020e8f000000]
CodeHeap 'profiled nmethods': size=120000Kb used=23202Kb max_used=23202Kb free=96797Kb
 bounds [0x0000020e80000000, 0x0000020e816b0000, 0x0000020e87530000]
CodeHeap 'non-nmethods': size=5760Kb used=2453Kb max_used=2528Kb free=3306Kb
 bounds [0x0000020e87530000, 0x0000020e877d0000, 0x0000020e87ad0000]
 total_blobs=13159 nmethods=12158 adapters=913
 compilation: enabled
              stopped_count=0, restarted_count=0
 full_count=0

Compilation events (20 events):
Event: 46.365 Thread 0x0000020efdd635e0 13783       1       kotlin.reflect.jvm.internal.impl.metadata.ProtoBuf$TypeTable::getTypeList (5 bytes)
Event: 46.365 Thread 0x0000020efdd635e0 nmethod 13783 0x0000020e880c2890 code [0x0000020e880c2a20, 0x0000020e880c2af8]
Event: 46.365 Thread 0x0000020efdd635e0 13784       1       kotlin.reflect.jvm.internal.impl.serialization.deserialization.DeserializationComponents::getNotFoundClasses (5 bytes)
Event: 46.366 Thread 0x0000020efdd635e0 nmethod 13784 0x0000020e880c2b90 code [0x0000020e880c2d20, 0x0000020e880c2df8]
Event: 46.366 Thread 0x0000020efdd635e0 13786       1       kotlin.reflect.jvm.internal.impl.load.kotlin.header.KotlinClassHeader::getKind (5 bytes)
Event: 46.366 Thread 0x0000020efdd635e0 nmethod 13786 0x0000020e880c2e90 code [0x0000020e880c3020, 0x0000020e880c30f8]
Event: 46.366 Thread 0x0000020efdd635e0 13787       1       kotlin.reflect.jvm.internal.impl.metadata.ProtoBuf$Class::getVersionRequirementTable (5 bytes)
Event: 46.366 Thread 0x0000020efdd635e0 nmethod 13787 0x0000020e880c3190 code [0x0000020e880c3320, 0x0000020e880c33f8]
Event: 46.368 Thread 0x0000020efdd635e0 13788   !   3       jdk.proxy1.$Proxy5::pn (29 bytes)
Event: 46.368 Thread 0x0000020efdd635e0 nmethod 13788 0x0000020e81657610 code [0x0000020e816577e0, 0x0000020e81657bb8]
Event: 46.368 Thread 0x0000020efdd635e0 13789   !   3       jdk.proxy1.$Proxy5::k (32 bytes)
Event: 46.369 Thread 0x0000020efdd635e0 nmethod 13789 0x0000020e81657d90 code [0x0000020e81657f60, 0x0000020e81658358]
Event: 46.369 Thread 0x0000020efdd635e0 13790   !   3       jdk.proxy1.$Proxy5::mv (29 bytes)
Event: 46.369 Thread 0x0000020efdd635e0 nmethod 13790 0x0000020e81658590 code [0x0000020e81658760, 0x0000020e81658b38]
Event: 46.371 Thread 0x0000020efdd635e0 13791       3       kotlin.collections.EmptyList::iterator (7 bytes)
Event: 46.371 Thread 0x0000020efdd635e0 nmethod 13791 0x0000020e81658d10 code [0x0000020e81658ea0, 0x0000020e81658fb8]
Event: 46.373 Thread 0x0000020efdd635e0 13792       3       kotlin.reflect.jvm.internal.impl.serialization.deserialization.ClassDeserializer::deserializeClass (28 bytes)
Event: 46.374 Thread 0x0000020efdd635e0 nmethod 13792 0x0000020e81659090 code [0x0000020e81659340, 0x0000020e8165a148]
Event: 46.374 Thread 0x0000020efdd635e0 13793       3       kotlin.reflect.jvm.internal.impl.serialization.deserialization.ClassDeserializer$ClassKey::<init> (21 bytes)
Event: 46.374 Thread 0x0000020efdd635e0 nmethod 13793 0x0000020e8165a610 code [0x0000020e8165a820, 0x0000020e8165aed8]

GC Heap History (20 events):
Event: 29.114 GC heap before
{Heap before GC invocations=41 (full 0):
 garbage-first heap   total 165888K, used 131809K [0x0000000080000000, 0x0000000100000000)
  region size 1024K, 52 young (53248K), 5 survivors (5120K)
 Metaspace       used 96901K, committed 97536K, reserved 1138688K
  class space    used 13205K, committed 13504K, reserved 1048576K
}
Event: 29.121 GC heap after
{Heap after GC invocations=42 (full 0):
 garbage-first heap   total 165888K, used 88237K [0x0000000080000000, 0x0000000100000000)
  region size 1024K, 4 young (4096K), 4 survivors (4096K)
 Metaspace       used 96901K, committed 97536K, reserved 1138688K
  class space    used 13205K, committed 13504K, reserved 1048576K
}
Event: 29.232 GC heap before
{Heap before GC invocations=42 (full 0):
 garbage-first heap   total 165888K, used 92333K [0x0000000080000000, 0x0000000100000000)
  region size 1024K, 8 young (8192K), 4 survivors (4096K)
 Metaspace       used 97858K, committed 98496K, reserved 1138688K
  class space    used 13282K, committed 13568K, reserved 1048576K
}
Event: 29.236 GC heap after
{Heap after GC invocations=43 (full 0):
 garbage-first heap   total 165888K, used 88052K [0x0000000080000000, 0x0000000100000000)
  region size 1024K, 1 young (1024K), 1 survivors (1024K)
 Metaspace       used 97858K, committed 98496K, reserved 1138688K
  class space    used 13282K, committed 13568K, reserved 1048576K
}
Event: 36.380 GC heap before
{Heap before GC invocations=43 (full 0):
 garbage-first heap   total 165888K, used 134132K [0x0000000080000000, 0x0000000100000000)
  region size 1024K, 47 young (48128K), 1 survivors (1024K)
 Metaspace       used 104056K, committed 104704K, reserved 1146880K
  class space    used 14115K, committed 14400K, reserved 1048576K
}
Event: 36.387 GC heap after
{Heap after GC invocations=44 (full 0):
 garbage-first heap   total 165888K, used 93160K [0x0000000080000000, 0x0000000100000000)
  region size 1024K, 6 young (6144K), 6 survivors (6144K)
 Metaspace       used 104056K, committed 104704K, reserved 1146880K
  class space    used 14115K, committed 14400K, reserved 1048576K
}
Event: 40.990 GC heap before
{Heap before GC invocations=45 (full 0):
 garbage-first heap   total 165888K, used 136168K [0x0000000080000000, 0x0000000100000000)
  region size 1024K, 47 young (48128K), 6 survivors (6144K)
 Metaspace       used 107141K, committed 107840K, reserved 1146880K
  class space    used 14448K, committed 14784K, reserved 1048576K
}
Event: 41.001 GC heap after
{Heap after GC invocations=46 (full 0):
 garbage-first heap   total 165888K, used 104137K [0x0000000080000000, 0x0000000100000000)
  region size 1024K, 6 young (6144K), 6 survivors (6144K)
 Metaspace       used 107141K, committed 107840K, reserved 1146880K
  class space    used 14448K, committed 14784K, reserved 1048576K
}
Event: 41.062 GC heap before
{Heap before GC invocations=46 (full 0):
 garbage-first heap   total 165888K, used 107209K [0x0000000080000000, 0x0000000100000000)
  region size 1024K, 8 young (8192K), 6 survivors (6144K)
 Metaspace       used 107984K, committed 108672K, reserved 1146880K
  class space    used 14476K, committed 14784K, reserved 1048576K
}
Event: 41.067 GC heap after
{Heap after GC invocations=47 (full 0):
 garbage-first heap   total 165888K, used 104725K [0x0000000080000000, 0x0000000100000000)
  region size 1024K, 1 young (1024K), 1 survivors (1024K)
 Metaspace       used 107984K, committed 108672K, reserved 1146880K
  class space    used 14476K, committed 14784K, reserved 1048576K
}
Event: 42.113 GC heap before
{Heap before GC invocations=47 (full 0):
 garbage-first heap   total 165888K, used 134421K [0x0000000080000000, 0x0000000100000000)
  region size 1024K, 31 young (31744K), 1 survivors (1024K)
 Metaspace       used 109498K, committed 110272K, reserved 1146880K
  class space    used 14697K, committed 15104K, reserved 1048576K
}
Event: 42.120 GC heap after
{Heap after GC invocations=48 (full 0):
 garbage-first heap   total 165888K, used 107438K [0x0000000080000000, 0x0000000100000000)
  region size 1024K, 4 young (4096K), 4 survivors (4096K)
 Metaspace       used 109498K, committed 110272K, reserved 1146880K
  class space    used 14697K, committed 15104K, reserved 1048576K
}
Event: 42.902 GC heap before
{Heap before GC invocations=48 (full 0):
 garbage-first heap   total 165888K, used 135086K [0x0000000080000000, 0x0000000100000000)
  region size 1024K, 32 young (32768K), 4 survivors (4096K)
 Metaspace       used 109511K, committed 110272K, reserved 1146880K
  class space    used 14697K, committed 15104K, reserved 1048576K
}
Event: 42.908 GC heap after
{Heap after GC invocations=49 (full 0):
 garbage-first heap   total 165888K, used 109150K [0x0000000080000000, 0x0000000100000000)
  region size 1024K, 2 young (2048K), 2 survivors (2048K)
 Metaspace       used 109511K, committed 110272K, reserved 1146880K
  class space    used 14697K, committed 15104K, reserved 1048576K
}
Event: 43.639 GC heap before
{Heap before GC invocations=49 (full 0):
 garbage-first heap   total 165888K, used 137822K [0x0000000080000000, 0x0000000100000000)
  region size 1024K, 31 young (31744K), 2 survivors (2048K)
 Metaspace       used 110764K, committed 111552K, reserved 1146880K
  class space    used 14882K, committed 15296K, reserved 1048576K
}
Event: 43.644 GC heap after
{Heap after GC invocations=50 (full 0):
 garbage-first heap   total 165888K, used 110430K [0x0000000080000000, 0x0000000100000000)
  region size 1024K, 3 young (3072K), 3 survivors (3072K)
 Metaspace       used 110764K, committed 111552K, reserved 1146880K
  class space    used 14882K, committed 15296K, reserved 1048576K
}
Event: 44.661 GC heap before
{Heap before GC invocations=51 (full 0):
 garbage-first heap   total 189440K, used 137054K [0x0000000080000000, 0x0000000100000000)
  region size 1024K, 30 young (30720K), 3 survivors (3072K)
 Metaspace       used 116131K, committed 116864K, reserved 1155072K
  class space    used 15779K, committed 16128K, reserved 1048576K
}
Event: 44.668 GC heap after
{Heap after GC invocations=52 (full 0):
 garbage-first heap   total 189440K, used 111620K [0x0000000080000000, 0x0000000100000000)
  region size 1024K, 3 young (3072K), 3 survivors (3072K)
 Metaspace       used 116131K, committed 116864K, reserved 1155072K
  class space    used 15779K, committed 16128K, reserved 1048576K
}
Event: 44.924 GC heap before
{Heap before GC invocations=52 (full 0):
 garbage-first heap   total 189440K, used 117764K [0x0000000080000000, 0x0000000100000000)
  region size 1024K, 9 young (9216K), 3 survivors (3072K)
 Metaspace       used 117937K, committed 118656K, reserved 1155072K
  class space    used 16060K, committed 16448K, reserved 1048576K
}
Event: 44.954 GC heap after
{Heap after GC invocations=53 (full 0):
 garbage-first heap   total 189440K, used 104611K [0x0000000080000000, 0x0000000100000000)
  region size 1024K, 1 young (1024K), 1 survivors (1024K)
 Metaspace       used 117937K, committed 118656K, reserved 1155072K
  class space    used 16060K, committed 16448K, reserved 1048576K
}

Dll operation events (2 events):
Event: 0.021 Loaded shared library D:\android\jbr\bin\java.dll
Event: 0.405 Loaded shared library D:\android\jbr\bin\verify.dll

Deoptimization events (20 events):
Event: 46.145 Thread 0x0000020e90cfb120 Uncommon trap: trap_request=0xffffffde fr.pc=0x0000020e87bbf264 relative=0x00000000000007a4
Event: 46.145 Thread 0x0000020e90cfb120 Uncommon trap: reason=class_check action=maybe_recompile pc=0x0000020e87bbf264 method=org.gradle.internal.snapshot.ChildMap$Entry.handleAncestorDescendantOrExactMatch(Lorg/gradle/internal/snapshot/VfsRelativePath;Lorg/gradle/internal/snapshot/CaseSensitiv
Event: 46.145 Thread 0x0000020e90cfb120 DEOPT PACKING pc=0x0000020e87bbf264 sp=0x000000560dafc440
Event: 46.145 Thread 0x0000020e90cfb120 DEOPT UNPACKING pc=0x0000020e875869a3 sp=0x000000560dafc3f0 mode 2
Event: 46.148 Thread 0x0000020e90cfb120 Uncommon trap: trap_request=0xffffffd6 fr.pc=0x0000020e880ba9d0 relative=0x00000000000003b0
Event: 46.148 Thread 0x0000020e90cfb120 Uncommon trap: reason=array_check action=maybe_recompile pc=0x0000020e880ba9d0 method=java.util.LinkedHashMap.keysToArray([Ljava/lang/Object;)[Ljava/lang/Object; @ 25 c2
Event: 46.149 Thread 0x0000020e90cfb120 DEOPT PACKING pc=0x0000020e880ba9d0 sp=0x000000560dafab50
Event: 46.149 Thread 0x0000020e90cfb120 DEOPT UNPACKING pc=0x0000020e875869a3 sp=0x000000560dafaaf8 mode 2
Event: 46.159 Thread 0x0000020e90cfb120 Uncommon trap: trap_request=0xffffffd6 fr.pc=0x0000020e880ba9d0 relative=0x00000000000003b0
Event: 46.159 Thread 0x0000020e90cfb120 Uncommon trap: reason=array_check action=maybe_recompile pc=0x0000020e880ba9d0 method=java.util.LinkedHashMap.keysToArray([Ljava/lang/Object;)[Ljava/lang/Object; @ 25 c2
Event: 46.159 Thread 0x0000020e90cfb120 DEOPT PACKING pc=0x0000020e880ba9d0 sp=0x000000560dafa9c0
Event: 46.159 Thread 0x0000020e90cfb120 DEOPT UNPACKING pc=0x0000020e875869a3 sp=0x000000560dafa968 mode 2
Event: 46.207 Thread 0x0000020e90cfb120 Uncommon trap: trap_request=0xffffffc6 fr.pc=0x0000020e87e4d3dc relative=0x000000000000013c
Event: 46.207 Thread 0x0000020e90cfb120 Uncommon trap: reason=bimorphic_or_optimized_type_check action=maybe_recompile pc=0x0000020e87e4d3dc method=com.google.common.collect.RegularImmutableMap.checkNoConflictInKeyBucket(Ljava/lang/Object;Ljava/lang/Object;Lcom/google/common/collect/ImmutableMa
Event: 46.207 Thread 0x0000020e90cfb120 DEOPT PACKING pc=0x0000020e87e4d3dc sp=0x000000560dafcdd0
Event: 46.207 Thread 0x0000020e90cfb120 DEOPT UNPACKING pc=0x0000020e875869a3 sp=0x000000560dafcd68 mode 2
Event: 46.219 Thread 0x0000020e90cfb120 Uncommon trap: trap_request=0xffffffd6 fr.pc=0x0000020e880ba9d0 relative=0x00000000000003b0
Event: 46.219 Thread 0x0000020e90cfb120 Uncommon trap: reason=array_check action=maybe_recompile pc=0x0000020e880ba9d0 method=java.util.LinkedHashMap.keysToArray([Ljava/lang/Object;)[Ljava/lang/Object; @ 25 c2
Event: 46.219 Thread 0x0000020e90cfb120 DEOPT PACKING pc=0x0000020e880ba9d0 sp=0x000000560daf95d0
Event: 46.219 Thread 0x0000020e90cfb120 DEOPT UNPACKING pc=0x0000020e875869a3 sp=0x000000560daf9578 mode 2

Classes unloaded (20 events):
Event: 43.776 Thread 0x0000020efdd52170 Unloading class 0x0000000100d96e08 'androidx/room/compiler/processing/javac/JavacBasicAnnotationProcessor$commonDelegate$2'
Event: 43.776 Thread 0x0000020efdd52170 Unloading class 0x0000000100d96ba0 'androidx/room/compiler/processing/javac/JavacBasicAnnotationProcessor$steps$2'
Event: 43.776 Thread 0x0000020efdd52170 Unloading class 0x0000000100d96978 'kotlin/UNINITIALIZED_VALUE'
Event: 43.776 Thread 0x0000020efdd52170 Unloading class 0x0000000100d96728 'kotlin/SynchronizedLazyImpl'
Event: 43.776 Thread 0x0000020efdd52170 Unloading class 0x0000000100d96508 'kotlin/Lazy'
Event: 43.776 Thread 0x0000020efdd52170 Unloading class 0x0000000100d96280 'kotlin/KotlinNullPointerException'
Event: 43.776 Thread 0x0000020efdd52170 Unloading class 0x0000000100d96000 'kotlin/UninitializedPropertyAccessException'
Event: 43.776 Thread 0x0000020efdd52170 Unloading class 0x0000000100d95da8 'kotlin/jvm/internal/Intrinsics'
Event: 43.776 Thread 0x0000020efdd52170 Unloading class 0x0000000100d95b28 'kotlin/NoWhenBranchMatchedException'
Event: 43.776 Thread 0x0000020efdd52170 Unloading class 0x0000000100d95900 'kotlin/LazyKt'
Event: 43.776 Thread 0x0000020efdd52170 Unloading class 0x0000000100d956d8 'kotlin/LazyKt__LazyKt'
Event: 43.776 Thread 0x0000020efdd52170 Unloading class 0x0000000100d954b0 'kotlin/LazyKt__LazyJVMKt'
Event: 43.776 Thread 0x0000020efdd52170 Unloading class 0x0000000100d95248 'androidx/room/compiler/processing/javac/JavacBasicAnnotationProcessor$xEnv$2'
Event: 43.776 Thread 0x0000020efdd52170 Unloading class 0x0000000100d95000 'kotlin/jvm/internal/Lambda'
Event: 43.776 Thread 0x0000020efdd52170 Unloading class 0x0000000100d94c40 'kotlin/jvm/internal/FunctionBase'
Event: 43.776 Thread 0x0000020efdd52170 Unloading class 0x0000000100d94a20 'kotlin/jvm/functions/Function0'
Event: 43.776 Thread 0x0000020efdd52170 Unloading class 0x0000000100d94800 'kotlin/Function'
Event: 43.776 Thread 0x0000020efdd52170 Unloading class 0x0000000100d94510 'androidx/room/RoomProcessor'
Event: 43.776 Thread 0x0000020efdd52170 Unloading class 0x0000000100d94220 'androidx/room/compiler/processing/javac/JavacBasicAnnotationProcessor'
Event: 43.776 Thread 0x0000020efdd52170 Unloading class 0x0000000100d94000 'androidx/room/compiler/processing/XBasicAnnotationProcessor'

Classes redefined (0 events):
No events

Internal exceptions (20 events):
Event: 44.639 Thread 0x0000020e93ce6530 Exception <a 'java/lang/IncompatibleClassChangeError'{0x0000000089e490c8}: Found class java.lang.Object, but interface was expected> (0x0000000089e490c8) 
thrown [s\src\hotspot\share\interpreter\linkResolver.cpp, line 838]
Event: 44.640 Thread 0x0000020e93ce6530 Exception <a 'java/lang/IncompatibleClassChangeError'{0x0000000089e520e8}: Found class java.lang.Object, but interface was expected> (0x0000000089e520e8) 
thrown [s\src\hotspot\share\interpreter\linkResolver.cpp, line 838]
Event: 44.739 Thread 0x0000020e93ce6530 Exception <a 'java/lang/NoSuchMethodError'{0x000000008b7d9000}: 'void java.lang.invoke.DirectMethodHandle$Holder.invokeSpecial(java.lang.Object, java.lang.Object, int, java.lang.Object)'> (0x000000008b7d9000) 
thrown [s\src\hotspot\share\interpreter\linkResolver.cpp, line 771]
Event: 44.844 Thread 0x0000020e93ce6530 Exception <a 'java/lang/NoSuchMethodError'{0x000000008b462a00}: 'int java.lang.invoke.DirectMethodHandle$Holder.invokeSpecial(java.lang.Object, java.lang.Object, java.lang.Object, int, java.lang.Object)'> (0x000000008b462a00) 
thrown [s\src\hotspot\share\interpreter\linkResolver.cpp, line 771]
Event: 44.978 Thread 0x0000020e93ce6530 Exception <a 'java/lang/NoSuchMethodError'{0x000000008b83f9a0}: 'int java.lang.invoke.DirectMethodHandle$Holder.invokeSpecial(java.lang.Object, java.lang.Object, java.lang.Object, int)'> (0x000000008b83f9a0) 
thrown [s\src\hotspot\share\interpreter\linkResolver.cpp, line 771]
Event: 45.050 Thread 0x0000020e93ce6530 Exception <a 'java/lang/NoSuchMethodError'{0x000000008b7fde08}: 'java.lang.Object java.lang.invoke.DirectMethodHandle$Holder.newInvokeSpecial(java.lang.Object, java.lang.Object, int, java.lang.Object, java.lang.Object, java.lang.Object)'> (0x000000008b7fde08) 
thrown [s\src\hotspot\share\interpreter\linkResolver.cpp, line 771]
Event: 45.052 Thread 0x0000020e93ce6530 Exception <a 'java/lang/NoSuchMethodError'{0x000000008b605e68}: 'java.lang.Object java.lang.invoke.Invokers$Holder.linkToTargetMethod(java.lang.Object, int, java.lang.Object, java.lang.Object, java.lang.Object, java.lang.Object)'> (0x000000008b605e68) 
thrown [s\src\hotspot\share\interpreter\linkResolver.cpp, line 771]
Event: 45.058 Thread 0x0000020e93ce6530 Exception <a 'java/lang/NoSuchMethodError'{0x000000008b62ce80}: 'void java.lang.invoke.DirectMethodHandle$Holder.invokeStatic(java.lang.Object, java.lang.Object, java.lang.Object, java.lang.Object, java.lang.Object, java.lang.Object, java.lang.Object, java.lang.Object)'> (0x000000008b62ce80) 
thrown [s\src\hotspot\share\interpreter\linkResolver.cpp, line 771]
Event: 45.265 Thread 0x0000020e93ce6530 Exception <a 'java/lang/NoSuchMethodError'{0x000000008b1abb10}: 'void java.lang.invoke.DirectMethodHandle$Holder.invokeSpecial(java.lang.Object, java.lang.Object, int)'> (0x000000008b1abb10) 
thrown [s\src\hotspot\share\interpreter\linkResolver.cpp, line 771]
Event: 45.325 Thread 0x0000020e93ce6530 Exception <a 'sun/nio/fs/WindowsException'{0x000000008b03cfa0}> (0x000000008b03cfa0) 
thrown [s\src\hotspot\share\prims\jni.cpp, line 517]
Event: 45.494 Thread 0x0000020e90cfb120 Exception <a 'java/lang/NoSuchMethodError'{0x000000008aff9db8}: static Lkotlin/InitializedLazyImpl;.<clinit>()V> (0x000000008aff9db8) 
thrown [s\src\hotspot\share\prims\jni.cpp, line 1108]
Event: 45.539 Thread 0x0000020e90cf55b0 Exception <a 'sun/nio/fs/WindowsException'{0x000000008ad74a68}> (0x000000008ad74a68) 
thrown [s\src\hotspot\share\prims\jni.cpp, line 517]
Event: 45.668 Thread 0x0000020e94500610 Exception <a 'sun/nio/fs/WindowsException'{0x000000008a6f15f8}> (0x000000008a6f15f8) 
thrown [s\src\hotspot\share\prims\jni.cpp, line 517]
Event: 45.668 Thread 0x0000020e94500610 Exception <a 'sun/nio/fs/WindowsException'{0x000000008a6fce38}> (0x000000008a6fce38) 
thrown [s\src\hotspot\share\prims\jni.cpp, line 517]
Event: 45.721 Thread 0x0000020e90cfac50 Exception <a 'sun/nio/fs/WindowsException'{0x000000008a2e5470}> (0x000000008a2e5470) 
thrown [s\src\hotspot\share\prims\jni.cpp, line 517]
Event: 45.911 Thread 0x0000020e90720210 Exception <a 'sun/nio/fs/WindowsException'{0x000000008a184b28}> (0x000000008a184b28) 
thrown [s\src\hotspot\share\prims\jni.cpp, line 517]
Event: 46.053 Thread 0x0000020e90720210 Exception <a 'java/lang/NoSuchMethodError'{0x0000000089cae648}: 'long java.lang.invoke.DirectMethodHandle$Holder.invokeStatic(java.lang.Object, java.lang.Object, java.lang.Object)'> (0x0000000089cae648) 
thrown [s\src\hotspot\share\interpreter\linkResolver.cpp, line 771]
Event: 46.085 Thread 0x0000020e90720210 Exception <a 'java/lang/NoSuchMethodError'{0x0000000089b5a940}: 'void java.lang.invoke.DirectMethodHandle$Holder.invokeInterface(java.lang.Object, java.lang.Object, java.lang.Object, int)'> (0x0000000089b5a940) 
thrown [s\src\hotspot\share\interpreter\linkResolver.cpp, line 771]
Event: 46.101 Thread 0x0000020e90720210 Exception <a 'java/lang/IncompatibleClassChangeError'{0x0000000089bcfa98}: Found class java.lang.Object, but interface was expected> (0x0000000089bcfa98) 
thrown [s\src\hotspot\share\interpreter\linkResolver.cpp, line 838]
Event: 46.126 Thread 0x0000020e90720210 Exception <a 'sun/nio/fs/WindowsException'{0x0000000089a96610}> (0x0000000089a96610) 
thrown [s\src\hotspot\share\prims\jni.cpp, line 517]

VM Operations (20 events):
Event: 43.802 Executing VM operation: HandshakeAllThreads
Event: 43.802 Executing VM operation: HandshakeAllThreads done
Event: 43.857 Executing VM operation: G1Concurrent
Event: 43.857 Executing VM operation: G1Concurrent done
Event: 43.990 Executing VM operation: HandshakeAllThreads
Event: 43.991 Executing VM operation: HandshakeAllThreads done
Event: 44.486 Executing VM operation: HandshakeAllThreads
Event: 44.487 Executing VM operation: HandshakeAllThreads done
Event: 44.561 Executing VM operation: HandshakeAllThreads
Event: 44.562 Executing VM operation: HandshakeAllThreads done
Event: 44.661 Executing VM operation: G1CollectForAllocation
Event: 44.669 Executing VM operation: G1CollectForAllocation done
Event: 44.924 Executing VM operation: G1CollectForAllocation
Event: 44.954 Executing VM operation: G1CollectForAllocation done
Event: 44.962 Executing VM operation: HandshakeAllThreads
Event: 44.962 Executing VM operation: HandshakeAllThreads done
Event: 44.967 Executing VM operation: HandshakeAllThreads
Event: 44.968 Executing VM operation: HandshakeAllThreads done
Event: 45.980 Executing VM operation: Cleanup
Event: 45.982 Executing VM operation: Cleanup done

Events (20 events):
Event: 45.955 loading class java/nio/BufferUnderflowException
Event: 45.956 loading class java/nio/BufferUnderflowException done
Event: 46.050 loading class java/nio/HeapShortBuffer
Event: 46.051 loading class java/nio/HeapShortBuffer done
Event: 46.060 loading class java/util/AbstractList$RandomAccessSubList
Event: 46.061 loading class java/util/AbstractList$SubList
Event: 46.061 loading class java/util/AbstractList$SubList done
Event: 46.061 loading class java/util/AbstractList$RandomAccessSubList done
Event: 46.061 loading class java/util/AbstractList$SubList$1
Event: 46.061 loading class java/util/AbstractList$SubList$1 done
Event: 46.161 loading class com/sun/org/apache/xerces/internal/util/URI
Event: 46.163 loading class com/sun/org/apache/xerces/internal/util/URI done
Event: 46.163 loading class java/net/HttpURLConnection
Event: 46.164 loading class java/net/HttpURLConnection done
Event: 46.189 loading class sun/net/ProgressMonitor
Event: 46.189 loading class sun/net/ProgressMonitor done
Event: 46.189 loading class sun/net/DefaultProgressMeteringPolicy
Event: 46.190 loading class sun/net/ProgressMeteringPolicy
Event: 46.190 loading class sun/net/ProgressMeteringPolicy done
Event: 46.190 loading class sun/net/DefaultProgressMeteringPolicy done


Dynamic libraries:
0x00007ff6880f0000 - 0x00007ff6880fa000 	D:\android\jbr\bin\java.exe
0x00007ffbc0290000 - 0x00007ffbc0488000 	C:\WINDOWS\SYSTEM32\ntdll.dll
0x00007ffbbf670000 - 0x00007ffbbf72d000 	C:\WINDOWS\System32\KERNEL32.DLL
0x00007ffbbdd80000 - 0x00007ffbbe076000 	C:\WINDOWS\System32\KERNELBASE.dll
0x00007ffbbe080000 - 0x00007ffbbe180000 	C:\WINDOWS\System32\ucrtbase.dll
0x00007ffbae880000 - 0x00007ffbae897000 	D:\android\jbr\bin\jli.dll
0x00007ffbc0080000 - 0x00007ffbc021e000 	C:\WINDOWS\System32\USER32.dll
0x00007ffbbdd20000 - 0x00007ffbbdd42000 	C:\WINDOWS\System32\win32u.dll
0x00007ffba7f40000 - 0x00007ffba81da000 	C:\WINDOWS\WinSxS\amd64_microsoft.windows.common-controls_6595b64144ccf1df_6.0.19041.1110_none_60b5254171f9507e\COMCTL32.dll
0x00007ffbbf2d0000 - 0x00007ffbbf2fc000 	C:\WINDOWS\System32\GDI32.dll
0x00007ffbbf730000 - 0x00007ffbbf7ce000 	C:\WINDOWS\System32\msvcrt.dll
0x00007ffbbdbb0000 - 0x00007ffbbdcca000 	C:\WINDOWS\System32\gdi32full.dll
0x00007ffbbdb10000 - 0x00007ffbbdbad000 	C:\WINDOWS\System32\msvcp_win.dll
0x00007ffb86520000 - 0x00007ffb8653b000 	D:\android\jbr\bin\VCRUNTIME140.dll
0x00007ffbbea00000 - 0x00007ffbbea30000 	C:\WINDOWS\System32\IMM32.DLL
0x00007ffb90ce0000 - 0x00007ffb90cec000 	D:\android\jbr\bin\vcruntime140_1.dll
0x00007ffb73330000 - 0x00007ffb733bd000 	D:\android\jbr\bin\msvcp140.dll
0x00007ffb1ebf0000 - 0x00007ffb1f85e000 	D:\android\jbr\bin\server\jvm.dll
0x00007ffbbf5b0000 - 0x00007ffbbf65e000 	C:\WINDOWS\System32\ADVAPI32.dll
0x00007ffbbfd40000 - 0x00007ffbbfddc000 	C:\WINDOWS\System32\sechost.dll
0x00007ffbbe2c0000 - 0x00007ffbbe3e6000 	C:\WINDOWS\System32\RPCRT4.dll
0x00007ffbb4a50000 - 0x00007ffbb4a5a000 	C:\WINDOWS\SYSTEM32\VERSION.dll
0x00007ffbb8390000 - 0x00007ffbb83b7000 	C:\WINDOWS\SYSTEM32\WINMM.dll
0x00007ffba1080000 - 0x00007ffba1089000 	C:\WINDOWS\SYSTEM32\WSOCK32.dll
0x00007ffbc0010000 - 0x00007ffbc007b000 	C:\WINDOWS\System32\WS2_32.dll
0x00007ffbbc160000 - 0x00007ffbbc172000 	C:\WINDOWS\SYSTEM32\kernel.appcore.dll
0x00007ffbbaab0000 - 0x00007ffbbaaba000 	D:\android\jbr\bin\jimage.dll
0x00007ffbbb690000 - 0x00007ffbbb874000 	C:\WINDOWS\SYSTEM32\DBGHELP.DLL
0x00007ffb9a8a0000 - 0x00007ffb9a8d4000 	C:\WINDOWS\SYSTEM32\dbgcore.DLL
0x00007ffbbe180000 - 0x00007ffbbe202000 	C:\WINDOWS\System32\bcryptPrimitives.dll
0x00007ffbb8ad0000 - 0x00007ffbb8af5000 	D:\android\jbr\bin\java.dll
0x00007ffbbaa00000 - 0x00007ffbbaa18000 	D:\android\jbr\bin\zip.dll
0x00007ffbbeb80000 - 0x00007ffbbf2c5000 	C:\WINDOWS\System32\SHELL32.dll
0x00007ffbbb9b0000 - 0x00007ffbbc14b000 	C:\WINDOWS\SYSTEM32\windows.storage.dll
0x00007ffbbf8f0000 - 0x00007ffbbfc44000 	C:\WINDOWS\System32\combase.dll
0x00007ffbbd310000 - 0x00007ffbbd33e000 	C:\WINDOWS\SYSTEM32\Wldp.dll
0x00007ffbbe870000 - 0x00007ffbbe91d000 	C:\WINDOWS\System32\SHCORE.dll
0x00007ffbbf890000 - 0x00007ffbbf8e5000 	C:\WINDOWS\System32\shlwapi.dll
0x00007ffbbd870000 - 0x00007ffbbd895000 	C:\WINDOWS\SYSTEM32\profapi.dll
0x00007ffbb8ab0000 - 0x00007ffbb8ac9000 	D:\android\jbr\bin\net.dll
0x00007ffbb8670000 - 0x00007ffbb877a000 	C:\WINDOWS\SYSTEM32\WINHTTP.dll
0x00007ffbbd070000 - 0x00007ffbbd0da000 	C:\WINDOWS\system32\mswsock.dll
0x00007ffbb48a0000 - 0x00007ffbb48b6000 	D:\android\jbr\bin\nio.dll
0x00007ffbbaaa0000 - 0x00007ffbbaab0000 	D:\android\jbr\bin\verify.dll
0x00007ffb8d850000 - 0x00007ffb8d877000 	C:\Users\DELL\.gradle\native\68d5fa5c4cc2d200863cafc0d521ce42e7d3e7ee720ec0a83991735586a16f82\windows-amd64\native-platform.dll
0x00007ffb72fb0000 - 0x00007ffb730f4000 	C:\Users\DELL\.gradle\native\e376f236ea51e6404a007f0833ffe2c6e607c4080706a723a18a27aeea778392\windows-amd64\native-platform-file-events.dll
0x00007ffbbaa70000 - 0x00007ffbbaa79000 	D:\android\jbr\bin\management.dll
0x00007ffbb8f70000 - 0x00007ffbb8f7b000 	D:\android\jbr\bin\management_ext.dll
0x00007ffbbe860000 - 0x00007ffbbe868000 	C:\WINDOWS\System32\PSAPI.DLL
0x00007ffbbd270000 - 0x00007ffbbd288000 	C:\WINDOWS\SYSTEM32\CRYPTSP.dll
0x00007ffbbc920000 - 0x00007ffbbc954000 	C:\WINDOWS\system32\rsaenh.dll
0x00007ffbbdd50000 - 0x00007ffbbdd77000 	C:\WINDOWS\System32\bcrypt.dll
0x00007ffbbd830000 - 0x00007ffbbd85e000 	C:\WINDOWS\SYSTEM32\USERENV.dll
0x00007ffbbd260000 - 0x00007ffbbd26c000 	C:\WINDOWS\SYSTEM32\CRYPTBASE.dll
0x00007ffbbcd60000 - 0x00007ffbbcd9b000 	C:\WINDOWS\SYSTEM32\IPHLPAPI.DLL
0x00007ffbbeb70000 - 0x00007ffbbeb78000 	C:\WINDOWS\System32\NSI.dll
0x00007ffbb4aa0000 - 0x00007ffbb4ab7000 	C:\WINDOWS\SYSTEM32\dhcpcsvc6.DLL
0x00007ffbb4a80000 - 0x00007ffbb4a9d000 	C:\WINDOWS\SYSTEM32\dhcpcsvc.DLL
0x00007ffbbcda0000 - 0x00007ffbbce6a000 	C:\WINDOWS\SYSTEM32\DNSAPI.dll
0x00007ffb87660000 - 0x00007ffb87667000 	C:\WINDOWS\system32\wshunix.dll
0x00007ffbaebb0000 - 0x00007ffbaebba000 	C:\Windows\System32\rasadhlp.dll
0x00007ffbadf10000 - 0x00007ffbadf92000 	C:\WINDOWS\System32\fwpuclnt.dll

dbghelp: loaded successfully - version: 4.0.5 - missing functions: none
symbol engine: initialized successfully - sym options: 0x614 - pdb path: .;D:\android\jbr\bin;C:\WINDOWS\SYSTEM32;C:\WINDOWS\WinSxS\amd64_microsoft.windows.common-controls_6595b64144ccf1df_6.0.19041.1110_none_60b5254171f9507e;D:\android\jbr\bin\server;C:\Users\DELL\.gradle\native\68d5fa5c4cc2d200863cafc0d521ce42e7d3e7ee720ec0a83991735586a16f82\windows-amd64;C:\Users\DELL\.gradle\native\e376f236ea51e6404a007f0833ffe2c6e607c4080706a723a18a27aeea778392\windows-amd64

VM Arguments:
jvm_args: --add-opens=java.base/java.util=ALL-UNNAMED --add-opens=java.base/java.lang=ALL-UNNAMED --add-opens=java.base/java.lang.invoke=ALL-UNNAMED --add-opens=java.prefs/java.util.prefs=ALL-UNNAMED --add-opens=java.base/java.nio.charset=ALL-UNNAMED --add-opens=java.base/java.net=ALL-UNNAMED --add-opens=java.base/java.util.concurrent.atomic=ALL-UNNAMED -Xmx2048m -Dfile.encoding=UTF-8 -Duser.country=FR -Duser.language=fr -Duser.variant 
java_command: org.gradle.launcher.daemon.bootstrap.GradleDaemon 8.0
java_class_path (initial): C:\Users\DELL\.gradle\wrapper\dists\gradle-8.0-bin\ca5e32bp14vu59qr306oxotwh\gradle-8.0\lib\gradle-launcher-8.0.jar
Launcher Type: SUN_STANDARD

[Global flags]
     intx CICompilerCount                          = 4                                         {product} {ergonomic}
     uint ConcGCThreads                            = 2                                         {product} {ergonomic}
     uint G1ConcRefinementThreads                  = 8                                         {product} {ergonomic}
   size_t G1HeapRegionSize                         = 1048576                                   {product} {ergonomic}
    uintx GCDrainStackTargetSize                   = 64                                        {product} {ergonomic}
   size_t InitialHeapSize                          = 130023424                                 {product} {ergonomic}
   size_t MarkStackSize                            = 4194304                                   {product} {ergonomic}
   size_t MaxHeapSize                              = 2147483648                                {product} {command line}
   size_t MaxNewSize                               = 1287651328                                {product} {ergonomic}
   size_t MinHeapDeltaBytes                        = 1048576                                   {product} {ergonomic}
   size_t MinHeapSize                              = 8388608                                   {product} {ergonomic}
    uintx NonNMethodCodeHeapSize                   = 5839372                                {pd product} {ergonomic}
    uintx NonProfiledCodeHeapSize                  = 122909434                              {pd product} {ergonomic}
    uintx ProfiledCodeHeapSize                     = 122909434                              {pd product} {ergonomic}
    uintx ReservedCodeCacheSize                    = 251658240                              {pd product} {ergonomic}
     bool SegmentedCodeCache                       = true                                      {product} {ergonomic}
   size_t SoftMaxHeapSize                          = 2147483648                             {manageable} {ergonomic}
     bool UseCompressedClassPointers               = true                           {product lp64_product} {ergonomic}
     bool UseCompressedOops                        = true                           {product lp64_product} {ergonomic}
     bool UseG1GC                                  = true                                      {product} {ergonomic}
     bool UseLargePagesIndividualAllocation        = false                                  {pd product} {ergonomic}

Logging:
Log output configuration:
 #0: stdout all=warning uptime,level,tags
 #1: stderr all=off uptime,level,tags

Environment Variables:
JAVA_HOME=C:\Program Files\Java\jdk-18
PATH=C:\Python311\Scripts\;C:\Python311\;C:\Program Files\Common Files\Oracle\Java\javapath;C:\app\WINDOWS.X64_193000_db_home\bin;C:\WINDOWS\system32;C:\WINDOWS;C:\WINDOWS\System32\Wbem;C:\WINDOWS\System32\WindowsPowerShell\v1.0\;C:\WINDOWS\System32\OpenSSH\;C:\CamlLight\bin;C:\Program Files\Java\jdk-18\bin;C:\Program Files (x86)\dotnet\;C:\composer;C:\Program Files\Git\cmd;D:\apache-maven-3.8.7\bin;D:\;C:\ProgramData\chocolatey\bin;C:\ProgramData\ComposerSetup\bin;C:\wamp640\bin\php\php8.1.0;C:\Program Files (x86)\Microsoft SQL Server\160\Tools\Binn\;C:\Program Files\Microsoft SQL Server\160\Tools\Binn\;C:\Program Files\Microsoft SQL Server\Client SDK\ODBC\170\Tools\Binn\;C:\Program Files\Microsoft SQL Server\160\DTS\Binn\;C:\Program Files (x86)\PuTTY\;C:\Users\DELL\scoop\shims;C:\Users\DELL\AppData\Local\Programs\Python\Python37\Scripts\;C:\Users\DELL\AppData\Local\Programs\Python\Python37\;C:\Users\DELL\AppData\Local\Microsoft\WindowsApps;C:\Users\DELL\AppData\Local\Programs\Microsoft VS Code\bin;C:\wamp640\bin\mysql\mysql5.7.36\bin;C:\Users\DELL\AppData\Roaming\Composer\vendor\bin;C:\Users\DELL\AppData\Roaming\npm
USERNAME=DELL
OS=Windows_NT
PROCESSOR_IDENTIFIER=Intel64 Family 6 Model 142 Stepping 12, GenuineIntel
TMP=C:\Users\DELL\AppData\Local\Temp
TEMP=C:\Users\DELL\AppData\Local\Temp


JNI global refs:
JNI global refs: 27, weak refs: 7

JNI global refs memory usage: 843, weak refs: 841


---------------  S Y S T E M  ---------------

OS:
 Windows 10 , 64 bit Build 19041 (10.0.19041.3393)
OS uptime: 0 days 20:09 hours

CPU: total 8 (initial active 8) (4 cores per cpu, 2 threads per core) family 6 model 142 stepping 12 microcode 0xea, cx8, cmov, fxsr, ht, mmx, 3dnowpref, sse, sse2, sse3, ssse3, sse4.1, sse4.2, popcnt, lzcnt, tsc, tscinvbit, avx, avx2, aes, erms, clmul, bmi1, bmi2, adx, fma, vzeroupper, clflush, clflushopt

Memory: 4k page, system-wide physical 7934M (531M free)
TotalPageFile size 16142M (AvailPageFile size 0M)
current process WorkingSet (physical memory assigned to process): 443M, peak: 444M
current process commit charge ("private bytes"): 549M, peak: 551M

vm_info: OpenJDK 64-Bit Server VM (17.0.6+0-b2043.56-10027231) for windows-amd64 JRE (17.0.6+0-b2043.56-10027231), built on Apr 28 2023 00:43:19 by "androidbuild" with MS VC++ 16.10 / 16.11 (VS2019)

END.
