#
# There is insufficient memory for the Java Runtime Environment to continue.
# Native memory allocation (mmap) failed to map 100663296 bytes for G1 virtual space
# Possible reasons:
#   The system is out of physical RAM or swap space
#   The process is running with CompressedOops enabled, and the Java Heap may be blocking the growth of the native heap
# Possible solutions:
#   Reduce memory load on the system
#   Increase physical memory or swap space
#   Check if swap backing store is full
#   Decrease Java heap size (-Xmx/-Xms)
#   Decrease number of Java threads
#   Decrease Java thread stack sizes (-Xss)
#   Set larger code cache with -XX:ReservedCodeCacheSize=
#   JVM is running with Unscaled Compressed Oops mode in which the Java heap is
#     placed in the first 4GB address space. The Java Heap base address is the
#     maximum limit for the native heap growth. Please use -XX:HeapBaseMinAddress
#     to set the Java Heap base and to place the Java Heap above 4GB virtual address.
# This output file may be truncated or incomplete.
#
#  Out of Memory Error (os_windows.cpp:3769), pid=1712, tid=18220
#
# JRE version: OpenJDK Runtime Environment (17.0.6) (build 17.0.6+0-b2043.56-10027231)
# Java VM: OpenJDK 64-Bit Server VM (17.0.6+0-b2043.56-10027231, mixed mode, tiered, compressed oops, compressed class ptrs, g1 gc, windows-amd64)
# No core dump will be written. Minidumps are not enabled by default on client versions of Windows
#

---------------  S U M M A R Y ------------

Command Line: --add-opens=java.base/java.util=ALL-UNNAMED --add-opens=java.base/java.lang=ALL-UNNAMED --add-opens=java.base/java.lang.invoke=ALL-UNNAMED --add-opens=java.prefs/java.util.prefs=ALL-UNNAMED --add-opens=java.base/java.nio.charset=ALL-UNNAMED --add-opens=java.base/java.net=ALL-UNNAMED --add-opens=java.base/java.util.concurrent.atomic=ALL-UNNAMED -Xmx2048m -Dfile.encoding=UTF-8 -Duser.country=FR -Duser.language=fr -Duser.variant org.gradle.launcher.daemon.bootstrap.GradleDaemon 8.0

Host: Intel(R) Core(TM) i5-8265U CPU @ 1.60GHz, 8 cores, 7G,  Windows 10 , 64 bit Build 19041 (10.0.19041.3393)
Time: Sat Oct 14 11:48:25 2023 Paris, Madrid (heure duild 19041 (10.0.19041.3393) elapsed time: 17.675941 seconds (0d 0h 0m 17s)

---------------  T H R E A D  ---------------

Current thread (0x000002d07ecfda30):  VMThread "VM Thread" [stack: 0x000000f836700000,0x000000f836800000] [id=18220]

Stack: [0x000000f836700000,0x000000f836800000]
Native frames: (J=compiled Java code, j=interpreted, Vv=VM code, C=native code)
V  [jvm.dll+0x683c9a]
V  [jvm.dll+0x8427a4]
V  [jvm.dll+0x843f9e]
V  [jvm.dll+0x844603]
V  [jvm.dll+0x249b75]
V  [jvm.dll+0x680b69]
V  [jvm.dll+0x67505a]
V  [jvm.dll+0x309acb]
V  [jvm.dll+0x310f86]
V  [jvm.dll+0x3608ee]
V  [jvm.dll+0x360b1f]
V  [jvm.dll+0x2dfbf8]
V  [jvm.dll+0x2ddec4]
V  [jvm.dll+0x2dd4cc]
V  [jvm.dll+0x321f3b]
V  [jvm.dll+0x848ccb]
V  [jvm.dll+0x849a04]
V  [jvm.dll+0x849f1d]
V  [jvm.dll+0x84a2f4]
V  [jvm.dll+0x84a3c0]
V  [jvm.dll+0x7f274a]
V  [jvm.dll+0x682ad5]
C  [ucrtbase.dll+0x21bb2]
C  [KERNEL32.DLL+0x17344]
C  [ntdll.dll+0x526b1]

VM_Operation (0x000000f8388fe1c0): G1CollectForAllocation, mode: safepoint, requested by thread 0x000002d00857c110


---------------  P R O C E S S  ---------------

Threads class SMR info:
_java_thread_list=0x000002d0085b6170, length=135, elements={
0x000002d06aeab6e0, 0x000002d07ed20260, 0x000002d07ed22880, 0x000002d07ed2c950,
0x000002d07ed2d410, 0x000002d07ed2ea60, 0x000002d07f81cc90, 0x000002d07f8216c0,
0x000002d07f842910, 0x000002d07f856270, 0x000002d07f9f6110, 0x000002d07f9d9650,
0x000002d008cae010, 0x000002d008912e00, 0x000002d0083db920, 0x000002d008cad210,
0x000002d008cadab0, 0x000002d00857a900, 0x000002d00857b2a0, 0x000002d00857d920,
0x000002d00857c5e0, 0x000002d00857d450, 0x000002d00857cf80, 0x000002d00857a430,
0x000002d00857c110, 0x000002d00857b770, 0x000002d00857bc40, 0x000002d00857ddf0,
0x000002d00857cab0, 0x000002d00857add0, 0x000002d00779c120, 0x000002d00779d930,
0x000002d007799f70, 0x000002d007798760, 0x000002d00779c5f0, 0x000002d0077995d0,
0x000002d00779ade0, 0x000002d00779b2b0, 0x000002d00779fae0, 0x000002d00779a910,
0x000002d00779de00, 0x000002d00779b780, 0x000002d00779e7a0, 0x000002d00779ec70,
0x000002d00779cac0, 0x000002d007798c30, 0x000002d007799aa0, 0x000002d00779cf90,
0x000002d00779d460, 0x000002d007799100, 0x000002d00779a440, 0x000002d00779f610,
0x000002d009d3b2d0, 0x000002d009d3c140, 0x000002d009d3e7c0, 0x000002d009d40e40,
0x000002d009d404a0, 0x000002d009d3de20, 0x000002d009d3ec90, 0x000002d009d3e2f0,
0x000002d009d3ffd0, 0x000002d009d3f160, 0x000002d009d3d480, 0x000002d009d3bc70,
0x000002d009d3f630, 0x000002d009d3fb00, 0x000002d009d40970, 0x000002d009d41310,
0x000002d009d3a460, 0x000002d009d3d950, 0x000002d009d417e0, 0x000002d009d3c610,
0x000002d009d39f90, 0x000002d009d3a930, 0x000002d009d3ae00, 0x000002d009d3b7a0,
0x000002d009d3cae0, 0x000002d009d3cfb0, 0x000002d009d69760, 0x000002d009d6c780,
0x000002d009d6b440, 0x000002d009d69c30, 0x000002d009d6df90, 0x000002d009d6ee00,
0x000002d009d6bde0, 0x000002d009d68dc0, 0x000002d009d6e460, 0x000002d009d6f7a0,
0x000002d009d6a100, 0x000002d009d6cc50, 0x000002d009d6b910, 0x000002d009d6e930,
0x000002d009d6a5d0, 0x000002d009d6f2d0, 0x000002d009d67f50, 0x000002d009d68420,
0x000002d009d688f0, 0x000002d009d6c2b0, 0x000002d009d6d120, 0x000002d009d6d5f0,
0x000002d009d69290, 0x000002d009d6aaa0, 0x000002d009d6af70, 0x000002d009d6dac0,
0x000002d009dd2bb0, 0x000002d009dd6f10, 0x000002d009dd0a00, 0x000002d009dd3a20,
0x000002d009dd0530, 0x000002d009dd2210, 0x000002d009dd60a0, 0x000002d009dd73e0,
0x000002d009dd26e0, 0x000002d009dd5230, 0x000002d009dd3ef0, 0x000002d009dd13a0,
0x000002d009dd4d60, 0x000002d009dd3550, 0x000002d009dd5700, 0x000002d009dd43c0,
0x000002d009dd0ed0, 0x000002d009dd1870, 0x000002d009dd78b0, 0x000002d009dd5bd0,
0x000002d009dd3080, 0x000002d009dd4890, 0x000002d008903650, 0x000002d0089079b0,
0x000002d008906670, 0x000002d008903b20, 0x000002d008903180, 0x000002d008900630,
0x000002d008904990, 0x000002d008907010, 0x000002d008901e40
}

Java Threads: ( => current thread )
  0x000002d06aeab6e0 JavaThread "main" [_thread_blocked, id=17540, stack(0x000000f836100000,0x000000f836200000)]
  0x000002d07ed20260 JavaThread "Reference Handler" daemon [_thread_blocked, id=6644, stack(0x000000f836800000,0x000000f836900000)]
  0x000002d07ed22880 JavaThread "Finalizer" daemon [_thread_blocked, id=15956, stack(0x000000f836900000,0x000000f836a00000)]
  0x000002d07ed2c950 JavaThread "Signal Dispatcher" daemon [_thread_blocked, id=9664, stack(0x000000f836a00000,0x000000f836b00000)]
  0x000002d07ed2d410 JavaThread "Attach Listener" daemon [_thread_blocked, id=10896, stack(0x000000f836b00000,0x000000f836c00000)]
  0x000002d07ed2ea60 JavaThread "Service Thread" daemon [_thread_blocked, id=10260, stack(0x000000f836c00000,0x000000f836d00000)]
  0x000002d07f81cc90 JavaThread "Monitor Deflation Thread" daemon [_thread_blocked, id=9152, stack(0x000000f836d00000,0x000000f836e00000)]
  0x000002d07f8216c0 JavaThread "C2 CompilerThread0" daemon [_thread_blocked, id=13560, stack(0x000000f836e00000,0x000000f836f00000)]
  0x000002d07f842910 JavaThread "C1 CompilerThread0" daemon [_thread_blocked, id=12936, stack(0x000000f836f00000,0x000000f837000000)]
  0x000002d07f856270 JavaThread "Sweeper thread" daemon [_thread_blocked, id=12480, stack(0x000000f837000000,0x000000f837100000)]
  0x000002d07f9f6110 JavaThread "Common-Cleaner" daemon [_thread_blocked, id=13300, stack(0x000000f837100000,0x000000f837200000)]
  0x000002d07f9d9650 JavaThread "Notification Thread" daemon [_thread_blocked, id=12208, stack(0x000000f837200000,0x000000f837300000)]
  0x000002d008cae010 JavaThread "Daemon health stats" [_thread_blocked, id=9900, stack(0x000000f837900000,0x000000f837a00000)]
  0x000002d008912e00 JavaThread "Incoming local TCP Connector on port 55673" [_thread_in_native, id=17112, stack(0x000000f837a00000,0x000000f837b00000)]
  0x000002d0083db920 JavaThread "Daemon periodic checks" [_thread_blocked, id=11496, stack(0x000000f837b00000,0x000000f837c00000)]
  0x000002d008cad210 JavaThread "Daemon" [_thread_blocked, id=3596, stack(0x000000f837c00000,0x000000f837d00000)]
  0x000002d008cadab0 JavaThread "Handler for socket connection from /127.0.0.1:55673 to /127.0.0.1:55674" [_thread_in_native, id=1744, stack(0x000000f837d00000,0x000000f837e00000)]
  0x000002d00857a900 JavaThread "Cancel handler" [_thread_blocked, id=7924, stack(0x000000f837e00000,0x000000f837f00000)]
  0x000002d00857b2a0 JavaThread "Daemon worker" [_thread_blocked, id=3736, stack(0x000000f837f00000,0x000000f838000000)]
  0x000002d00857d920 JavaThread "Asynchronous log dispatcher for DefaultDaemonConnection: socket connection from /127.0.0.1:55673 to /127.0.0.1:55674" [_thread_blocked, id=11252, stack(0x000000f838000000,0x000000f838100000)]
  0x000002d00857c5e0 JavaThread "Stdin handler" [_thread_blocked, id=12708, stack(0x000000f838100000,0x000000f838200000)]
  0x000002d00857d450 JavaThread "Daemon client event forwarder" [_thread_blocked, id=5464, stack(0x000000f838200000,0x000000f838300000)]
  0x000002d00857cf80 JavaThread "Cache worker for journal cache (C:\Users\DELL\.gradle\caches\journal-1)" [_thread_blocked, id=1548, stack(0x000000f838600000,0x000000f838700000)]
  0x000002d00857a430 JavaThread "File lock request listener" [_thread_in_native, id=12416, stack(0x000000f838700000,0x000000f838800000)]
  0x000002d00857c110 JavaThread "Cache worker for file hash cache (C:\Users\DELL\.gradle\caches\8.0\fileHashes)" [_thread_blocked, id=15336, stack(0x000000f838800000,0x000000f838900000)]
  0x000002d00857b770 JavaThread "File watcher server" daemon [_thread_blocked, id=9296, stack(0x000000f838900000,0x000000f838a00000)]
  0x000002d00857bc40 JavaThread "File watcher consumer" daemon [_thread_blocked, id=7024, stack(0x000000f838a00000,0x000000f838b00000)]
  0x000002d00857ddf0 JavaThread "Cache worker for checksums cache (D:\MyApplication\.gradle\8.0\checksums)" [_thread_blocked, id=2276, stack(0x000000f838b00000,0x000000f838c00000)]
  0x000002d00857cab0 JavaThread "Cache worker for cache directory md-rule (C:\Users\DELL\.gradle\caches\8.0\md-rule)" [_thread_blocked, id=10320, stack(0x000000f838c00000,0x000000f838d00000)]
  0x000002d00857add0 JavaThread "Cache worker for file content cache (C:\Users\DELL\.gradle\caches\8.0\fileContent)" [_thread_blocked, id=13656, stack(0x000000f838d00000,0x000000f838e00000)]
  0x000002d00779c120 JavaThread "Cache worker for file hash cache (D:\MyApplication\.gradle\8.0\fileHashes)" [_thread_blocked, id=1720, stack(0x000000f838e00000,0x000000f838f00000)]
  0x000002d00779d930 JavaThread "Cache worker for cache directory md-supplier (C:\Users\DELL\.gradle\caches\8.0\md-supplier)" [_thread_blocked, id=12884, stack(0x000000f838f00000,0x000000f839000000)]
  0x000002d007799f70 JavaThread "Cache worker for execution history cache (C:\Users\DELL\.gradle\caches\8.0\executionHistory)" [_thread_blocked, id=6832, stack(0x000000f839000000,0x000000f839100000)]
  0x000002d007798760 JavaThread "jar transforms" [_thread_blocked, id=17464, stack(0x000000f839100000,0x000000f839200000)]
  0x000002d00779c5f0 JavaThread "jar transforms Thread 2" [_thread_blocked, id=15700, stack(0x000000f839200000,0x000000f839300000)]
  0x000002d0077995d0 JavaThread "Cache worker for kotlin-dsl (C:\Users\DELL\.gradle\caches\8.0\kotlin-dsl)" [_thread_blocked, id=11736, stack(0x000000f839400000,0x000000f839500000)]
  0x000002d00779ade0 JavaThread "jar transforms Thread 3" [_thread_blocked, id=8840, stack(0x000000f839500000,0x000000f839600000)]
  0x000002d00779b2b0 JavaThread "jar transforms Thread 4" [_thread_blocked, id=11632, stack(0x000000f839600000,0x000000f839700000)]
  0x000002d00779fae0 JavaThread "Cache worker for dependencies-accessors (D:\MyApplication\.gradle\8.0\dependencies-accessors)" [_thread_blocked, id=10144, stack(0x000000f839700000,0x000000f839800000)]
  0x000002d00779a910 JavaThread "Cache worker for Build Output Cleanup Cache (D:\MyApplication\.gradle\buildOutputCleanup)" [_thread_blocked, id=17020, stack(0x000000f839800000,0x000000f839900000)]
  0x000002d00779de00 JavaThread "jar transforms Thread 5" [_thread_blocked, id=7512, stack(0x000000f839900000,0x000000f839a00000)]
  0x000002d00779b780 JavaThread "Unconstrained build operations" [_thread_blocked, id=3248, stack(0x000000f839a00000,0x000000f839b00000)]
  0x000002d00779e7a0 JavaThread "Unconstrained build operations Thread 2" [_thread_blocked, id=5396, stack(0x000000f839b00000,0x000000f839c00000)]
  0x000002d00779ec70 JavaThread "Unconstrained build operations Thread 3" [_thread_blocked, id=15016, stack(0x000000f839c00000,0x000000f839d00000)]
  0x000002d00779cac0 JavaThread "Unconstrained build operations Thread 4" [_thread_blocked, id=13448, stack(0x000000f839d00000,0x000000f839e00000)]
  0x000002d007798c30 JavaThread "Unconstrained build operations Thread 5" [_thread_blocked, id=18088, stack(0x000000f839e00000,0x000000f839f00000)]
  0x000002d007799aa0 JavaThread "Unconstrained build operations Thread 6" [_thread_blocked, id=6396, stack(0x000000f839f00000,0x000000f83a000000)]
  0x000002d00779cf90 JavaThread "Unconstrained build operations Thread 7" [_thread_blocked, id=2784, stack(0x000000f83a000000,0x000000f83a100000)]
  0x000002d00779d460 JavaThread "Unconstrained build operations Thread 8" [_thread_blocked, id=14804, stack(0x000000f83a100000,0x000000f83a200000)]
  0x000002d007799100 JavaThread "Unconstrained build operations Thread 9" [_thread_blocked, id=17948, stack(0x000000f83a200000,0x000000f83a300000)]
  0x000002d00779a440 JavaThread "Unconstrained build operations Thread 10" [_thread_blocked, id=18300, stack(0x000000f83a300000,0x000000f83a400000)]
  0x000002d00779f610 JavaThread "Unconstrained build operations Thread 11" [_thread_blocked, id=10516, stack(0x000000f83a400000,0x000000f83a500000)]
  0x000002d009d3b2d0 JavaThread "Unconstrained build operations Thread 12" [_thread_blocked, id=7576, stack(0x000000f83a500000,0x000000f83a600000)]
  0x000002d009d3c140 JavaThread "Unconstrained build operations Thread 13" [_thread_blocked, id=13256, stack(0x000000f83a600000,0x000000f83a700000)]
  0x000002d009d3e7c0 JavaThread "Unconstrained build operations Thread 14" [_thread_blocked, id=14320, stack(0x000000f83a700000,0x000000f83a800000)]
  0x000002d009d40e40 JavaThread "Unconstrained build operations Thread 15" [_thread_blocked, id=14764, stack(0x000000f83a800000,0x000000f83a900000)]
  0x000002d009d404a0 JavaThread "Unconstrained build operations Thread 16" [_thread_blocked, id=8408, stack(0x000000f83a900000,0x000000f83aa00000)]
  0x000002d009d3de20 JavaThread "Unconstrained build operations Thread 17" [_thread_blocked, id=7876, stack(0x000000f83aa00000,0x000000f83ab00000)]
  0x000002d009d3ec90 JavaThread "Unconstrained build operations Thread 18" [_thread_blocked, id=10832, stack(0x000000f83ab00000,0x000000f83ac00000)]
  0x000002d009d3e2f0 JavaThread "Unconstrained build operations Thread 19" [_thread_blocked, id=14344, stack(0x000000f83ac00000,0x000000f83ad00000)]
  0x000002d009d3ffd0 JavaThread "Unconstrained build operations Thread 20" [_thread_blocked, id=17460, stack(0x000000f83ad00000,0x000000f83ae00000)]
  0x000002d009d3f160 JavaThread "Unconstrained build operations Thread 21" [_thread_blocked, id=18008, stack(0x000000f83ae00000,0x000000f83af00000)]
  0x000002d009d3d480 JavaThread "Unconstrained build operations Thread 22" [_thread_blocked, id=17772, stack(0x000000f83af00000,0x000000f83b000000)]
  0x000002d009d3bc70 JavaThread "Unconstrained build operations Thread 23" [_thread_blocked, id=15176, stack(0x000000f83b000000,0x000000f83b100000)]
  0x000002d009d3f630 JavaThread "Unconstrained build operations Thread 24" [_thread_blocked, id=18196, stack(0x000000f83b100000,0x000000f83b200000)]
  0x000002d009d3fb00 JavaThread "Unconstrained build operations Thread 25" [_thread_blocked, id=5500, stack(0x000000f83b200000,0x000000f83b300000)]
  0x000002d009d40970 JavaThread "Unconstrained build operations Thread 26" [_thread_blocked, id=2024, stack(0x000000f83b300000,0x000000f83b400000)]
  0x000002d009d41310 JavaThread "Unconstrained build operations Thread 27" [_thread_blocked, id=964, stack(0x000000f83b400000,0x000000f83b500000)]
  0x000002d009d3a460 JavaThread "Unconstrained build operations Thread 28" [_thread_blocked, id=17192, stack(0x000000f83b500000,0x000000f83b600000)]
  0x000002d009d3d950 JavaThread "Unconstrained build operations Thread 29" [_thread_blocked, id=3300, stack(0x000000f83b600000,0x000000f83b700000)]
  0x000002d009d417e0 JavaThread "Unconstrained build operations Thread 30" [_thread_blocked, id=16872, stack(0x000000f83b700000,0x000000f83b800000)]
  0x000002d009d3c610 JavaThread "Unconstrained build operations Thread 31" [_thread_blocked, id=3352, stack(0x000000f83b800000,0x000000f83b900000)]
  0x000002d009d39f90 JavaThread "Unconstrained build operations Thread 32" [_thread_blocked, id=15856, stack(0x000000f83b900000,0x000000f83ba00000)]
  0x000002d009d3a930 JavaThread "Unconstrained build operations Thread 33" [_thread_blocked, id=8492, stack(0x000000f83ba00000,0x000000f83bb00000)]
  0x000002d009d3ae00 JavaThread "Unconstrained build operations Thread 34" [_thread_blocked, id=8864, stack(0x000000f83bb00000,0x000000f83bc00000)]
  0x000002d009d3b7a0 JavaThread "Unconstrained build operations Thread 35" [_thread_blocked, id=8952, stack(0x000000f83bc00000,0x000000f83bd00000)]
  0x000002d009d3cae0 JavaThread "Unconstrained build operations Thread 36" [_thread_blocked, id=3892, stack(0x000000f83bd00000,0x000000f83be00000)]
  0x000002d009d3cfb0 JavaThread "Unconstrained build operations Thread 37" [_thread_blocked, id=14016, stack(0x000000f83be00000,0x000000f83bf00000)]
  0x000002d009d69760 JavaThread "Unconstrained build operations Thread 38" [_thread_blocked, id=14728, stack(0x000000f83bf00000,0x000000f83c000000)]
  0x000002d009d6c780 JavaThread "Unconstrained build operations Thread 39" [_thread_blocked, id=9572, stack(0x000000f83c000000,0x000000f83c100000)]
  0x000002d009d6b440 JavaThread "Unconstrained build operations Thread 40" [_thread_blocked, id=11800, stack(0x000000f83c100000,0x000000f83c200000)]
  0x000002d009d69c30 JavaThread "Unconstrained build operations Thread 41" [_thread_blocked, id=17436, stack(0x000000f83c200000,0x000000f83c300000)]
  0x000002d009d6df90 JavaThread "Unconstrained build operations Thread 42" [_thread_blocked, id=9276, stack(0x000000f83c300000,0x000000f83c400000)]
  0x000002d009d6ee00 JavaThread "Unconstrained build operations Thread 43" [_thread_blocked, id=9932, stack(0x000000f83c400000,0x000000f83c500000)]
  0x000002d009d6bde0 JavaThread "Unconstrained build operations Thread 44" [_thread_blocked, id=10604, stack(0x000000f83c500000,0x000000f83c600000)]
  0x000002d009d68dc0 JavaThread "Unconstrained build operations Thread 45" [_thread_blocked, id=2184, stack(0x000000f83c600000,0x000000f83c700000)]
  0x000002d009d6e460 JavaThread "Unconstrained build operations Thread 46" [_thread_blocked, id=13644, stack(0x000000f83c700000,0x000000f83c800000)]
  0x000002d009d6f7a0 JavaThread "Unconstrained build operations Thread 47" [_thread_blocked, id=9056, stack(0x000000f83c800000,0x000000f83c900000)]
  0x000002d009d6a100 JavaThread "Unconstrained build operations Thread 48" [_thread_blocked, id=17516, stack(0x000000f83c900000,0x000000f83ca00000)]
  0x000002d009d6cc50 JavaThread "Unconstrained build operations Thread 49" [_thread_blocked, id=15248, stack(0x000000f83ca00000,0x000000f83cb00000)]
  0x000002d009d6b910 JavaThread "Unconstrained build operations Thread 50" [_thread_blocked, id=7552, stack(0x000000f83cb00000,0x000000f83cc00000)]
  0x000002d009d6e930 JavaThread "Unconstrained build operations Thread 51" [_thread_blocked, id=1148, stack(0x000000f83cc00000,0x000000f83cd00000)]
  0x000002d009d6a5d0 JavaThread "Unconstrained build operations Thread 52" [_thread_blocked, id=11660, stack(0x000000f83cd00000,0x000000f83ce00000)]
  0x000002d009d6f2d0 JavaThread "Unconstrained build operations Thread 53" [_thread_blocked, id=16008, stack(0x000000f83ce00000,0x000000f83cf00000)]
  0x000002d009d67f50 JavaThread "Unconstrained build operations Thread 54" [_thread_blocked, id=1508, stack(0x000000f83cf00000,0x000000f83d000000)]
  0x000002d009d68420 JavaThread "Unconstrained build operations Thread 55" [_thread_blocked, id=14212, stack(0x000000f83d000000,0x000000f83d100000)]
  0x000002d009d688f0 JavaThread "Unconstrained build operations Thread 56" [_thread_blocked, id=14596, stack(0x000000f83d100000,0x000000f83d200000)]
  0x000002d009d6c2b0 JavaThread "Unconstrained build operations Thread 57" [_thread_blocked, id=12704, stack(0x000000f83d200000,0x000000f83d300000)]
  0x000002d009d6d120 JavaThread "Unconstrained build operations Thread 58" [_thread_blocked, id=12640, stack(0x000000f83d300000,0x000000f83d400000)]
  0x000002d009d6d5f0 JavaThread "Unconstrained build operations Thread 59" [_thread_blocked, id=13548, stack(0x000000f83d400000,0x000000f83d500000)]
  0x000002d009d69290 JavaThread "Unconstrained build operations Thread 60" [_thread_blocked, id=16268, stack(0x000000f83d500000,0x000000f83d600000)]
  0x000002d009d6aaa0 JavaThread "Unconstrained build operations Thread 61" [_thread_blocked, id=8960, stack(0x000000f83d600000,0x000000f83d700000)]
  0x000002d009d6af70 JavaThread "Unconstrained build operations Thread 62" [_thread_blocked, id=6856, stack(0x000000f83d700000,0x000000f83d800000)]
  0x000002d009d6dac0 JavaThread "Unconstrained build operations Thread 63" [_thread_blocked, id=16136, stack(0x000000f83d800000,0x000000f83d900000)]
  0x000002d009dd2bb0 JavaThread "Unconstrained build operations Thread 64" [_thread_blocked, id=15376, stack(0x000000f83d900000,0x000000f83da00000)]
  0x000002d009dd6f10 JavaThread "Unconstrained build operations Thread 65" [_thread_blocked, id=10496, stack(0x000000f83da00000,0x000000f83db00000)]
  0x000002d009dd0a00 JavaThread "Unconstrained build operations Thread 66" [_thread_blocked, id=18080, stack(0x000000f83db00000,0x000000f83dc00000)]
  0x000002d009dd3a20 JavaThread "Unconstrained build operations Thread 67" [_thread_blocked, id=6756, stack(0x000000f83dc00000,0x000000f83dd00000)]
  0x000002d009dd0530 JavaThread "Unconstrained build operations Thread 68" [_thread_blocked, id=7800, stack(0x000000f83dd00000,0x000000f83de00000)]
  0x000002d009dd2210 JavaThread "Unconstrained build operations Thread 69" [_thread_blocked, id=10368, stack(0x000000f83de00000,0x000000f83df00000)]
  0x000002d009dd60a0 JavaThread "Unconstrained build operations Thread 70" [_thread_blocked, id=5100, stack(0x000000f83df00000,0x000000f83e000000)]
  0x000002d009dd73e0 JavaThread "Unconstrained build operations Thread 71" [_thread_blocked, id=15744, stack(0x000000f83e000000,0x000000f83e100000)]
  0x000002d009dd26e0 JavaThread "Unconstrained build operations Thread 72" [_thread_blocked, id=15084, stack(0x000000f83e100000,0x000000f83e200000)]
  0x000002d009dd5230 JavaThread "Unconstrained build operations Thread 73" [_thread_blocked, id=12360, stack(0x000000f83e200000,0x000000f83e300000)]
  0x000002d009dd3ef0 JavaThread "Unconstrained build operations Thread 74" [_thread_blocked, id=7928, stack(0x000000f83e300000,0x000000f83e400000)]
  0x000002d009dd13a0 JavaThread "Unconstrained build operations Thread 75" [_thread_blocked, id=18284, stack(0x000000f83e400000,0x000000f83e500000)]
  0x000002d009dd4d60 JavaThread "Unconstrained build operations Thread 76" [_thread_blocked, id=12340, stack(0x000000f83e500000,0x000000f83e600000)]
  0x000002d009dd3550 JavaThread "Unconstrained build operations Thread 77" [_thread_blocked, id=9048, stack(0x000000f83e600000,0x000000f83e700000)]
  0x000002d009dd5700 JavaThread "Unconstrained build operations Thread 78" [_thread_blocked, id=2124, stack(0x000000f83e700000,0x000000f83e800000)]
  0x000002d009dd43c0 JavaThread "Unconstrained build operations Thread 79" [_thread_blocked, id=11964, stack(0x000000f83e800000,0x000000f83e900000)]
  0x000002d009dd0ed0 JavaThread "Unconstrained build operations Thread 80" [_thread_blocked, id=2592, stack(0x000000f83e900000,0x000000f83ea00000)]
  0x000002d009dd1870 JavaThread "jar transforms Thread 6" [_thread_blocked, id=592, stack(0x000000f83ea00000,0x000000f83eb00000)]
  0x000002d009dd78b0 JavaThread "jar transforms Thread 7" [_thread_blocked, id=16732, stack(0x000000f83eb00000,0x000000f83ec00000)]
  0x000002d009dd5bd0 JavaThread "jar transforms Thread 8" [_thread_blocked, id=3272, stack(0x000000f83ec00000,0x000000f83ed00000)]
  0x000002d009dd3080 JavaThread "build event listener" [_thread_blocked, id=12160, stack(0x000000f83ed00000,0x000000f83ee00000)]
  0x000002d009dd4890 JavaThread "Memory manager" [_thread_blocked, id=12616, stack(0x000000f83ee00000,0x000000f83ef00000)]
  0x000002d008903650 JavaThread "included builds" [_thread_blocked, id=8768, stack(0x000000f83ef00000,0x000000f83f000000)]
  0x000002d0089079b0 JavaThread "Execution worker" [_thread_blocked, id=4572, stack(0x000000f83f000000,0x000000f83f100000)]
  0x000002d008906670 JavaThread "Execution worker Thread 2" [_thread_blocked, id=8848, stack(0x000000f83f100000,0x000000f83f200000)]
  0x000002d008903b20 JavaThread "Execution worker Thread 3" [_thread_blocked, id=16332, stack(0x000000f83f200000,0x000000f83f300000)]
  0x000002d008903180 JavaThread "Execution worker Thread 4" [_thread_blocked, id=9800, stack(0x000000f83f300000,0x000000f83f400000)]
  0x000002d008900630 JavaThread "Execution worker Thread 5" [_thread_blocked, id=17228, stack(0x000000f83f400000,0x000000f83f500000)]
  0x000002d008904990 JavaThread "Execution worker Thread 6" [_thread_blocked, id=10248, stack(0x000000f83f500000,0x000000f83f600000)]
  0x000002d008907010 JavaThread "Execution worker Thread 7" [_thread_blocked, id=17128, stack(0x000000f83f600000,0x000000f83f700000)]
  0x000002d008901e40 JavaThread "Cache worker for execution history cache (D:\MyApplication\.gradle\8.0\executionHistory)" [_thread_blocked, id=17756, stack(0x000000f83f700000,0x000000f83f800000)]

Other Threads:
=>0x000002d07ecfda30 VMThread "VM Thread" [stack: 0x000000f836700000,0x000000f836800000] [id=18220]
  0x000002d06af26230 WatcherThread [stack: 0x000000f837300000,0x000000f837400000] [id=2664]
  0x000002d06af083c0 GCTaskThread "GC Thread#0" [stack: 0x000000f836200000,0x000000f836300000] [id=11140]
  0x000002d0069eb220 GCTaskThread "GC Thread#1" [stack: 0x000000f837400000,0x000000f837500000] [id=10540]
  0x000002d00662ffd0 GCTaskThread "GC Thread#2" [stack: 0x000000f837500000,0x000000f837600000] [id=17324]
  0x000002d006a0eb40 GCTaskThread "GC Thread#3" [stack: 0x000000f837600000,0x000000f837700000] [id=860]
  0x000002d006945e00 GCTaskThread "GC Thread#4" [stack: 0x000000f837700000,0x000000f837800000] [id=12244]
  0x000002d0088bf430 GCTaskThread "GC Thread#5" [stack: 0x000000f837800000,0x000000f837900000] [id=5748]
  0x000002d008910a40 GCTaskThread "GC Thread#6" [stack: 0x000000f838300000,0x000000f838400000] [id=15592]
  0x000002d008580c20 GCTaskThread "GC Thread#7" [stack: 0x000000f838400000,0x000000f838500000] [id=11680]
  0x000002d06af19300 ConcurrentGCThread "G1 Main Marker" [stack: 0x000000f836300000,0x000000f836400000] [id=4868]
  0x000002d06af1b4c0 ConcurrentGCThread "G1 Conc#0" [stack: 0x000000f836400000,0x000000f836500000] [id=16012]
  0x000002d008766110 ConcurrentGCThread "G1 Conc#1" [stack: 0x000000f838500000,0x000000f838600000] [id=13736]
  0x000002d07eb540c0 ConcurrentGCThread "G1 Refine#0" [stack: 0x000000f836500000,0x000000f836600000] [id=16324]
  0x000002d00989e7e0 ConcurrentGCThread "G1 Refine#1" [stack: 0x000000f839300000,0x000000f839400000] [id=12336]
  0x000002d07eb54ae0 ConcurrentGCThread "G1 Service" [stack: 0x000000f836600000,0x000000f836700000] [id=16820]

Threads with active compile tasks:
C2 CompilerThread0    17719 8833       4       java.util.Arrays::binarySearch0 (95 bytes)
C1 CompilerThread0    17719 9698       2       com.google.common.cache.LocalCache$Segment::expand (282 bytes)

VM state: at safepoint (normal execution)

VM Mutex/Monitor currently owned by a thread:  ([mutex/lock_event])
[0x000002d06aea4e60] Threads_lock - owner thread: 0x000002d07ecfda30
[0x000002d06aea6060] Heap_lock - owner thread: 0x000002d00857c110

Heap address: 0x0000000080000000, size: 2048 MB, Compressed Oops mode: 32-bit

CDS archive(s) not mapped
Compressed class space mapped at: 0x0000000100000000-0x0000000140000000, reserved size: 1073741824
Narrow klass base: 0x0000000000000000, Narrow klass shift: 3, Narrow klass range: 0x140000000

GC Precious Log:
 CPUs: 8 total, 8 available
 Memory: 7934M
 Large Page Support: Disabled
 NUMA Support: Disabled
 Compressed Oops: Enabled (32-bit)
 Heap Region Size: 1M
 Heap Min Capacity: 8M
 Heap Initial Capacity: 124M
 Heap Max Capacity: 2G
 Pre-touch: Disabled
 Parallel Workers: 8
 Concurrent Workers: 2
 Concurrent Refinement Workers: 8
 Periodic GC: Disabled

Heap:
 garbage-first heap   total 128000K, used 76888K [0x0000000080000000, 0x0000000100000000)
  region size 1024K, 1 young (1024K), 1 survivors (1024K)
 Metaspace       used 90298K, committed 91008K, reserved 1130496K
  class space    used 12385K, committed 12736K, reserved 1048576K

Heap Regions: E=young(eden), S=young(survivor), O=old, HS=humongous(starts), HC=humongous(continues), CS=collection set, F=free, OA=open archive, CA=closed archive, TAMS=top-at-mark-start (previous, next)
|   0|0x0000000080000000, 0x0000000080100000, 0x0000000080100000|100%|HS|  |TAMS 0x0000000080100000, 0x0000000080000000| Complete 
|   1|0x0000000080100000, 0x0000000080200000, 0x0000000080200000|100%|HC|  |TAMS 0x0000000080200000, 0x0000000080100000| Complete 
|   2|0x0000000080200000, 0x0000000080300000, 0x0000000080300000|100%|HC|  |TAMS 0x0000000080300000, 0x0000000080200000| Complete 
|   3|0x0000000080300000, 0x0000000080400000, 0x0000000080400000|100%|HC|  |TAMS 0x0000000080400000, 0x0000000080300000| Complete 
|   4|0x0000000080400000, 0x0000000080500000, 0x0000000080500000|100%| O|  |TAMS 0x0000000080500000, 0x0000000080400000| Untracked 
|   5|0x0000000080500000, 0x0000000080600000, 0x0000000080600000|100%| O|  |TAMS 0x0000000080600000, 0x0000000080500000| Untracked 
|   6|0x0000000080600000, 0x0000000080700000, 0x0000000080700000|100%| O|  |TAMS 0x0000000080700000, 0x0000000080600000| Untracked 
|   7|0x0000000080700000, 0x0000000080800000, 0x0000000080800000|100%| O|  |TAMS 0x0000000080800000, 0x0000000080700000| Untracked 
|   8|0x0000000080800000, 0x0000000080900000, 0x0000000080900000|100%| O|  |TAMS 0x0000000080900000, 0x0000000080800000| Untracked 
|   9|0x0000000080900000, 0x0000000080a00000, 0x0000000080a00000|100%| O|  |TAMS 0x0000000080a00000, 0x0000000080900000| Untracked 
|  10|0x0000000080a00000, 0x0000000080b00000, 0x0000000080b00000|100%| O|  |TAMS 0x0000000080b00000, 0x0000000080a00000| Untracked 
|  11|0x0000000080b00000, 0x0000000080c00000, 0x0000000080c00000|100%| O|  |TAMS 0x0000000080c00000, 0x0000000080b00000| Untracked 
|  12|0x0000000080c00000, 0x0000000080d00000, 0x0000000080d00000|100%| O|  |TAMS 0x0000000080d00000, 0x0000000080c00000| Untracked 
|  13|0x0000000080d00000, 0x0000000080e00000, 0x0000000080e00000|100%| O|  |TAMS 0x0000000080e00000, 0x0000000080d00000| Untracked 
|  14|0x0000000080e00000, 0x0000000080f00000, 0x0000000080f00000|100%| O|  |TAMS 0x0000000080f00000, 0x0000000080e00000| Untracked 
|  15|0x0000000080f00000, 0x0000000081000000, 0x0000000081000000|100%| O|  |TAMS 0x0000000081000000, 0x0000000080f00000| Untracked 
|  16|0x0000000081000000, 0x0000000081100000, 0x0000000081100000|100%| O|  |TAMS 0x0000000081100000, 0x0000000081000000| Untracked 
|  17|0x0000000081100000, 0x0000000081200000, 0x0000000081200000|100%| O|  |TAMS 0x0000000081200000, 0x0000000081100000| Untracked 
|  18|0x0000000081200000, 0x0000000081300000, 0x0000000081300000|100%| O|  |TAMS 0x0000000081300000, 0x0000000081200000| Untracked 
|  19|0x0000000081300000, 0x0000000081400000, 0x0000000081400000|100%| O|  |TAMS 0x0000000081400000, 0x0000000081300000| Untracked 
|  20|0x0000000081400000, 0x0000000081500000, 0x0000000081500000|100%| O|  |TAMS 0x0000000081500000, 0x0000000081400000| Untracked 
|  21|0x0000000081500000, 0x0000000081600000, 0x0000000081600000|100%| O|  |TAMS 0x0000000081600000, 0x0000000081500000| Untracked 
|  22|0x0000000081600000, 0x0000000081700000, 0x0000000081700000|100%| O|  |TAMS 0x0000000081700000, 0x0000000081600000| Untracked 
|  23|0x0000000081700000, 0x0000000081800000, 0x0000000081800000|100%| O|  |TAMS 0x0000000081800000, 0x0000000081700000| Untracked 
|  24|0x0000000081800000, 0x0000000081800000, 0x0000000081900000|  0%| F|  |TAMS 0x0000000081800000, 0x0000000081800000| Untracked 
|  25|0x0000000081900000, 0x0000000081a00000, 0x0000000081a00000|100%|HS|  |TAMS 0x0000000081a00000, 0x0000000081900000| Complete 
|  26|0x0000000081a00000, 0x0000000081b00000, 0x0000000081b00000|100%| O|  |TAMS 0x0000000081b00000, 0x0000000081a00000| Untracked 
|  27|0x0000000081b00000, 0x0000000081c00000, 0x0000000081c00000|100%| O|  |TAMS 0x0000000081c00000, 0x0000000081b00000| Untracked 
|  28|0x0000000081c00000, 0x0000000081d00000, 0x0000000081d00000|100%| O|  |TAMS 0x0000000081d00000, 0x0000000081c00000| Untracked 
|  29|0x0000000081d00000, 0x0000000081e00000, 0x0000000081e00000|100%| O|  |TAMS 0x0000000081e00000, 0x0000000081d00000| Untracked 
|  30|0x0000000081e00000, 0x0000000081f00000, 0x0000000081f00000|100%| O|  |TAMS 0x0000000081f00000, 0x0000000081e00000| Untracked 
|  31|0x0000000081f00000, 0x0000000082000000, 0x0000000082000000|100%|HS|  |TAMS 0x0000000082000000, 0x0000000081f00000| Complete 
|  32|0x0000000082000000, 0x0000000082100000, 0x0000000082100000|100%|HS|  |TAMS 0x0000000082100000, 0x0000000082000000| Complete 
|  33|0x0000000082100000, 0x0000000082200000, 0x0000000082200000|100%| O|  |TAMS 0x0000000082200000, 0x0000000082100000| Untracked 
|  34|0x0000000082200000, 0x0000000082300000, 0x0000000082300000|100%| O|  |TAMS 0x0000000082300000, 0x0000000082200000| Untracked 
|  35|0x0000000082300000, 0x0000000082400000, 0x0000000082400000|100%| O|  |TAMS 0x0000000082400000, 0x0000000082300000| Untracked 
|  36|0x0000000082400000, 0x0000000082500000, 0x0000000082500000|100%| O|  |TAMS 0x0000000082500000, 0x0000000082400000| Untracked 
|  37|0x0000000082500000, 0x0000000082600000, 0x0000000082600000|100%| O|  |TAMS 0x0000000082600000, 0x0000000082500000| Untracked 
|  38|0x0000000082600000, 0x0000000082700000, 0x0000000082700000|100%| O|  |TAMS 0x0000000082700000, 0x0000000082600000| Untracked 
|  39|0x0000000082700000, 0x0000000082800000, 0x0000000082800000|100%| O|  |TAMS 0x0000000082800000, 0x0000000082700000| Untracked 
|  40|0x0000000082800000, 0x0000000082900000, 0x0000000082900000|100%| O|  |TAMS 0x0000000082900000, 0x0000000082800000| Untracked 
|  41|0x0000000082900000, 0x0000000082a00000, 0x0000000082a00000|100%| O|  |TAMS 0x0000000082a00000, 0x0000000082900000| Untracked 
|  42|0x0000000082a00000, 0x0000000082b00000, 0x0000000082b00000|100%| O|  |TAMS 0x0000000082b00000, 0x0000000082a00000| Untracked 
|  43|0x0000000082b00000, 0x0000000082c00000, 0x0000000082c00000|100%| O|  |TAMS 0x0000000082c00000, 0x0000000082b00000| Untracked 
|  44|0x0000000082c00000, 0x0000000082d00000, 0x0000000082d00000|100%| O|  |TAMS 0x0000000082d00000, 0x0000000082c00000| Untracked 
|  45|0x0000000082d00000, 0x0000000082e00000, 0x0000000082e00000|100%| O|  |TAMS 0x0000000082e00000, 0x0000000082d00000| Untracked 
|  46|0x0000000082e00000, 0x0000000082f00000, 0x0000000082f00000|100%| O|  |TAMS 0x0000000082f00000, 0x0000000082e00000| Untracked 
|  47|0x0000000082f00000, 0x0000000083000000, 0x0000000083000000|100%| O|  |TAMS 0x0000000083000000, 0x0000000082f00000| Untracked 
|  48|0x0000000083000000, 0x0000000083100000, 0x0000000083100000|100%| O|  |TAMS 0x0000000083100000, 0x0000000083000000| Untracked 
|  49|0x0000000083100000, 0x0000000083200000, 0x0000000083200000|100%| O|  |TAMS 0x0000000083200000, 0x0000000083100000| Untracked 
|  50|0x0000000083200000, 0x0000000083300000, 0x0000000083300000|100%| O|  |TAMS 0x0000000083300000, 0x0000000083200000| Untracked 
|  51|0x0000000083300000, 0x0000000083400000, 0x0000000083400000|100%| O|  |TAMS 0x0000000083400000, 0x0000000083300000| Untracked 
|  52|0x0000000083400000, 0x0000000083500000, 0x0000000083500000|100%| O|  |TAMS 0x0000000083500000, 0x0000000083400000| Untracked 
|  53|0x0000000083500000, 0x0000000083600000, 0x0000000083600000|100%| O|  |TAMS 0x0000000083600000, 0x0000000083500000| Untracked 
|  54|0x0000000083600000, 0x0000000083700000, 0x0000000083700000|100%| O|  |TAMS 0x0000000083700000, 0x0000000083600000| Untracked 
|  55|0x0000000083700000, 0x0000000083800000, 0x0000000083800000|100%| O|  |TAMS 0x0000000083800000, 0x0000000083700000| Untracked 
|  56|0x0000000083800000, 0x0000000083900000, 0x0000000083900000|100%| O|  |TAMS 0x0000000083900000, 0x0000000083800000| Untracked 
|  57|0x0000000083900000, 0x0000000083a00000, 0x0000000083a00000|100%| O|  |TAMS 0x0000000083a00000, 0x0000000083900000| Untracked 
|  58|0x0000000083a00000, 0x0000000083b00000, 0x0000000083b00000|100%| O|  |TAMS 0x0000000083b00000, 0x0000000083a00000| Untracked 
|  59|0x0000000083b00000, 0x0000000083c00000, 0x0000000083c00000|100%| O|  |TAMS 0x0000000083c00000, 0x0000000083b00000| Untracked 
|  60|0x0000000083c00000, 0x0000000083d00000, 0x0000000083d00000|100%| O|  |TAMS 0x0000000083d00000, 0x0000000083c00000| Untracked 
|  61|0x0000000083d00000, 0x0000000083e00000, 0x0000000083e00000|100%| O|  |TAMS 0x0000000083e00000, 0x0000000083d00000| Untracked 
|  62|0x0000000083e00000, 0x0000000083f00000, 0x0000000083f00000|100%| O|  |TAMS 0x0000000083ec0a00, 0x0000000083e00000| Untracked 
|  63|0x0000000083f00000, 0x0000000084000000, 0x0000000084000000|100%| O|  |TAMS 0x0000000083f00000, 0x0000000083f00000| Untracked 
|  64|0x0000000084000000, 0x0000000084100000, 0x0000000084100000|100%| O|  |TAMS 0x0000000084000000, 0x0000000084000000| Untracked 
|  65|0x0000000084100000, 0x0000000084200000, 0x0000000084200000|100%| O|  |TAMS 0x0000000084100000, 0x0000000084100000| Untracked 
|  66|0x0000000084200000, 0x0000000084300000, 0x0000000084300000|100%| O|  |TAMS 0x0000000084200000, 0x0000000084200000| Untracked 
|  67|0x0000000084300000, 0x0000000084400000, 0x0000000084400000|100%| O|  |TAMS 0x0000000084300000, 0x0000000084300000| Untracked 
|  68|0x0000000084400000, 0x0000000084500000, 0x0000000084500000|100%| O|  |TAMS 0x0000000084400000, 0x0000000084400000| Untracked 
|  69|0x0000000084500000, 0x0000000084600000, 0x0000000084600000|100%| O|  |TAMS 0x0000000084500000, 0x0000000084500000| Untracked 
|  70|0x0000000084600000, 0x0000000084700000, 0x0000000084700000|100%| O|  |TAMS 0x0000000084600000, 0x0000000084600000| Untracked 
|  71|0x0000000084700000, 0x0000000084800000, 0x0000000084800000|100%| O|  |TAMS 0x0000000084700000, 0x0000000084700000| Untracked 
|  72|0x0000000084800000, 0x0000000084900000, 0x0000000084900000|100%| O|  |TAMS 0x0000000084800000, 0x0000000084800000| Untracked 
|  73|0x0000000084900000, 0x0000000084a00000, 0x0000000084a00000|100%| O|  |TAMS 0x0000000084900000, 0x0000000084900000| Untracked 
|  74|0x0000000084a00000, 0x0000000084b00000, 0x0000000084b00000|100%| O|  |TAMS 0x0000000084a00000, 0x0000000084a00000| Untracked 
|  75|0x0000000084b00000, 0x0000000084b81000, 0x0000000084c00000| 50%| O|  |TAMS 0x0000000084b00000, 0x0000000084b00000| Untracked 
|  76|0x0000000084c00000, 0x0000000084c00000, 0x0000000084d00000|  0%| F|  |TAMS 0x0000000084c00000, 0x0000000084c00000| Untracked 
|  77|0x0000000084d00000, 0x0000000084d00000, 0x0000000084e00000|  0%| F|  |TAMS 0x0000000084d00000, 0x0000000084d00000| Untracked 
|  78|0x0000000084e00000, 0x0000000084e00000, 0x0000000084f00000|  0%| F|  |TAMS 0x0000000084e00000, 0x0000000084e00000| Untracked 
|  79|0x0000000084f00000, 0x0000000084f00000, 0x0000000085000000|  0%| F|  |TAMS 0x0000000084f00000, 0x0000000084f00000| Untracked 
|  80|0x0000000085000000, 0x0000000085000000, 0x0000000085100000|  0%| F|  |TAMS 0x0000000085000000, 0x0000000085000000| Untracked 
|  81|0x0000000085100000, 0x0000000085100000, 0x0000000085200000|  0%| F|  |TAMS 0x0000000085100000, 0x0000000085100000| Untracked 
|  82|0x0000000085200000, 0x0000000085200000, 0x0000000085300000|  0%| F|  |TAMS 0x0000000085200000, 0x0000000085200000| Untracked 
|  83|0x0000000085300000, 0x0000000085300000, 0x0000000085400000|  0%| F|  |TAMS 0x0000000085300000, 0x0000000085300000| Untracked 
|  84|0x0000000085400000, 0x0000000085400000, 0x0000000085500000|  0%| F|  |TAMS 0x0000000085400000, 0x0000000085400000| Untracked 
|  85|0x0000000085500000, 0x0000000085500000, 0x0000000085600000|  0%| F|  |TAMS 0x0000000085500000, 0x0000000085500000| Untracked 
|  86|0x0000000085600000, 0x0000000085600000, 0x0000000085700000|  0%| F|  |TAMS 0x0000000085600000, 0x0000000085600000| Untracked 
|  87|0x0000000085700000, 0x0000000085700000, 0x0000000085800000|  0%| F|  |TAMS 0x0000000085700000, 0x0000000085700000| Untracked 
|  88|0x0000000085800000, 0x0000000085800000, 0x0000000085900000|  0%| F|  |TAMS 0x0000000085800000, 0x0000000085800000| Untracked 
|  89|0x0000000085900000, 0x0000000085900000, 0x0000000085a00000|  0%| F|  |TAMS 0x0000000085900000, 0x0000000085900000| Untracked 
|  90|0x0000000085a00000, 0x0000000085a00000, 0x0000000085b00000|  0%| F|  |TAMS 0x0000000085a00000, 0x0000000085a00000| Untracked 
|  91|0x0000000085b00000, 0x0000000085b00000, 0x0000000085c00000|  0%| F|  |TAMS 0x0000000085b00000, 0x0000000085b00000| Untracked 
|  92|0x0000000085c00000, 0x0000000085c00000, 0x0000000085d00000|  0%| F|  |TAMS 0x0000000085c00000, 0x0000000085c00000| Untracked 
|  93|0x0000000085d00000, 0x0000000085d00000, 0x0000000085e00000|  0%| F|  |TAMS 0x0000000085d00000, 0x0000000085d00000| Untracked 
|  94|0x0000000085e00000, 0x0000000085e00000, 0x0000000085f00000|  0%| F|  |TAMS 0x0000000085e00000, 0x0000000085e00000| Untracked 
|  95|0x0000000085f00000, 0x0000000085f00000, 0x0000000086000000|  0%| F|  |TAMS 0x0000000085f00000, 0x0000000085f00000| Untracked 
|  96|0x0000000086000000, 0x0000000086000000, 0x0000000086100000|  0%| F|  |TAMS 0x0000000086000000, 0x0000000086000000| Untracked 
|  97|0x0000000086100000, 0x0000000086100000, 0x0000000086200000|  0%| F|  |TAMS 0x0000000086100000, 0x0000000086100000| Untracked 
|  98|0x0000000086200000, 0x0000000086200000, 0x0000000086300000|  0%| F|  |TAMS 0x0000000086200000, 0x0000000086200000| Untracked 
|  99|0x0000000086300000, 0x0000000086300000, 0x0000000086400000|  0%| F|  |TAMS 0x0000000086300000, 0x0000000086300000| Untracked 
| 100|0x0000000086400000, 0x0000000086400000, 0x0000000086500000|  0%| F|  |TAMS 0x0000000086400000, 0x0000000086400000| Untracked 
| 101|0x0000000086500000, 0x0000000086500000, 0x0000000086600000|  0%| F|  |TAMS 0x0000000086500000, 0x0000000086500000| Untracked 
| 102|0x0000000086600000, 0x0000000086600000, 0x0000000086700000|  0%| F|  |TAMS 0x0000000086600000, 0x0000000086600000| Untracked 
| 103|0x0000000086700000, 0x0000000086700000, 0x0000000086800000|  0%| F|  |TAMS 0x0000000086700000, 0x0000000086700000| Untracked 
| 104|0x0000000086800000, 0x0000000086800000, 0x0000000086900000|  0%| F|  |TAMS 0x0000000086800000, 0x0000000086800000| Untracked 
| 105|0x0000000086900000, 0x0000000086900000, 0x0000000086a00000|  0%| F|  |TAMS 0x0000000086900000, 0x0000000086900000| Untracked 
| 106|0x0000000086a00000, 0x0000000086a00000, 0x0000000086b00000|  0%| F|  |TAMS 0x0000000086a00000, 0x0000000086a00000| Untracked 
| 107|0x0000000086b00000, 0x0000000086b00000, 0x0000000086c00000|  0%| F|  |TAMS 0x0000000086b00000, 0x0000000086b00000| Untracked 
| 108|0x0000000086c00000, 0x0000000086c00000, 0x0000000086d00000|  0%| F|  |TAMS 0x0000000086c00000, 0x0000000086c00000| Untracked 
| 109|0x0000000086d00000, 0x0000000086d00000, 0x0000000086e00000|  0%| F|  |TAMS 0x0000000086d00000, 0x0000000086d00000| Untracked 
| 110|0x0000000086e00000, 0x0000000086e00000, 0x0000000086f00000|  0%| F|  |TAMS 0x0000000086e00000, 0x0000000086e00000| Untracked 
| 111|0x0000000086f00000, 0x0000000086f00000, 0x0000000087000000|  0%| F|  |TAMS 0x0000000086f00000, 0x0000000086f00000| Untracked 
| 112|0x0000000087000000, 0x0000000087000000, 0x0000000087100000|  0%| F|  |TAMS 0x0000000087000000, 0x0000000087000000| Untracked 
| 113|0x0000000087100000, 0x0000000087100000, 0x0000000087200000|  0%| F|  |TAMS 0x0000000087100000, 0x0000000087100000| Untracked 
| 114|0x0000000087200000, 0x0000000087200000, 0x0000000087300000|  0%| F|  |TAMS 0x0000000087200000, 0x0000000087200000| Untracked 
| 115|0x0000000087300000, 0x0000000087300000, 0x0000000087400000|  0%| F|  |TAMS 0x0000000087300000, 0x0000000087300000| Untracked 
| 116|0x0000000087400000, 0x0000000087400000, 0x0000000087500000|  0%| F|  |TAMS 0x0000000087400000, 0x0000000087400000| Untracked 
| 117|0x0000000087500000, 0x0000000087500000, 0x0000000087600000|  0%| F|  |TAMS 0x0000000087500000, 0x0000000087500000| Untracked 
| 118|0x0000000087600000, 0x0000000087600000, 0x0000000087700000|  0%| F|  |TAMS 0x0000000087600000, 0x0000000087600000| Untracked 
| 119|0x0000000087700000, 0x0000000087700000, 0x0000000087800000|  0%| F|  |TAMS 0x0000000087700000, 0x0000000087700000| Untracked 
| 120|0x0000000087800000, 0x0000000087800000, 0x0000000087900000|  0%| F|  |TAMS 0x0000000087800000, 0x0000000087800000| Untracked 
| 121|0x0000000087900000, 0x0000000087995240, 0x0000000087a00000| 58%| S|CS|TAMS 0x0000000087900000, 0x0000000087900000| Complete 
| 122|0x0000000087a00000, 0x0000000087a00000, 0x0000000087b00000|  0%| F|  |TAMS 0x0000000087a00000, 0x0000000087a00000| Untracked 
| 123|0x0000000087b00000, 0x0000000087b00000, 0x0000000087c00000|  0%| F|  |TAMS 0x0000000087b00000, 0x0000000087b00000| Untracked 
| 124|0x0000000087c00000, 0x0000000087c00000, 0x0000000087d00000|  0%| F|  |TAMS 0x0000000087c00000, 0x0000000087c00000| Untracked 

Card table byte_map: [0x000002d07dab0000,0x000002d07deb0000] _byte_map_base: 0x000002d07d6b0000

Marking Bits (Prev, Next): (CMBitMap*) 0x000002d06af089d0, (CMBitMap*) 0x000002d06af08a10
 Prev Bits: [0x000002d000000000, 0x000002d002000000)
 Next Bits: [0x000002d002000000, 0x000002d004000000)

Polling page: 0x000002d068de0000

Metaspace:

Usage:
  Non-class:     76.09 MB used.
      Class:     12.10 MB used.
       Both:     88.18 MB used.

Virtual space:
  Non-class space:       80.00 MB reserved,      76.44 MB ( 96%) committed,  10 nodes.
      Class space:        1.00 GB reserved,      12.44 MB (  1%) committed,  1 nodes.
             Both:        1.08 GB reserved,      88.88 MB (  8%) committed. 

Chunk freelists:
   Non-Class:  3.55 MB
       Class:  3.53 MB
        Both:  7.08 MB

MaxMetaspaceSize: unlimited
CompressedClassSpaceSize: 1.00 GB
Initial GC threshold: 21.00 MB
Current GC threshold: 147.00 MB
CDS: off
MetaspaceReclaimPolicy: balanced
 - commit_granule_bytes: 65536.
 - commit_granule_words: 8192.
 - virtual_space_node_default_size: 1048576.
 - enlarge_chunks_in_place: 1.
 - new_chunks_are_fully_committed: 0.
 - uncommit_free_chunks: 1.
 - use_allocation_guard: 0.
 - handle_deallocations: 1.


Internal statistics:

num_allocs_failed_limit: 9.
num_arena_births: 952.
num_arena_deaths: 0.
num_vsnodes_births: 11.
num_vsnodes_deaths: 0.
num_space_committed: 1422.
num_space_uncommitted: 0.
num_chunks_returned_to_freelist: 9.
num_chunks_taken_from_freelist: 4216.
num_chunk_merges: 9.
num_chunk_splits: 2801.
num_chunks_enlarged: 1905.
num_purges: 0.
num_inconsistent_stats: 0.

CodeHeap 'non-profiled nmethods': size=120000Kb used=3529Kb max_used=3529Kb free=116470Kb
 bounds [0x000002d075e50000, 0x000002d0761d0000, 0x000002d07d380000]
CodeHeap 'profiled nmethods': size=120000Kb used=15980Kb max_used=15980Kb free=104020Kb
 bounds [0x000002d06e380000, 0x000002d06f320000, 0x000002d0758b0000]
CodeHeap 'non-nmethods': size=5760Kb used=2383Kb max_used=2457Kb free=3376Kb
 bounds [0x000002d0758b0000, 0x000002d075b40000, 0x000002d075e50000]
 total_blobs=9600 nmethods=8681 adapters=831
 compilation: enabled
              stopped_count=0, restarted_count=0
 full_count=0

Compilation events (20 events):
Event: 17.652 Thread 0x000002d07f842910 nmethod 9686 0x000002d06f318690 code [0x000002d06f318820, 0x000002d06f318a38]
Event: 17.652 Thread 0x000002d07f842910 9687       2       org.gradle.internal.vfs.impl.AbstractVirtualFileSystem$$Lambda$357/0x00000001004c26c8::update (17 bytes)
Event: 17.652 Thread 0x000002d07f842910 nmethod 9687 0x000002d06f318b10 code [0x000002d06f318ca0, 0x000002d06f318de8]
Event: 17.652 Thread 0x000002d07f842910 9688       1       org.gradle.api.internal.artifacts.transform.DefaultTransformerInvocationFactory$AbstractTransformerExecution::getInputFingerprinter (5 bytes)
Event: 17.652 Thread 0x000002d07f842910 nmethod 9688 0x000002d0761c0b10 code [0x000002d0761c0ca0, 0x000002d0761c0d78]
Event: 17.652 Thread 0x000002d07f842910 9690       2       org.gradle.internal.vfs.impl.AbstractVirtualFileSystem::lambda$store$1 (14 bytes)
Event: 17.653 Thread 0x000002d07f842910 nmethod 9690 0x000002d06f318e90 code [0x000002d06f319040, 0x000002d06f3191a8]
Event: 17.653 Thread 0x000002d07f842910 9691       2       org.gradle.internal.vfs.impl.AbstractVirtualFileSystem::storeIfUnchanged (45 bytes)
Event: 17.654 Thread 0x000002d07f842910 nmethod 9691 0x000002d06f319310 code [0x000002d06f319540, 0x000002d06f319b28]
Event: 17.654 Thread 0x000002d07f842910 9692       2       org.gradle.internal.vfs.impl.DefaultSnapshotHierarchy::store (61 bytes)
Event: 17.654 Thread 0x000002d07f842910 nmethod 9692 0x000002d06f319f10 code [0x000002d06f31a100, 0x000002d06f31a658]
Event: 17.654 Thread 0x000002d07f842910 9689       1       org.gradle.api.internal.artifacts.transform.DefaultTransformer::getInputArtifactNormalizer (5 bytes)
Event: 17.654 Thread 0x000002d07f842910 nmethod 9689 0x000002d0761c0e10 code [0x000002d0761c0fa0, 0x000002d0761c1078]
Event: 17.657 Thread 0x000002d07f842910 9694       2       org.gradle.api.internal.file.AbstractOpaqueFileCollection::visitContents (11 bytes)
Event: 17.657 Thread 0x000002d07f842910 nmethod 9694 0x000002d06f31a890 code [0x000002d06f31aa20, 0x000002d06f31ab68]
Event: 17.657 Thread 0x000002d07f842910 9695       2       org.gradle.api.internal.file.AbstractOpaqueFileCollection::iterator (10 bytes)
Event: 17.657 Thread 0x000002d07f842910 nmethod 9695 0x000002d06f31ac10 code [0x000002d06f31adc0, 0x000002d06f31af18]
Event: 17.661 Thread 0x000002d07f8216c0 nmethod 8966 0x000002d0761c1110 code [0x000002d0761c12c0, 0x000002d0761c2018]
Event: 17.661 Thread 0x000002d07f8216c0 8833       4       java.util.Arrays::binarySearch0 (95 bytes)
Event: 17.662 Thread 0x000002d07f842910 9698       2       com.google.common.cache.LocalCache$Segment::expand (282 bytes)

GC Heap History (20 events):
Event: 12.626 GC heap after
{Heap after GC invocations=23 (full 0):
 garbage-first heap   total 101376K, used 52813K [0x0000000080000000, 0x0000000100000000)
  region size 1024K, 4 young (4096K), 4 survivors (4096K)
 Metaspace       used 68202K, committed 68736K, reserved 1114112K
  class space    used 9058K, committed 9280K, reserved 1048576K
}
Event: 13.108 GC heap before
{Heap before GC invocations=24 (full 0):
 garbage-first heap   total 101376K, used 75341K [0x0000000080000000, 0x0000000100000000)
  region size 1024K, 27 young (27648K), 4 survivors (4096K)
 Metaspace       used 71501K, committed 72000K, reserved 1114112K
  class space    used 9501K, committed 9728K, reserved 1048576K
}
Event: 13.113 GC heap after
{Heap after GC invocations=25 (full 0):
 garbage-first heap   total 101376K, used 54053K [0x0000000080000000, 0x0000000100000000)
  region size 1024K, 3 young (3072K), 3 survivors (3072K)
 Metaspace       used 71501K, committed 72000K, reserved 1114112K
  class space    used 9501K, committed 9728K, reserved 1048576K
}
Event: 13.132 GC heap before
{Heap before GC invocations=25 (full 0):
 garbage-first heap   total 101376K, used 55077K [0x0000000080000000, 0x0000000100000000)
  region size 1024K, 4 young (4096K), 3 survivors (3072K)
 Metaspace       used 71661K, committed 72192K, reserved 1114112K
  class space    used 9524K, committed 9792K, reserved 1048576K
}
Event: 13.138 GC heap after
{Heap after GC invocations=26 (full 0):
 garbage-first heap   total 121856K, used 54369K [0x0000000080000000, 0x0000000100000000)
  region size 1024K, 1 young (1024K), 1 survivors (1024K)
 Metaspace       used 71661K, committed 72192K, reserved 1114112K
  class space    used 9524K, committed 9792K, reserved 1048576K
}
Event: 13.869 GC heap before
{Heap before GC invocations=26 (full 0):
 garbage-first heap   total 121856K, used 91233K [0x0000000080000000, 0x0000000100000000)
  region size 1024K, 37 young (37888K), 1 survivors (1024K)
 Metaspace       used 74703K, committed 75264K, reserved 1122304K
  class space    used 9924K, committed 10176K, reserved 1048576K
}
Event: 13.873 GC heap after
{Heap after GC invocations=27 (full 0):
 garbage-first heap   total 121856K, used 56123K [0x0000000080000000, 0x0000000100000000)
  region size 1024K, 3 young (3072K), 3 survivors (3072K)
 Metaspace       used 74703K, committed 75264K, reserved 1122304K
  class space    used 9924K, committed 10176K, reserved 1048576K
}
Event: 14.782 GC heap before
{Heap before GC invocations=27 (full 0):
 garbage-first heap   total 121856K, used 94011K [0x0000000080000000, 0x0000000100000000)
  region size 1024K, 40 young (40960K), 3 survivors (3072K)
 Metaspace       used 79294K, committed 79872K, reserved 1122304K
  class space    used 10764K, committed 11008K, reserved 1048576K
}
Event: 14.786 GC heap after
{Heap after GC invocations=28 (full 0):
 garbage-first heap   total 121856K, used 58308K [0x0000000080000000, 0x0000000100000000)
  region size 1024K, 5 young (5120K), 5 survivors (5120K)
 Metaspace       used 79294K, committed 79872K, reserved 1122304K
  class space    used 10764K, committed 11008K, reserved 1048576K
}
Event: 15.592 GC heap before
{Heap before GC invocations=28 (full 0):
 garbage-first heap   total 121856K, used 95172K [0x0000000080000000, 0x0000000100000000)
  region size 1024K, 41 young (41984K), 5 survivors (5120K)
 Metaspace       used 83152K, committed 83776K, reserved 1122304K
  class space    used 11332K, committed 11648K, reserved 1048576K
}
Event: 15.601 GC heap after
{Heap after GC invocations=29 (full 0):
 garbage-first heap   total 121856K, used 61274K [0x0000000080000000, 0x0000000100000000)
  region size 1024K, 6 young (6144K), 6 survivors (6144K)
 Metaspace       used 83152K, committed 83776K, reserved 1122304K
  class space    used 11332K, committed 11648K, reserved 1048576K
}
Event: 16.341 GC heap before
{Heap before GC invocations=29 (full 0):
 garbage-first heap   total 121856K, used 97114K [0x0000000080000000, 0x0000000100000000)
  region size 1024K, 41 young (41984K), 6 survivors (6144K)
 Metaspace       used 87402K, committed 88064K, reserved 1130496K
  class space    used 11938K, committed 12288K, reserved 1048576K
}
Event: 16.349 GC heap after
{Heap after GC invocations=30 (full 0):
 garbage-first heap   total 121856K, used 64382K [0x0000000080000000, 0x0000000100000000)
  region size 1024K, 6 young (6144K), 6 survivors (6144K)
 Metaspace       used 87402K, committed 88064K, reserved 1130496K
  class space    used 11938K, committed 12288K, reserved 1048576K
}
Event: 16.772 GC heap before
{Heap before GC invocations=31 (full 0):
 garbage-first heap   total 121856K, used 99198K [0x0000000080000000, 0x0000000100000000)
  region size 1024K, 40 young (40960K), 6 survivors (6144K)
 Metaspace       used 88234K, committed 88896K, reserved 1130496K
  class space    used 12035K, committed 12352K, reserved 1048576K
}
Event: 16.780 GC heap after
{Heap after GC invocations=32 (full 0):
 garbage-first heap   total 121856K, used 69378K [0x0000000080000000, 0x0000000100000000)
  region size 1024K, 5 young (5120K), 5 survivors (5120K)
 Metaspace       used 88234K, committed 88896K, reserved 1130496K
  class space    used 12035K, committed 12352K, reserved 1048576K
}
Event: 17.201 GC heap before
{Heap before GC invocations=32 (full 0):
 garbage-first heap   total 121856K, used 99074K [0x0000000080000000, 0x0000000100000000)
  region size 1024K, 34 young (34816K), 5 survivors (5120K)
 Metaspace       used 89602K, committed 90304K, reserved 1130496K
  class space    used 12288K, committed 12608K, reserved 1048576K
}
Event: 17.208 GC heap after
{Heap after GC invocations=33 (full 0):
 garbage-first heap   total 121856K, used 74223K [0x0000000080000000, 0x0000000100000000)
  region size 1024K, 5 young (5120K), 5 survivors (5120K)
 Metaspace       used 89602K, committed 90304K, reserved 1130496K
  class space    used 12288K, committed 12608K, reserved 1048576K
}
Event: 17.636 GC heap before
{Heap before GC invocations=34 (full 0):
 garbage-first heap   total 128000K, used 97775K [0x0000000080000000, 0x0000000100000000)
  region size 1024K, 29 young (29696K), 5 survivors (5120K)
 Metaspace       used 90279K, committed 90944K, reserved 1130496K
  class space    used 12385K, committed 12736K, reserved 1048576K
}
Event: 17.643 GC heap after
{Heap after GC invocations=35 (full 0):
 garbage-first heap   total 128000K, used 76871K [0x0000000080000000, 0x0000000100000000)
  region size 1024K, 3 young (3072K), 3 survivors (3072K)
 Metaspace       used 90279K, committed 90944K, reserved 1130496K
  class space    used 12385K, committed 12736K, reserved 1048576K
}
Event: 17.665 GC heap before
{Heap before GC invocations=35 (full 0):
 garbage-first heap   total 128000K, used 79943K [0x0000000080000000, 0x0000000100000000)
  region size 1024K, 6 young (6144K), 3 survivors (3072K)
 Metaspace       used 90298K, committed 91008K, reserved 1130496K
  class space    used 12385K, committed 12736K, reserved 1048576K
}

Dll operation events (2 events):
Event: 0.011 Loaded shared library D:\android\jbr\bin\java.dll
Event: 0.554 Loaded shared library D:\android\jbr\bin\verify.dll

Deoptimization events (20 events):
Event: 17.508 Thread 0x000002d009dd2bb0 DEOPT PACKING pc=0x000002d06e70a1d4 sp=0x000000f83d9fd9a0
Event: 17.508 Thread 0x000002d009dd2bb0 DEOPT UNPACKING pc=0x000002d075907143 sp=0x000000f83d9fcef8 mode 0
Event: 17.509 Thread 0x000002d009dd43c0 DEOPT PACKING pc=0x000002d075e90cb0 sp=0x000000f83e8fd470
Event: 17.509 Thread 0x000002d009dd43c0 DEOPT UNPACKING pc=0x000002d0759069a3 sp=0x000000f83e8fd3e0 mode 2
Event: 17.514 Thread 0x000002d00779a440 Uncommon trap: trap_request=0xffffff45 fr.pc=0x000002d075e90aa4 relative=0x0000000000001364
Event: 17.514 Thread 0x000002d00779a440 Uncommon trap: reason=unstable_if action=reinterpret pc=0x000002d075e90aa4 method=java.util.concurrent.ConcurrentHashMap.putVal(Ljava/lang/Object;Ljava/lang/Object;Z)Ljava/lang/Object; @ 97 c2
Event: 17.514 Thread 0x000002d00779a440 DEOPT PACKING pc=0x000002d075e90aa4 sp=0x000000f83a3fcfc0
Event: 17.514 Thread 0x000002d00779a440 DEOPT UNPACKING pc=0x000002d0759069a3 sp=0x000000f83a3fcf48 mode 2
Event: 17.556 Thread 0x000002d009d3b2d0 Uncommon trap: trap_request=0xffffff45 fr.pc=0x000002d076009ca4 relative=0x0000000000000564
Event: 17.556 Thread 0x000002d009d3b2d0 Uncommon trap: reason=unstable_if action=reinterpret pc=0x000002d076009ca4 method=java.lang.StringLatin1.compareToCI([B[B)I @ 68 c2
Event: 17.556 Thread 0x000002d009d3b2d0 DEOPT PACKING pc=0x000002d076009ca4 sp=0x000000f83a5fba00
Event: 17.556 Thread 0x000002d009d3b2d0 DEOPT UNPACKING pc=0x000002d0759069a3 sp=0x000000f83a5fb8f0 mode 2
Event: 17.562 Thread 0x000002d009d3a930 Uncommon trap: trap_request=0xffffff45 fr.pc=0x000002d075fad638 relative=0x00000000000004f8
Event: 17.562 Thread 0x000002d009d3a930 Uncommon trap: reason=unstable_if action=reinterpret pc=0x000002d075fad638 method=java.lang.StringLatin1.compareToCI([B[B)I @ 68 c2
Event: 17.562 Thread 0x000002d009d3a930 DEOPT PACKING pc=0x000002d075fad638 sp=0x000000f83bafb9f0
Event: 17.562 Thread 0x000002d009d3a930 DEOPT UNPACKING pc=0x000002d0759069a3 sp=0x000000f83bafb978 mode 2
Event: 17.594 Thread 0x000002d007798c30 DEOPT PACKING pc=0x000002d06e70a1d4 sp=0x000000f839efd860
Event: 17.594 Thread 0x000002d007798c30 DEOPT UNPACKING pc=0x000002d075907143 sp=0x000000f839efcdb8 mode 0
Event: 17.621 Thread 0x000002d009d6a100 DEOPT PACKING pc=0x000002d06f2ffe17 sp=0x000000f83c9fb5d0
Event: 17.621 Thread 0x000002d009d6a100 DEOPT UNPACKING pc=0x000002d075907143 sp=0x000000f83c9faa98 mode 0

Classes unloaded (0 events):
No events

Classes redefined (0 events):
No events

Internal exceptions (20 events):
Event: 17.025 Thread 0x000002d00857d450 Exception <a 'java/lang/NoSuchMethodError'{0x00000000861fd220}: static Lorg/gradle/internal/build/event/types/DefaultTaskStartedProgressEvent;.<clinit>()V> (0x00000000861fd220) 
thrown [s\src\hotspot\share\prims\jni.cpp, line 1108]
Event: 17.026 Thread 0x000002d00857d450 Exception <a 'java/lang/NoSuchMethodError'{0x00000000860098e8}: static Lorg/gradle/internal/build/event/types/DefaultTaskDescriptor;.<clinit>()V> (0x00000000860098e8) 
thrown [s\src\hotspot\share\prims\jni.cpp, line 1108]
Event: 17.064 Thread 0x000002d00857d450 Exception <a 'java/lang/NoSuchMethodError'{0x0000000085fa8f10}: static Lorg/gradle/internal/build/event/types/DefaultTaskFinishedProgressEvent;.<clinit>()V> (0x0000000085fa8f10) 
thrown [s\src\hotspot\share\prims\jni.cpp, line 1108]
Event: 17.067 Thread 0x000002d00857d450 Exception <a 'java/lang/NoSuchMethodError'{0x0000000085fd1f48}: static Lorg/gradle/internal/build/event/types/DefaultTaskSuccessResult;.<clinit>()V> (0x0000000085fd1f48) 
thrown [s\src\hotspot\share\prims\jni.cpp, line 1108]
Event: 17.067 Thread 0x000002d00857d450 Exception <a 'java/lang/NoSuchMethodError'{0x0000000085fd3650}: static Lorg/gradle/internal/build/event/types/AbstractTaskResult;.<clinit>()V> (0x0000000085fd3650) 
thrown [s\src\hotspot\share\prims\jni.cpp, line 1108]
Event: 17.082 Thread 0x000002d008906670 Exception <a 'sun/nio/fs/WindowsException'{0x0000000085e14c88}> (0x0000000085e14c88) 
thrown [s\src\hotspot\share\prims\jni.cpp, line 517]
Event: 17.086 Thread 0x000002d009dd3080 Exception <a 'java/lang/NoSuchMethodError'{0x0000000085d03470}: static Lcom/android/buildanalyzer/common/AndroidGradlePluginAttributionData$BuildInfo;.<clinit>()V> (0x0000000085d03470) 
thrown [s\src\hotspot\share\prims\jni.cpp, line 1108]
Event: 17.089 Thread 0x000002d009dd3080 Exception <a 'java/lang/NoSuchMethodError'{0x0000000085d1b408}: static Lcom/android/buildanalyzer/common/AndroidGradlePluginAttributionData$JavaInfo;.<clinit>()V> (0x0000000085d1b408) 
thrown [s\src\hotspot\share\prims\jni.cpp, line 1108]
Event: 17.094 Thread 0x000002d009dd3080 Exception <a 'java/lang/NoSuchMethodError'{0x0000000085d5d2f8}: static [Ljava/lang/String;.<clinit>()V> (0x0000000085d5d2f8) 
thrown [s\src\hotspot\share\prims\jni.cpp, line 1108]
Event: 17.097 Thread 0x000002d009dd3080 Exception <a 'java/lang/NoSuchMethodError'{0x0000000085d6c8a0}: static Lcom/android/buildanalyzer/common/AndroidGradlePluginAttributionData$TaskInfo;.<clinit>()V> (0x0000000085d6c8a0) 
thrown [s\src\hotspot\share\prims\jni.cpp, line 1108]
Event: 17.098 Thread 0x000002d00857d450 Exception <a 'java/lang/NoSuchMethodError'{0x0000000085d7e868}: static Lorg/gradle/internal/build/event/types/DefaultTaskSkippedResult;.<clinit>()V> (0x0000000085d7e868) 
thrown [s\src\hotspot\share\prims\jni.cpp, line 1108]
Event: 17.099 Thread 0x000002d009dd3080 Exception <a 'java/lang/NoSuchMethodError'{0x0000000085d8ae18}: static Lcom/android/buildanalyzer/common/AndroidGradlePluginAttributionData$TaskCategoryInfo;.<clinit>()V> (0x0000000085d8ae18) 
thrown [s\src\hotspot\share\prims\jni.cpp, line 1108]
Event: 17.117 Thread 0x000002d009dd3080 Exception <a 'java/lang/NoSuchMethodError'{0x0000000085dfe428}: 'void java.lang.invoke.DirectMethodHandle$Holder.invokeSpecial(java.lang.Object, java.lang.Object, java.lang.Object, int)'> (0x0000000085dfe428) 
thrown [s\src\hotspot\share\interpreter\linkResolver.cpp, line 771]
Event: 17.471 Thread 0x000002d008903180 Exception <a 'java/lang/NoSuchMethodError'{0x0000000087787200}: 'void java.lang.invoke.DirectMethodHandle$Holder.invokeStatic(java.lang.Object, java.lang.Object, java.lang.Object, java.lang.Object, int, java.lang.Object, java.lang.Object)'> (0x0000000087787200) 
thrown [s\src\hotspot\share\interpreter\linkResolver.cpp, line 771]
Event: 17.508 Thread 0x000002d00779a440 Exception <a 'java/lang/NoSuchMethodError'{0x000000008742e480}: 'java.lang.Object java.lang.invoke.DirectMethodHandle$Holder.invokeSpecialIFC(java.lang.Object, java.lang.Object, java.lang.Object)'> (0x000000008742e480) 
thrown [s\src\hotspot\share\interpreter\linkResolver.cpp, line 771]
Event: 17.508 Thread 0x000002d009dd43c0 Exception <a 'java/lang/NoSuchMethodError'{0x00000000874530b8}: 'java.lang.Object java.lang.invoke.DirectMethodHandle$Holder.invokeSpecialIFC(java.lang.Object, java.lang.Object, java.lang.Object)'> (0x00000000874530b8) 
thrown [s\src\hotspot\share\interpreter\linkResolver.cpp, line 771]
Event: 17.508 Thread 0x000002d009d6a100 Exception <a 'java/lang/NoSuchMethodError'{0x0000000087652410}: 'java.lang.Object java.lang.invoke.DirectMethodHandle$Holder.invokeSpecialIFC(java.lang.Object, java.lang.Object, java.lang.Object)'> (0x0000000087652410) 
thrown [s\src\hotspot\share\interpreter\linkResolver.cpp, line 771]
Event: 17.508 Thread 0x000002d008903180 Exception <a 'java/lang/NoSuchMethodError'{0x000000008762c660}: 'java.lang.Object java.lang.invoke.DirectMethodHandle$Holder.invokeSpecialIFC(java.lang.Object, java.lang.Object, java.lang.Object)'> (0x000000008762c660) 
thrown [s\src\hotspot\share\interpreter\linkResolver.cpp, line 771]
Event: 17.508 Thread 0x000002d009d69c30 Exception <a 'java/lang/NoSuchMethodError'{0x000000008765a3c8}: 'java.lang.Object java.lang.invoke.DirectMethodHandle$Holder.invokeSpecialIFC(java.lang.Object, java.lang.Object, java.lang.Object)'> (0x000000008765a3c8) 
thrown [s\src\hotspot\share\interpreter\linkResolver.cpp, line 771]
Event: 17.508 Thread 0x000002d009d3b2d0 Exception <a 'java/lang/NoSuchMethodError'{0x00000000873738b0}: 'java.lang.Object java.lang.invoke.DirectMethodHandle$Holder.invokeSpecialIFC(java.lang.Object, java.lang.Object, java.lang.Object)'> (0x00000000873738b0) 
thrown [s\src\hotspot\share\interpreter\linkResolver.cpp, line 771]

VM Operations (20 events):
Event: 16.452 Executing VM operation: G1Concurrent done
Event: 16.772 Executing VM operation: G1CollectForAllocation
Event: 16.780 Executing VM operation: G1CollectForAllocation done
Event: 16.981 Executing VM operation: HandshakeAllThreads
Event: 16.981 Executing VM operation: HandshakeAllThreads done
Event: 17.063 Executing VM operation: HandshakeAllThreads
Event: 17.063 Executing VM operation: HandshakeAllThreads done
Event: 17.139 Executing VM operation: ICBufferFull
Event: 17.140 Executing VM operation: ICBufferFull done
Event: 17.201 Executing VM operation: G1CollectForAllocation
Event: 17.208 Executing VM operation: G1CollectForAllocation done
Event: 17.290 Executing VM operation: G1Concurrent
Event: 17.295 Executing VM operation: G1Concurrent done
Event: 17.335 Executing VM operation: G1Concurrent
Event: 17.336 Executing VM operation: G1Concurrent done
Event: 17.567 Executing VM operation: ICBufferFull
Event: 17.568 Executing VM operation: ICBufferFull done
Event: 17.635 Executing VM operation: G1CollectForAllocation
Event: 17.643 Executing VM operation: G1CollectForAllocation done
Event: 17.665 Executing VM operation: G1CollectForAllocation

Events (20 events):
Event: 17.120 loading class java/io/ObjectInputStream$HandleTable
Event: 17.120 loading class java/io/ObjectInputStream$HandleTable done
Event: 17.120 loading class java/io/ObjectInputStream$HandleTable$HandleList
Event: 17.120 loading class java/io/ObjectInputStream$HandleTable$HandleList done
Event: 17.120 loading class java/io/ObjectInputStream$ValidationList
Event: 17.120 loading class java/io/ObjectInputStream$ValidationList done
Event: 17.120 loading class java/io/ObjectInputFilter$Config
Event: 17.121 loading class java/io/ObjectInputFilter$Config done
Event: 17.121 loading class java/io/ObjectInputFilter
Event: 17.121 loading class java/io/ObjectInputFilter done
Event: 17.122 loading class java/io/ObjectInputFilter$Config$BuiltinFilterFactory
Event: 17.122 loading class java/io/ObjectInputFilter$Config$BuiltinFilterFactory done
Event: 17.122 loading class jdk/internal/access/JavaObjectInputFilterAccess
Event: 17.122 loading class jdk/internal/access/JavaObjectInputFilterAccess done
Event: 17.122 loading class jdk/internal/event/DeserializationEvent
Event: 17.123 loading class jdk/internal/event/DeserializationEvent done
Event: 17.123 loading class java/io/ObjectInputStream$FieldValues
Event: 17.124 loading class java/io/ObjectInputStream$GetField
Event: 17.124 loading class java/io/ObjectInputStream$GetField done
Event: 17.124 loading class java/io/ObjectInputStream$FieldValues done


Dynamic libraries:
0x00007ff6d0590000 - 0x00007ff6d059a000 	D:\android\jbr\bin\java.exe
0x00007ffbc0290000 - 0x00007ffbc0488000 	C:\WINDOWS\SYSTEM32\ntdll.dll
0x00007ffbbf670000 - 0x00007ffbbf72d000 	C:\WINDOWS\System32\KERNEL32.DLL
0x00007ffbbdd80000 - 0x00007ffbbe076000 	C:\WINDOWS\System32\KERNELBASE.dll
0x00007ffbbe080000 - 0x00007ffbbe180000 	C:\WINDOWS\System32\ucrtbase.dll
0x00007ffb85170000 - 0x00007ffb8518b000 	D:\android\jbr\bin\VCRUNTIME140.dll
0x00007ffbae880000 - 0x00007ffbae897000 	D:\android\jbr\bin\jli.dll
0x00007ffbc0080000 - 0x00007ffbc021e000 	C:\WINDOWS\System32\USER32.dll
0x00007ffbbdd20000 - 0x00007ffbbdd42000 	C:\WINDOWS\System32\win32u.dll
0x00007ffbbf2d0000 - 0x00007ffbbf2fc000 	C:\WINDOWS\System32\GDI32.dll
0x00007ffbbdbb0000 - 0x00007ffbbdcca000 	C:\WINDOWS\System32\gdi32full.dll
0x00007ffba7f40000 - 0x00007ffba81da000 	C:\WINDOWS\WinSxS\amd64_microsoft.windows.common-controls_6595b64144ccf1df_6.0.19041.1110_none_60b5254171f9507e\COMCTL32.dll
0x00007ffbbdb10000 - 0x00007ffbbdbad000 	C:\WINDOWS\System32\msvcp_win.dll
0x00007ffbbf730000 - 0x00007ffbbf7ce000 	C:\WINDOWS\System32\msvcrt.dll
0x00007ffbbea00000 - 0x00007ffbbea30000 	C:\WINDOWS\System32\IMM32.DLL
0x00007ffb90ce0000 - 0x00007ffb90cec000 	D:\android\jbr\bin\vcruntime140_1.dll
0x00007ffb73330000 - 0x00007ffb733bd000 	D:\android\jbr\bin\msvcp140.dll
0x00007ffb1ebf0000 - 0x00007ffb1f85e000 	D:\android\jbr\bin\server\jvm.dll
0x00007ffbbf5b0000 - 0x00007ffbbf65e000 	C:\WINDOWS\System32\ADVAPI32.dll
0x00007ffbbfd40000 - 0x00007ffbbfddc000 	C:\WINDOWS\System32\sechost.dll
0x00007ffbbe2c0000 - 0x00007ffbbe3e6000 	C:\WINDOWS\System32\RPCRT4.dll
0x00007ffbb8390000 - 0x00007ffbb83b7000 	C:\WINDOWS\SYSTEM32\WINMM.dll
0x00007ffbb4a50000 - 0x00007ffbb4a5a000 	C:\WINDOWS\SYSTEM32\VERSION.dll
0x00007ffba1080000 - 0x00007ffba1089000 	C:\WINDOWS\SYSTEM32\WSOCK32.dll
0x00007ffbc0010000 - 0x00007ffbc007b000 	C:\WINDOWS\System32\WS2_32.dll
0x00007ffbbc160000 - 0x00007ffbbc172000 	C:\WINDOWS\SYSTEM32\kernel.appcore.dll
0x00007ffbbaab0000 - 0x00007ffbbaaba000 	D:\android\jbr\bin\jimage.dll
0x00007ffbbb690000 - 0x00007ffbbb874000 	C:\WINDOWS\SYSTEM32\DBGHELP.DLL
0x00007ffb9a8a0000 - 0x00007ffb9a8d4000 	C:\WINDOWS\SYSTEM32\dbgcore.DLL
0x00007ffbbe180000 - 0x00007ffbbe202000 	C:\WINDOWS\System32\bcryptPrimitives.dll
0x00007ffbb8ad0000 - 0x00007ffbb8af5000 	D:\android\jbr\bin\java.dll
0x00007ffbbaa00000 - 0x00007ffbbaa18000 	D:\android\jbr\bin\zip.dll
0x00007ffbbeb80000 - 0x00007ffbbf2c5000 	C:\WINDOWS\System32\SHELL32.dll
0x00007ffbbb9b0000 - 0x00007ffbbc14b000 	C:\WINDOWS\SYSTEM32\windows.storage.dll
0x00007ffbbf8f0000 - 0x00007ffbbfc44000 	C:\WINDOWS\System32\combase.dll
0x00007ffbbd310000 - 0x00007ffbbd33e000 	C:\WINDOWS\SYSTEM32\Wldp.dll
0x00007ffbbe870000 - 0x00007ffbbe91d000 	C:\WINDOWS\System32\SHCORE.dll
0x00007ffbbf890000 - 0x00007ffbbf8e5000 	C:\WINDOWS\System32\shlwapi.dll
0x00007ffbbd870000 - 0x00007ffbbd895000 	C:\WINDOWS\SYSTEM32\profapi.dll
0x00007ffbb8ab0000 - 0x00007ffbb8ac9000 	D:\android\jbr\bin\net.dll
0x00007ffbb8670000 - 0x00007ffbb877a000 	C:\WINDOWS\SYSTEM32\WINHTTP.dll
0x00007ffbbd070000 - 0x00007ffbbd0da000 	C:\WINDOWS\system32\mswsock.dll
0x00007ffbb48a0000 - 0x00007ffbb48b6000 	D:\android\jbr\bin\nio.dll
0x00007ffbbaaa0000 - 0x00007ffbbaab0000 	D:\android\jbr\bin\verify.dll
0x00007ffb8d850000 - 0x00007ffb8d877000 	C:\Users\DELL\.gradle\native\68d5fa5c4cc2d200863cafc0d521ce42e7d3e7ee720ec0a83991735586a16f82\windows-amd64\native-platform.dll
0x00007ffb459d0000 - 0x00007ffb45b14000 	C:\Users\DELL\.gradle\native\e376f236ea51e6404a007f0833ffe2c6e607c4080706a723a18a27aeea778392\windows-amd64\native-platform-file-events.dll
0x00007ffbbaa70000 - 0x00007ffbbaa79000 	D:\android\jbr\bin\management.dll
0x00007ffbb8f70000 - 0x00007ffbb8f7b000 	D:\android\jbr\bin\management_ext.dll
0x00007ffbbe860000 - 0x00007ffbbe868000 	C:\WINDOWS\System32\PSAPI.DLL
0x00007ffbbd270000 - 0x00007ffbbd288000 	C:\WINDOWS\SYSTEM32\CRYPTSP.dll
0x00007ffbbc920000 - 0x00007ffbbc954000 	C:\WINDOWS\system32\rsaenh.dll
0x00007ffbbdd50000 - 0x00007ffbbdd77000 	C:\WINDOWS\System32\bcrypt.dll
0x00007ffbbd830000 - 0x00007ffbbd85e000 	C:\WINDOWS\SYSTEM32\USERENV.dll
0x00007ffbbd260000 - 0x00007ffbbd26c000 	C:\WINDOWS\SYSTEM32\CRYPTBASE.dll
0x00007ffbbcd60000 - 0x00007ffbbcd9b000 	C:\WINDOWS\SYSTEM32\IPHLPAPI.DLL
0x00007ffbbeb70000 - 0x00007ffbbeb78000 	C:\WINDOWS\System32\NSI.dll
0x00007ffbb4aa0000 - 0x00007ffbb4ab7000 	C:\WINDOWS\SYSTEM32\dhcpcsvc6.DLL
0x00007ffbb4a80000 - 0x00007ffbb4a9d000 	C:\WINDOWS\SYSTEM32\dhcpcsvc.DLL
0x00007ffbbcda0000 - 0x00007ffbbce6a000 	C:\WINDOWS\SYSTEM32\DNSAPI.dll
0x00007ffb87660000 - 0x00007ffb87667000 	C:\WINDOWS\system32\wshunix.dll

dbghelp: loaded successfully - version: 4.0.5 - missing functions: none
symbol engine: initialized successfully - sym options: 0x614 - pdb path: .;D:\android\jbr\bin;C:\WINDOWS\SYSTEM32;C:\WINDOWS\WinSxS\amd64_microsoft.windows.common-controls_6595b64144ccf1df_6.0.19041.1110_none_60b5254171f9507e;D:\android\jbr\bin\server;C:\Users\DELL\.gradle\native\68d5fa5c4cc2d200863cafc0d521ce42e7d3e7ee720ec0a83991735586a16f82\windows-amd64;C:\Users\DELL\.gradle\native\e376f236ea51e6404a007f0833ffe2c6e607c4080706a723a18a27aeea778392\windows-amd64

VM Arguments:
jvm_args: --add-opens=java.base/java.util=ALL-UNNAMED --add-opens=java.base/java.lang=ALL-UNNAMED --add-opens=java.base/java.lang.invoke=ALL-UNNAMED --add-opens=java.prefs/java.util.prefs=ALL-UNNAMED --add-opens=java.base/java.nio.charset=ALL-UNNAMED --add-opens=java.base/java.net=ALL-UNNAMED --add-opens=java.base/java.util.concurrent.atomic=ALL-UNNAMED -Xmx2048m -Dfile.encoding=UTF-8 -Duser.country=FR -Duser.language=fr -Duser.variant 
java_command: org.gradle.launcher.daemon.bootstrap.GradleDaemon 8.0
java_class_path (initial): C:\Users\DELL\.gradle\wrapper\dists\gradle-8.0-bin\ca5e32bp14vu59qr306oxotwh\gradle-8.0\lib\gradle-launcher-8.0.jar
Launcher Type: SUN_STANDARD

[Global flags]
     intx CICompilerCount                          = 4                                         {product} {ergonomic}
     uint ConcGCThreads                            = 2                                         {product} {ergonomic}
     uint G1ConcRefinementThreads                  = 8                                         {product} {ergonomic}
   size_t G1HeapRegionSize                         = 1048576                                   {product} {ergonomic}
    uintx GCDrainStackTargetSize                   = 64                                        {product} {ergonomic}
   size_t InitialHeapSize                          = 130023424                                 {product} {ergonomic}
   size_t MarkStackSize                            = 4194304                                   {product} {ergonomic}
   size_t MaxHeapSize                              = 2147483648                                {product} {command line}
   size_t MaxNewSize                               = 1287651328                                {product} {ergonomic}
   size_t MinHeapDeltaBytes                        = 1048576                                   {product} {ergonomic}
   size_t MinHeapSize                              = 8388608                                   {product} {ergonomic}
    uintx NonNMethodCodeHeapSize                   = 5839372                                {pd product} {ergonomic}
    uintx NonProfiledCodeHeapSize                  = 122909434                              {pd product} {ergonomic}
    uintx ProfiledCodeHeapSize                     = 122909434                              {pd product} {ergonomic}
    uintx ReservedCodeCacheSize                    = 251658240                              {pd product} {ergonomic}
     bool SegmentedCodeCache                       = true                                      {product} {ergonomic}
   size_t SoftMaxHeapSize                          = 2147483648                             {manageable} {ergonomic}
     bool UseCompressedClassPointers               = true                           {product lp64_product} {ergonomic}
     bool UseCompressedOops                        = true                           {product lp64_product} {ergonomic}
     bool UseG1GC                                  = true                                      {product} {ergonomic}
     bool UseLargePagesIndividualAllocation        = false                                  {pd product} {ergonomic}

Logging:
Log output configuration:
 #0: stdout all=warning uptime,level,tags
 #1: stderr all=off uptime,level,tags

Environment Variables:
JAVA_HOME=C:\Program Files\Java\jdk-18
PATH=C:\Python311\Scripts\;C:\Python311\;C:\Program Files\Common Files\Oracle\Java\javapath;C:\app\WINDOWS.X64_193000_db_home\bin;C:\WINDOWS\system32;C:\WINDOWS;C:\WINDOWS\System32\Wbem;C:\WINDOWS\System32\WindowsPowerShell\v1.0\;C:\WINDOWS\System32\OpenSSH\;C:\CamlLight\bin;C:\Program Files\Java\jdk-18\bin;C:\Program Files (x86)\dotnet\;C:\composer;C:\Program Files\Git\cmd;D:\apache-maven-3.8.7\bin;D:\;C:\ProgramData\chocolatey\bin;C:\ProgramData\ComposerSetup\bin;C:\wamp640\bin\php\php8.1.0;C:\Program Files (x86)\Microsoft SQL Server\160\Tools\Binn\;C:\Program Files\Microsoft SQL Server\160\Tools\Binn\;C:\Program Files\Microsoft SQL Server\Client SDK\ODBC\170\Tools\Binn\;C:\Program Files\Microsoft SQL Server\160\DTS\Binn\;C:\Program Files (x86)\PuTTY\;C:\Users\DELL\scoop\shims;C:\Users\DELL\AppData\Local\Programs\Python\Python37\Scripts\;C:\Users\DELL\AppData\Local\Programs\Python\Python37\;C:\Users\DELL\AppData\Local\Microsoft\WindowsApps;C:\Users\DELL\AppData\Local\Programs\Microsoft VS Code\bin;C:\wamp640\bin\mysql\mysql5.7.36\bin;C:\Users\DELL\AppData\Roaming\Composer\vendor\bin;C:\Users\DELL\AppData\Roaming\npm
USERNAME=DELL
OS=Windows_NT
PROCESSOR_IDENTIFIER=Intel64 Family 6 Model 142 Stepping 12, GenuineIntel
TMP=C:\Users\DELL\AppData\Local\Temp
TEMP=C:\Users\DELL\AppData\Local\Temp


JNI global refs:
JNI global refs: 26, weak refs: 23

JNI global refs memory usage: 843, weak refs: 841


---------------  S Y S T E M  ---------------

OS:
 Windows 10 , 64 bit Build 19041 (10.0.19041.3393)
OS uptime: 0 days 20:10 hours

CPU: total 8 (initial active 8) (4 cores per cpu, 2 threads per core) family 6 model 142 stepping 12 microcode 0xea, cx8, cmov, fxsr, ht, mmx, 3dnowpref, sse, sse2, sse3, ssse3, sse4.1, sse4.2, popcnt, lzcnt, tsc, tscinvbit, avx, avx2, aes, erms, clmul, bmi1, bmi2, adx, fma, vzeroupper, clflush, clflushopt

Memory: 4k page, system-wide physical 7934M (233M free)
TotalPageFile size 16142M (AvailPageFile size 41M)
current process WorkingSet (physical memory assigned to process): 351M, peak: 353M
current process commit charge ("private bytes"): 387M, peak: 483M

vm_info: OpenJDK 64-Bit Server VM (17.0.6+0-b2043.56-10027231) for windows-amd64 JRE (17.0.6+0-b2043.56-10027231), built on Apr 28 2023 00:43:19 by "androidbuild" with MS VC++ 16.10 / 16.11 (VS2019)

END.
